<?xml version="1.0" encoding="UTF-8"?>
<coverage generated="1777420557049" clover="3.2.0">
  <project timestamp="1777420557050" name="All files">
    <metrics statements="762" coveredstatements="648" conditionals="158" coveredconditionals="111" methods="91" coveredmethods="88" elements="1011" coveredelements="847" complexity="0" loc="762" ncloc="762" packages="5" files="19" classes="19"/>
    <package name="config">
      <metrics statements="10" coveredstatements="7" conditionals="6" coveredconditionals="2" methods="1" coveredmethods="1"/>
      <file name="db.js" path="C:\FeriaApp\backend\src\config\db.js">
        <metrics statements="10" coveredstatements="7" conditionals="6" coveredconditionals="2" methods="1" coveredmethods="1"/>
        <line num="1" count="8" type="stmt"/>
        <line num="3" count="8" type="stmt"/>
        <line num="4" count="8" type="stmt"/>
        <line num="5" count="8" type="cond" truecount="1" falsecount="1"/>
        <line num="8" count="8" type="stmt"/>
        <line num="9" count="8" type="stmt"/>
        <line num="11" count="0" type="stmt"/>
        <line num="12" count="0" type="cond" truecount="0" falsecount="2"/>
        <line num="13" count="0" type="stmt"/>
        <line num="18" count="8" type="stmt"/>
      </file>
    </package>
    <package name="controllers">
      <metrics statements="582" coveredstatements="472" conditionals="140" coveredconditionals="99" methods="85" coveredmethods="82"/>
      <file name="authController.js" path="C:\FeriaApp\backend\src\controllers\authController.js">
        <metrics statements="23" coveredstatements="21" conditionals="8" coveredconditionals="7" methods="3" coveredmethods="3"/>
        <line num="1" count="8" type="stmt"/>
        <line num="2" count="8" type="stmt"/>
        <line num="5" count="8" type="stmt"/>
        <line num="6" count="26" type="stmt"/>
        <line num="14" count="8" type="stmt"/>
        <line num="15" count="31" type="stmt"/>
        <line num="16" count="31" type="stmt"/>
        <line num="18" count="31" type="cond" truecount="3" falsecount="1"/>
        <line num="19" count="0" type="stmt"/>
        <line num="22" count="31" type="stmt"/>
        <line num="24" count="31" type="cond" truecount="2" falsecount="0"/>
        <line num="25" count="2" type="stmt"/>
        <line num="28" count="29" type="stmt"/>
        <line num="30" count="28" type="cond" truecount="2" falsecount="0"/>
        <line num="31" count="2" type="stmt"/>
        <line num="34" count="26" type="stmt"/>
        <line num="42" count="1" type="stmt"/>
        <line num="49" count="8" type="stmt"/>
        <line num="50" count="5" type="stmt"/>
        <line num="51" count="5" type="stmt"/>
        <line num="52" count="5" type="stmt"/>
        <line num="54" count="0" type="stmt"/>
        <line num="58" count="8" type="stmt"/>
      </file>
      <file name="casetaController.js" path="C:\FeriaApp\backend\src\controllers\casetaController.js">
        <metrics statements="170" coveredstatements="131" conditionals="38" coveredconditionals="25" methods="24" coveredmethods="22"/>
        <line num="1" count="8" type="stmt"/>
        <line num="2" count="8" type="stmt"/>
        <line num="7" count="8" type="stmt"/>
        <line num="8" count="17" type="stmt"/>
        <line num="9" count="17" type="stmt"/>
        <line num="10" count="17" type="cond" truecount="1" falsecount="1"/>
        <line num="11" count="17" type="cond" truecount="1" falsecount="1"/>
        <line num="13" count="17" type="cond" truecount="2" falsecount="0"/>
        <line num="14" count="17" type="cond" truecount="2" falsecount="0"/>
        <line num="15" count="17" type="stmt"/>
        <line num="17" count="17" type="stmt"/>
        <line num="18" count="17" type="stmt"/>
        <line num="24" count="17" type="stmt"/>
        <line num="35" count="0" type="stmt"/>
        <line num="42" count="8" type="stmt"/>
        <line num="43" count="3" type="stmt"/>
        <line num="44" count="3" type="stmt"/>
        <line num="45" count="1" type="cond" truecount="1" falsecount="1"/>
        <line num="46" count="1" type="stmt"/>
        <line num="48" count="0" type="stmt"/>
        <line num="54" count="0" type="stmt"/>
        <line num="61" count="8" type="stmt"/>
        <line num="62" count="15" type="stmt"/>
        <line num="63" count="15" type="stmt"/>
        <line num="64" count="15" type="cond" truecount="1" falsecount="1"/>
        <line num="65" count="0" type="stmt"/>
        <line num="67" count="15" type="stmt"/>
        <line num="68" count="15" type="stmt"/>
        <line num="74" count="0" type="cond" truecount="0" falsecount="2"/>
        <line num="75" count="0" type="stmt"/>
        <line num="77" count="0" type="stmt"/>
        <line num="84" count="8" type="stmt"/>
        <line num="85" count="10" type="stmt"/>
        <line num="86" count="10" type="stmt"/>
        <line num="87" count="10" type="cond" truecount="1" falsecount="1"/>
        <line num="88" count="0" type="stmt"/>
        <line num="90" count="10" type="stmt"/>
        <line num="94" count="8" type="cond" truecount="2" falsecount="0"/>
        <line num="95" count="2" type="stmt"/>
        <line num="97" count="6" type="stmt"/>
        <line num="103" count="0" type="cond" truecount="0" falsecount="2"/>
        <line num="104" count="0" type="stmt"/>
        <line num="106" count="0" type="stmt"/>
        <line num="113" count="8" type="stmt"/>
        <line num="114" count="8" type="stmt"/>
        <line num="115" count="8" type="stmt"/>
        <line num="116" count="6" type="cond" truecount="2" falsecount="0"/>
        <line num="117" count="2" type="stmt"/>
        <line num="119" count="4" type="stmt"/>
        <line num="125" count="0" type="stmt"/>
        <line num="132" count="8" type="stmt"/>
        <line num="133" count="1" type="stmt"/>
        <line num="134" count="1" type="stmt"/>
        <line num="137" count="1" type="stmt"/>
        <line num="143" count="0" type="stmt"/>
        <line num="150" count="8" type="stmt"/>
        <line num="151" count="1" type="stmt"/>
        <line num="152" count="1" type="stmt"/>
        <line num="155" count="1" type="stmt"/>
        <line num="161" count="0" type="stmt"/>
        <line num="168" count="8" type="stmt"/>
        <line num="169" count="1" type="stmt"/>
        <line num="170" count="1" type="stmt"/>
        <line num="173" count="1" type="stmt"/>
        <line num="179" count="0" type="stmt"/>
        <line num="186" count="8" type="stmt"/>
        <line num="187" count="1" type="stmt"/>
        <line num="188" count="1" type="stmt"/>
        <line num="191" count="1" type="stmt"/>
        <line num="197" count="0" type="stmt"/>
        <line num="204" count="8" type="stmt"/>
        <line num="205" count="1" type="stmt"/>
        <line num="206" count="1" type="stmt"/>
        <line num="209" count="1" type="cond" truecount="1" falsecount="1"/>
        <line num="210" count="1" type="stmt"/>
        <line num="216" count="0" type="stmt"/>
        <line num="223" count="8" type="stmt"/>
        <line num="224" count="1" type="stmt"/>
        <line num="225" count="1" type="stmt"/>
        <line num="229" count="1" type="stmt"/>
        <line num="235" count="0" type="stmt"/>
        <line num="242" count="8" type="stmt"/>
        <line num="243" count="3" type="stmt"/>
        <line num="244" count="3" type="stmt"/>
        <line num="245" count="3" type="stmt"/>
        <line num="246" count="3" type="stmt"/>
        <line num="247" count="2" type="cond" truecount="2" falsecount="0"/>
        <line num="248" count="1" type="stmt"/>
        <line num="249" count="1" type="stmt"/>
        <line num="250" count="1" type="stmt"/>
        <line num="256" count="0" type="stmt"/>
        <line num="263" count="8" type="stmt"/>
        <line num="264" count="1" type="stmt"/>
        <line num="265" count="1" type="stmt"/>
        <line num="289" count="1" type="stmt"/>
        <line num="295" count="0" type="stmt"/>
        <line num="302" count="8" type="stmt"/>
        <line num="303" count="0" type="stmt"/>
        <line num="304" count="0" type="stmt"/>
        <line num="305" count="0" type="stmt"/>
        <line num="308" count="0" type="stmt"/>
        <line num="314" count="0" type="stmt"/>
        <line num="321" count="8" type="stmt"/>
        <line num="322" count="0" type="stmt"/>
        <line num="323" count="0" type="stmt"/>
        <line num="324" count="0" type="stmt"/>
        <line num="327" count="0" type="stmt"/>
        <line num="333" count="0" type="stmt"/>
        <line num="340" count="8" type="stmt"/>
        <line num="341" count="2" type="stmt"/>
        <line num="342" count="2" type="stmt"/>
        <line num="343" count="2" type="stmt"/>
        <line num="346" count="2" type="cond" truecount="2" falsecount="0"/>
        <line num="347" count="1" type="stmt"/>
        <line num="353" count="0" type="stmt"/>
        <line num="360" count="8" type="stmt"/>
        <line num="361" count="2" type="stmt"/>
        <line num="362" count="2" type="stmt"/>
        <line num="363" count="2" type="stmt"/>
        <line num="366" count="2" type="cond" truecount="2" falsecount="0"/>
        <line num="367" count="1" type="stmt"/>
        <line num="373" count="0" type="stmt"/>
        <line num="380" count="8" type="stmt"/>
        <line num="381" count="1" type="stmt"/>
        <line num="382" count="1" type="stmt"/>
        <line num="383" count="1" type="stmt"/>
        <line num="386" count="1" type="stmt"/>
        <line num="392" count="0" type="stmt"/>
        <line num="399" count="8" type="stmt"/>
        <line num="400" count="1" type="stmt"/>
        <line num="401" count="1" type="stmt"/>
        <line num="402" count="1" type="stmt"/>
        <line num="403" count="1" type="stmt"/>
        <line num="409" count="0" type="stmt"/>
        <line num="416" count="8" type="stmt"/>
        <line num="417" count="1" type="stmt"/>
        <line num="418" count="1" type="stmt"/>
        <line num="419" count="1" type="stmt"/>
        <line num="423" count="1" type="stmt"/>
        <line num="429" count="0" type="stmt"/>
        <line num="436" count="8" type="stmt"/>
        <line num="437" count="1" type="stmt"/>
        <line num="438" count="1" type="stmt"/>
        <line num="439" count="1" type="stmt"/>
        <line num="443" count="1" type="stmt"/>
        <line num="449" count="0" type="stmt"/>
        <line num="456" count="8" type="stmt"/>
        <line num="457" count="1" type="stmt"/>
        <line num="458" count="1" type="stmt"/>
        <line num="459" count="1" type="stmt"/>
        <line num="462" count="1" type="stmt"/>
        <line num="468" count="0" type="stmt"/>
        <line num="475" count="8" type="stmt"/>
        <line num="476" count="1" type="stmt"/>
        <line num="477" count="1" type="stmt"/>
        <line num="478" count="1" type="stmt"/>
        <line num="479" count="1" type="stmt"/>
        <line num="485" count="0" type="stmt"/>
        <line num="492" count="8" type="stmt"/>
        <line num="493" count="2" type="stmt"/>
        <line num="494" count="2" type="stmt"/>
        <line num="495" count="2" type="stmt"/>
        <line num="496" count="2" type="stmt"/>
        <line num="497" count="2" type="cond" truecount="2" falsecount="0"/>
        <line num="498" count="1" type="stmt"/>
        <line num="499" count="1" type="stmt"/>
        <line num="500" count="1" type="stmt"/>
        <line num="504" count="1" type="stmt"/>
        <line num="518" count="0" type="stmt"/>
        <line num="522" count="8" type="stmt"/>
      </file>
      <file name="concertController.js" path="C:\FeriaApp\backend\src\controllers\concertController.js">
        <metrics statements="118" coveredstatements="94" conditionals="28" coveredconditionals="20" methods="17" coveredmethods="16"/>
        <line num="1" count="8" type="stmt"/>
        <line num="6" count="8" type="stmt"/>
        <line num="7" count="17" type="stmt"/>
        <line num="8" count="17" type="stmt"/>
        <line num="9" count="17" type="cond" truecount="1" falsecount="1"/>
        <line num="11" count="17" type="cond" truecount="2" falsecount="0"/>
        <line num="12" count="17" type="cond" truecount="2" falsecount="0"/>
        <line num="13" count="17" type="stmt"/>
        <line num="15" count="17" type="stmt"/>
        <line num="16" count="17" type="stmt"/>
        <line num="22" count="17" type="stmt"/>
        <line num="33" count="0" type="stmt"/>
        <line num="40" count="8" type="stmt"/>
        <line num="41" count="0" type="stmt"/>
        <line num="42" count="0" type="stmt"/>
        <line num="43" count="0" type="stmt"/>
        <line num="49" count="0" type="stmt"/>
        <line num="56" count="8" type="stmt"/>
        <line num="57" count="11" type="stmt"/>
        <line num="58" count="11" type="stmt"/>
        <line num="59" count="11" type="stmt"/>
        <line num="65" count="0" type="cond" truecount="0" falsecount="2"/>
        <line num="66" count="0" type="stmt"/>
        <line num="68" count="0" type="stmt"/>
        <line num="75" count="8" type="stmt"/>
        <line num="76" count="9" type="stmt"/>
        <line num="77" count="9" type="stmt"/>
        <line num="81" count="7" type="cond" truecount="2" falsecount="0"/>
        <line num="82" count="2" type="stmt"/>
        <line num="84" count="5" type="stmt"/>
        <line num="90" count="0" type="cond" truecount="0" falsecount="2"/>
        <line num="91" count="0" type="stmt"/>
        <line num="93" count="0" type="stmt"/>
        <line num="100" count="8" type="stmt"/>
        <line num="101" count="7" type="stmt"/>
        <line num="102" count="7" type="stmt"/>
        <line num="103" count="5" type="cond" truecount="2" falsecount="0"/>
        <line num="104" count="2" type="stmt"/>
        <line num="106" count="3" type="stmt"/>
        <line num="112" count="0" type="stmt"/>
        <line num="119" count="8" type="stmt"/>
        <line num="120" count="1" type="stmt"/>
        <line num="121" count="1" type="stmt"/>
        <line num="124" count="1" type="stmt"/>
        <line num="130" count="0" type="stmt"/>
        <line num="137" count="8" type="stmt"/>
        <line num="138" count="1" type="stmt"/>
        <line num="139" count="1" type="stmt"/>
        <line num="142" count="1" type="stmt"/>
        <line num="148" count="0" type="stmt"/>
        <line num="155" count="8" type="stmt"/>
        <line num="156" count="1" type="stmt"/>
        <line num="157" count="1" type="stmt"/>
        <line num="158" count="1" type="stmt"/>
        <line num="159" count="1" type="cond" truecount="1" falsecount="1"/>
        <line num="160" count="1" type="cond" truecount="1" falsecount="1"/>
        <line num="161" count="1" type="stmt"/>
        <line num="164" count="1" type="stmt"/>
        <line num="170" count="0" type="stmt"/>
        <line num="177" count="8" type="stmt"/>
        <line num="178" count="1" type="stmt"/>
        <line num="179" count="1" type="stmt"/>
        <line num="182" count="1" type="stmt"/>
        <line num="188" count="0" type="stmt"/>
        <line num="195" count="8" type="stmt"/>
        <line num="196" count="1" type="stmt"/>
        <line num="197" count="1" type="stmt"/>
        <line num="200" count="1" type="stmt"/>
        <line num="206" count="0" type="stmt"/>
        <line num="213" count="8" type="stmt"/>
        <line num="214" count="1" type="stmt"/>
        <line num="215" count="1" type="stmt"/>
        <line num="239" count="1" type="stmt"/>
        <line num="245" count="0" type="stmt"/>
        <line num="252" count="8" type="stmt"/>
        <line num="253" count="1" type="stmt"/>
        <line num="254" count="1" type="stmt"/>
        <line num="257" count="1" type="stmt"/>
        <line num="263" count="0" type="stmt"/>
        <line num="270" count="8" type="stmt"/>
        <line num="271" count="1" type="stmt"/>
        <line num="272" count="1" type="stmt"/>
        <line num="301" count="1" type="stmt"/>
        <line num="307" count="0" type="stmt"/>
        <line num="314" count="8" type="stmt"/>
        <line num="315" count="3" type="stmt"/>
        <line num="316" count="3" type="stmt"/>
        <line num="317" count="2" type="cond" truecount="2" falsecount="0"/>
        <line num="318" count="1" type="stmt"/>
        <line num="324" count="0" type="stmt"/>
        <line num="331" count="8" type="stmt"/>
        <line num="332" count="2" type="stmt"/>
        <line num="333" count="2" type="stmt"/>
        <line num="334" count="2" type="cond" truecount="2" falsecount="0"/>
        <line num="335" count="1" type="stmt"/>
        <line num="336" count="1" type="stmt"/>
        <line num="337" count="1" type="stmt"/>
        <line num="338" count="1" type="stmt"/>
        <line num="339" count="1" type="stmt"/>
        <line num="343" count="1" type="stmt"/>
        <line num="349" count="0" type="stmt"/>
        <line num="356" count="8" type="stmt"/>
        <line num="357" count="2" type="stmt"/>
        <line num="358" count="2" type="stmt"/>
        <line num="359" count="2" type="cond" truecount="2" falsecount="0"/>
        <line num="360" count="1" type="cond" truecount="1" falsecount="1"/>
        <line num="361" count="1" type="stmt"/>
        <line num="365" count="1" type="stmt"/>
        <line num="371" count="0" type="stmt"/>
        <line num="378" count="8" type="stmt"/>
        <line num="379" count="2" type="stmt"/>
        <line num="380" count="2" type="stmt"/>
        <line num="381" count="2" type="stmt"/>
        <line num="382" count="2" type="cond" truecount="2" falsecount="0"/>
        <line num="383" count="1" type="stmt"/>
        <line num="386" count="1" type="stmt"/>
        <line num="392" count="0" type="stmt"/>
        <line num="396" count="8" type="stmt"/>
      </file>
      <file name="fairController.js" path="C:\FeriaApp\backend\src\controllers\fairController.js">
        <metrics statements="150" coveredstatements="128" conditionals="30" coveredconditionals="21" methods="23" coveredmethods="23"/>
        <line num="1" count="8" type="stmt"/>
        <line num="6" count="8" type="stmt"/>
        <line num="7" count="11" type="stmt"/>
        <line num="8" count="11" type="stmt"/>
        <line num="9" count="11" type="cond" truecount="1" falsecount="1"/>
        <line num="11" count="11" type="cond" truecount="2" falsecount="0"/>
        <line num="12" count="11" type="cond" truecount="2" falsecount="0"/>
        <line num="13" count="11" type="stmt"/>
        <line num="15" count="11" type="stmt"/>
        <line num="16" count="11" type="stmt"/>
        <line num="21" count="11" type="stmt"/>
        <line num="32" count="0" type="stmt"/>
        <line num="39" count="8" type="stmt"/>
        <line num="40" count="3" type="stmt"/>
        <line num="41" count="3" type="stmt"/>
        <line num="42" count="2" type="cond" truecount="1" falsecount="1"/>
        <line num="43" count="2" type="stmt"/>
        <line num="45" count="0" type="stmt"/>
        <line num="51" count="0" type="stmt"/>
        <line num="58" count="8" type="stmt"/>
        <line num="59" count="14" type="stmt"/>
        <line num="60" count="14" type="stmt"/>
        <line num="61" count="13" type="stmt"/>
        <line num="67" count="1" type="cond" truecount="1" falsecount="1"/>
        <line num="68" count="1" type="stmt"/>
        <line num="70" count="0" type="stmt"/>
        <line num="77" count="8" type="stmt"/>
        <line num="78" count="11" type="stmt"/>
        <line num="79" count="11" type="stmt"/>
        <line num="83" count="9" type="cond" truecount="2" falsecount="0"/>
        <line num="84" count="2" type="stmt"/>
        <line num="86" count="7" type="stmt"/>
        <line num="92" count="0" type="cond" truecount="0" falsecount="2"/>
        <line num="93" count="0" type="stmt"/>
        <line num="95" count="0" type="stmt"/>
        <line num="102" count="8" type="stmt"/>
        <line num="103" count="6" type="stmt"/>
        <line num="104" count="6" type="stmt"/>
        <line num="105" count="4" type="cond" truecount="2" falsecount="0"/>
        <line num="106" count="2" type="stmt"/>
        <line num="108" count="2" type="stmt"/>
        <line num="114" count="0" type="stmt"/>
        <line num="121" count="8" type="stmt"/>
        <line num="122" count="1" type="stmt"/>
        <line num="123" count="1" type="stmt"/>
        <line num="124" count="1" type="stmt"/>
        <line num="130" count="0" type="stmt"/>
        <line num="137" count="8" type="stmt"/>
        <line num="138" count="1" type="stmt"/>
        <line num="139" count="1" type="stmt"/>
        <line num="142" count="1" type="stmt"/>
        <line num="148" count="0" type="stmt"/>
        <line num="155" count="8" type="stmt"/>
        <line num="156" count="1" type="stmt"/>
        <line num="157" count="1" type="stmt"/>
        <line num="158" count="1" type="stmt"/>
        <line num="159" count="1" type="cond" truecount="1" falsecount="1"/>
        <line num="160" count="1" type="cond" truecount="1" falsecount="1"/>
        <line num="161" count="1" type="stmt"/>
        <line num="162" count="1" type="stmt"/>
        <line num="168" count="0" type="stmt"/>
        <line num="175" count="8" type="stmt"/>
        <line num="176" count="1" type="stmt"/>
        <line num="177" count="1" type="stmt"/>
        <line num="178" count="1" type="cond" truecount="1" falsecount="1"/>
        <line num="179" count="1" type="stmt"/>
        <line num="185" count="0" type="stmt"/>
        <line num="192" count="8" type="stmt"/>
        <line num="193" count="2" type="stmt"/>
        <line num="194" count="2" type="stmt"/>
        <line num="195" count="2" type="stmt"/>
        <line num="196" count="2" type="cond" truecount="2" falsecount="0"/>
        <line num="197" count="1" type="stmt"/>
        <line num="198" count="1" type="stmt"/>
        <line num="204" count="0" type="stmt"/>
        <line num="211" count="8" type="stmt"/>
        <line num="212" count="1" type="stmt"/>
        <line num="213" count="1" type="stmt"/>
        <line num="214" count="1" type="stmt"/>
        <line num="215" count="1" type="stmt"/>
        <line num="221" count="0" type="stmt"/>
        <line num="228" count="8" type="stmt"/>
        <line num="229" count="1" type="stmt"/>
        <line num="230" count="1" type="stmt"/>
        <line num="231" count="1" type="stmt"/>
        <line num="237" count="0" type="stmt"/>
        <line num="244" count="8" type="stmt"/>
        <line num="245" count="3" type="stmt"/>
        <line num="246" count="3" type="stmt"/>
        <line num="247" count="3" type="stmt"/>
        <line num="248" count="3" type="stmt"/>
        <line num="250" count="3" type="stmt"/>
        <line num="251" count="2" type="cond" truecount="2" falsecount="0"/>
        <line num="253" count="1" type="stmt"/>
        <line num="254" count="1" type="stmt"/>
        <line num="255" count="1" type="stmt"/>
        <line num="256" count="1" type="stmt"/>
        <line num="258" count="1" type="stmt"/>
        <line num="264" count="0" type="stmt"/>
        <line num="271" count="8" type="stmt"/>
        <line num="272" count="1" type="stmt"/>
        <line num="273" count="1" type="stmt"/>
        <line num="274" count="1" type="stmt"/>
        <line num="275" count="1" type="stmt"/>
        <line num="276" count="1" type="stmt"/>
        <line num="277" count="1" type="stmt"/>
        <line num="280" count="1" type="stmt"/>
        <line num="286" count="0" type="stmt"/>
        <line num="293" count="8" type="stmt"/>
        <line num="294" count="1" type="stmt"/>
        <line num="295" count="1" type="stmt"/>
        <line num="296" count="1" type="stmt"/>
        <line num="297" count="1" type="stmt"/>
        <line num="298" count="1" type="stmt"/>
        <line num="299" count="1" type="stmt"/>
        <line num="302" count="1" type="stmt"/>
        <line num="308" count="0" type="stmt"/>
        <line num="315" count="8" type="stmt"/>
        <line num="316" count="2" type="stmt"/>
        <line num="317" count="2" type="stmt"/>
        <line num="318" count="2" type="stmt"/>
        <line num="319" count="2" type="stmt"/>
        <line num="320" count="2" type="stmt"/>
        <line num="321" count="2" type="cond" truecount="2" falsecount="0"/>
        <line num="322" count="1" type="stmt"/>
        <line num="323" count="1" type="stmt"/>
        <line num="324" count="1" type="stmt"/>
        <line num="325" count="1" type="stmt"/>
        <line num="326" count="1" type="stmt"/>
        <line num="330" count="1" type="stmt"/>
        <line num="342" count="0" type="stmt"/>
        <line num="349" count="8" type="stmt"/>
        <line num="350" count="1" type="stmt"/>
        <line num="351" count="1" type="stmt"/>
        <line num="352" count="1" type="stmt"/>
        <line num="353" count="1" type="stmt"/>
        <line num="359" count="0" type="stmt"/>
        <line num="366" count="8" type="stmt"/>
        <line num="367" count="1" type="stmt"/>
        <line num="368" count="1" type="stmt"/>
        <line num="369" count="1" type="stmt"/>
        <line num="373" count="1" type="stmt"/>
        <line num="379" count="0" type="stmt"/>
        <line num="386" count="8" type="stmt"/>
        <line num="387" count="1" type="stmt"/>
        <line num="388" count="1" type="stmt"/>
        <line num="389" count="1" type="stmt"/>
        <line num="393" count="1" type="stmt"/>
        <line num="399" count="0" type="stmt"/>
        <line num="403" count="8" type="stmt"/>
      </file>
      <file name="menuController.js" path="C:\FeriaApp\backend\src\controllers\menuController.js">
        <metrics statements="121" coveredstatements="98" conditionals="36" coveredconditionals="26" methods="18" coveredmethods="18"/>
        <line num="1" count="8" type="stmt"/>
        <line num="6" count="8" type="stmt"/>
        <line num="7" count="11" type="stmt"/>
        <line num="8" count="11" type="stmt"/>
        <line num="9" count="11" type="cond" truecount="1" falsecount="1"/>
        <line num="11" count="11" type="cond" truecount="2" falsecount="0"/>
        <line num="12" count="11" type="cond" truecount="2" falsecount="0"/>
        <line num="13" count="11" type="stmt"/>
        <line num="15" count="11" type="stmt"/>
        <line num="16" count="11" type="stmt"/>
        <line num="22" count="11" type="stmt"/>
        <line num="33" count="0" type="stmt"/>
        <line num="40" count="8" type="stmt"/>
        <line num="41" count="7" type="stmt"/>
        <line num="42" count="7" type="stmt"/>
        <line num="43" count="5" type="stmt"/>
        <line num="49" count="0" type="stmt"/>
        <line num="56" count="8" type="stmt"/>
        <line num="57" count="6" type="stmt"/>
        <line num="58" count="6" type="stmt"/>
        <line num="59" count="6" type="stmt"/>
        <line num="61" count="0" type="cond" truecount="0" falsecount="2"/>
        <line num="62" count="0" type="stmt"/>
        <line num="64" count="0" type="stmt"/>
        <line num="65" count="0" type="stmt"/>
        <line num="72" count="8" type="stmt"/>
        <line num="73" count="6" type="stmt"/>
        <line num="74" count="6" type="stmt"/>
        <line num="76" count="6" type="cond" truecount="2" falsecount="0"/>
        <line num="77" count="1" type="stmt"/>
        <line num="79" count="5" type="cond" truecount="4" falsecount="0"/>
        <line num="80" count="1" type="stmt"/>
        <line num="83" count="10" type="stmt"/>
        <line num="90" count="4" type="stmt"/>
        <line num="91" count="2" type="stmt"/>
        <line num="93" count="2" type="cond" truecount="1" falsecount="1"/>
        <line num="94" count="2" type="stmt"/>
        <line num="96" count="0" type="stmt"/>
        <line num="97" count="0" type="stmt"/>
        <line num="104" count="8" type="stmt"/>
        <line num="105" count="8" type="stmt"/>
        <line num="106" count="8" type="stmt"/>
        <line num="110" count="6" type="cond" truecount="2" falsecount="0"/>
        <line num="111" count="1" type="stmt"/>
        <line num="113" count="5" type="stmt"/>
        <line num="119" count="0" type="cond" truecount="0" falsecount="2"/>
        <line num="120" count="0" type="stmt"/>
        <line num="122" count="0" type="stmt"/>
        <line num="129" count="8" type="stmt"/>
        <line num="130" count="11" type="stmt"/>
        <line num="131" count="11" type="stmt"/>
        <line num="132" count="9" type="cond" truecount="2" falsecount="0"/>
        <line num="133" count="2" type="stmt"/>
        <line num="135" count="7" type="stmt"/>
        <line num="141" count="0" type="stmt"/>
        <line num="148" count="8" type="stmt"/>
        <line num="149" count="1" type="stmt"/>
        <line num="150" count="1" type="stmt"/>
        <line num="153" count="1" type="stmt"/>
        <line num="159" count="0" type="stmt"/>
        <line num="166" count="8" type="stmt"/>
        <line num="167" count="1" type="stmt"/>
        <line num="168" count="1" type="stmt"/>
        <line num="171" count="1" type="stmt"/>
        <line num="177" count="0" type="stmt"/>
        <line num="184" count="8" type="stmt"/>
        <line num="185" count="1" type="stmt"/>
        <line num="186" count="1" type="cond" truecount="1" falsecount="1"/>
        <line num="187" count="1" type="cond" truecount="1" falsecount="1"/>
        <line num="188" count="1" type="stmt"/>
        <line num="191" count="1" type="stmt"/>
        <line num="197" count="0" type="stmt"/>
        <line num="204" count="8" type="stmt"/>
        <line num="205" count="1" type="stmt"/>
        <line num="206" count="1" type="stmt"/>
        <line num="209" count="1" type="cond" truecount="1" falsecount="1"/>
        <line num="210" count="1" type="stmt"/>
        <line num="216" count="0" type="stmt"/>
        <line num="223" count="8" type="stmt"/>
        <line num="224" count="1" type="stmt"/>
        <line num="225" count="1" type="stmt"/>
        <line num="228" count="1" type="cond" truecount="1" falsecount="1"/>
        <line num="229" count="1" type="stmt"/>
        <line num="235" count="0" type="stmt"/>
        <line num="242" count="8" type="stmt"/>
        <line num="243" count="1" type="stmt"/>
        <line num="244" count="1" type="stmt"/>
        <line num="247" count="1" type="stmt"/>
        <line num="253" count="0" type="stmt"/>
        <line num="260" count="8" type="stmt"/>
        <line num="261" count="1" type="stmt"/>
        <line num="262" count="1" type="stmt"/>
        <line num="288" count="1" type="stmt"/>
        <line num="294" count="0" type="stmt"/>
        <line num="301" count="8" type="stmt"/>
        <line num="302" count="1" type="stmt"/>
        <line num="303" count="1" type="stmt"/>
        <line num="331" count="1" type="stmt"/>
        <line num="337" count="0" type="stmt"/>
        <line num="344" count="8" type="stmt"/>
        <line num="345" count="3" type="stmt"/>
        <line num="346" count="3" type="stmt"/>
        <line num="347" count="2" type="cond" truecount="2" falsecount="0"/>
        <line num="348" count="1" type="stmt"/>
        <line num="354" count="0" type="stmt"/>
        <line num="361" count="8" type="stmt"/>
        <line num="362" count="2" type="stmt"/>
        <line num="363" count="2" type="stmt"/>
        <line num="364" count="2" type="cond" truecount="2" falsecount="0"/>
        <line num="365" count="1" type="stmt"/>
        <line num="369" count="1" type="stmt"/>
        <line num="375" count="0" type="stmt"/>
        <line num="382" count="8" type="stmt"/>
        <line num="383" count="2" type="stmt"/>
        <line num="384" count="2" type="stmt"/>
        <line num="385" count="2" type="stmt"/>
        <line num="386" count="2" type="cond" truecount="2" falsecount="0"/>
        <line num="387" count="1" type="stmt"/>
        <line num="390" count="1" type="stmt"/>
        <line num="396" count="0" type="stmt"/>
        <line num="400" count="8" type="stmt"/>
      </file>
    </package>
    <package name="middlewares">
      <metrics statements="37" coveredstatements="36" conditionals="12" coveredconditionals="10" methods="5" coveredmethods="5"/>
      <file name="auth.js" path="C:\FeriaApp\backend\src\middlewares\auth.js">
        <metrics statements="20" coveredstatements="19" conditionals="10" coveredconditionals="8" methods="3" coveredmethods="3"/>
        <line num="1" count="8" type="stmt"/>
        <line num="2" count="8" type="stmt"/>
        <line num="4" count="8" type="stmt"/>
        <line num="7" count="196" type="cond" truecount="2" falsecount="0"/>
        <line num="11" count="181" type="stmt"/>
        <line num="12" count="181" type="stmt"/>
        <line num="13" count="181" type="stmt"/>
        <line num="14" count="166" type="stmt"/>
        <line num="15" count="166" type="stmt"/>
        <line num="17" count="15" type="stmt"/>
        <line num="21" count="15" type="cond" truecount="1" falsecount="1"/>
        <line num="22" count="15" type="stmt"/>
        <line num="26" count="8" type="stmt"/>
        <line num="27" count="112" type="stmt"/>
        <line num="28" count="161" type="cond" truecount="1" falsecount="1"/>
        <line num="29" count="0" type="stmt"/>
        <line num="31" count="161" type="cond" truecount="2" falsecount="0"/>
        <line num="32" count="19" type="stmt"/>
        <line num="37" count="142" type="stmt"/>
        <line num="41" count="8" type="stmt"/>
      </file>
      <file name="validators.js" path="C:\FeriaApp\backend\src\middlewares\validators.js">
        <metrics statements="17" coveredstatements="17" conditionals="2" coveredconditionals="2" methods="2" coveredmethods="2"/>
        <line num="1" count="8" type="stmt"/>
        <line num="4" count="8" type="stmt"/>
        <line num="5" count="148" type="stmt"/>
        <line num="6" count="148" type="cond" truecount="2" falsecount="0"/>
        <line num="7" count="33" type="stmt"/>
        <line num="10" count="59" type="stmt"/>
        <line num="13" count="115" type="stmt"/>
        <line num="17" count="8" type="stmt"/>
        <line num="29" count="8" type="stmt"/>
        <line num="43" count="8" type="stmt"/>
        <line num="57" count="8" type="stmt"/>
        <line num="71" count="8" type="stmt"/>
        <line num="88" count="8" type="stmt"/>
        <line num="102" count="8" type="stmt"/>
        <line num="116" count="8" type="stmt"/>
        <line num="130" count="8" type="stmt"/>
        <line num="146" count="8" type="stmt"/>
      </file>
    </package>
    <package name="models">
      <metrics statements="12" coveredstatements="12" conditionals="0" coveredconditionals="0" methods="0" coveredmethods="0"/>
      <file name="Caseta.js" path="C:\FeriaApp\backend\src\models\Caseta.js">
        <metrics statements="3" coveredstatements="3" conditionals="0" coveredconditionals="0" methods="0" coveredmethods="0"/>
        <line num="1" count="8" type="stmt"/>
        <line num="3" count="8" type="stmt"/>
        <line num="37" count="8" type="stmt"/>
      </file>
      <file name="Concert.js" path="C:\FeriaApp\backend\src\models\Concert.js">
        <metrics statements="3" coveredstatements="3" conditionals="0" coveredconditionals="0" methods="0" coveredmethods="0"/>
        <line num="1" count="8" type="stmt"/>
        <line num="3" count="8" type="stmt"/>
        <line num="33" count="8" type="stmt"/>
      </file>
      <file name="Fair.js" path="C:\FeriaApp\backend\src\models\Fair.js">
        <metrics statements="3" coveredstatements="3" conditionals="0" coveredconditionals="0" methods="0" coveredmethods="0"/>
        <line num="1" count="8" type="stmt"/>
        <line num="3" count="8" type="stmt"/>
        <line num="36" count="8" type="stmt"/>
      </file>
      <file name="Menu.js" path="C:\FeriaApp\backend\src\models\Menu.js">
        <metrics statements="3" coveredstatements="3" conditionals="0" coveredconditionals="0" methods="0" coveredmethods="0"/>
        <line num="1" count="8" type="stmt"/>
        <line num="3" count="8" type="stmt"/>
        <line num="29" count="8" type="stmt"/>
      </file>
    </package>
    <package name="routes">
      <metrics statements="121" coveredstatements="121" conditionals="0" coveredconditionals="0" methods="0" coveredmethods="0"/>
      <file name="authRoutes.js" path="C:\FeriaApp\backend\src\routes\authRoutes.js">
        <metrics statements="8" coveredstatements="8" conditionals="0" coveredconditionals="0" methods="0" coveredmethods="0"/>
        <line num="1" count="8" type="stmt"/>
        <line num="2" count="8" type="stmt"/>
        <line num="3" count="8" type="stmt"/>
        <line num="4" count="8" type="stmt"/>
        <line num="5" count="8" type="stmt"/>
        <line num="30" count="8" type="stmt"/>
        <line num="46" count="8" type="stmt"/>
        <line num="48" count="8" type="stmt"/>
      </file>
      <file name="casetaRoutes.js" path="C:\FeriaApp\backend\src\routes\casetaRoutes.js">
        <metrics statements="31" coveredstatements="31" conditionals="0" coveredconditionals="0" methods="0" coveredmethods="0"/>
        <line num="1" count="8" type="stmt"/>
        <line num="2" count="8" type="stmt"/>
        <line num="11" count="8" type="stmt"/>
        <line num="12" count="8" type="stmt"/>
        <line num="13" count="8" type="stmt"/>
        <line num="14" count="8" type="stmt"/>
        <line num="26" count="8" type="stmt"/>
        <line num="38" count="8" type="stmt"/>
        <line num="50" count="8" type="stmt"/>
        <line num="62" count="8" type="stmt"/>
        <line num="76" count="8" type="stmt"/>
        <line num="88" count="8" type="stmt"/>
        <line num="100" count="8" type="stmt"/>
        <line num="118" count="8" type="stmt"/>
        <line num="138" count="8" type="stmt"/>
        <line num="158" count="8" type="stmt"/>
        <line num="176" count="8" type="stmt"/>
        <line num="196" count="8" type="stmt"/>
        <line num="216" count="8" type="stmt"/>
        <line num="234" count="8" type="stmt"/>
        <line num="252" count="8" type="stmt"/>
        <line num="270" count="8" type="stmt"/>
        <line num="288" count="8" type="stmt"/>
        <line num="311" count="8" type="stmt"/>
        <line num="329" count="8" type="stmt"/>
        <line num="347" count="8" type="stmt"/>
        <line num="367" count="8" type="stmt"/>
        <line num="383" count="8" type="stmt"/>
        <line num="405" count="8" type="stmt"/>
        <line num="427" count="8" type="stmt"/>
        <line num="429" count="8" type="stmt"/>
      </file>
      <file name="concertRoutes.js" path="C:\FeriaApp\backend\src\routes\concertRoutes.js">
        <metrics statements="23" coveredstatements="23" conditionals="0" coveredconditionals="0" methods="0" coveredmethods="0"/>
        <line num="1" count="8" type="stmt"/>
        <line num="2" count="8" type="stmt"/>
        <line num="8" count="8" type="stmt"/>
        <line num="9" count="8" type="stmt"/>
        <line num="10" count="8" type="stmt"/>
        <line num="22" count="8" type="stmt"/>
        <line num="34" count="8" type="stmt"/>
        <line num="55" count="8" type="stmt"/>
        <line num="67" count="8" type="stmt"/>
        <line num="79" count="8" type="stmt"/>
        <line num="91" count="8" type="stmt"/>
        <line num="103" count="8" type="stmt"/>
        <line num="121" count="8" type="stmt"/>
        <line num="139" count="8" type="stmt"/>
        <line num="157" count="8" type="stmt"/>
        <line num="190" count="8" type="stmt"/>
        <line num="212" count="8" type="stmt"/>
        <line num="252" count="8" type="stmt"/>
        <line num="272" count="8" type="stmt"/>
        <line num="292" count="8" type="stmt"/>
        <line num="312" count="8" type="stmt"/>
        <line num="314" count="8" type="stmt"/>
        <line num="316" count="8" type="stmt"/>
      </file>
      <file name="fairRoutes.js" path="C:\FeriaApp\backend\src\routes\fairRoutes.js">
        <metrics statements="25" coveredstatements="25" conditionals="0" coveredconditionals="0" methods="0" coveredmethods="0"/>
        <line num="1" count="8" type="stmt"/>
        <line num="2" count="8" type="stmt"/>
        <line num="9" count="8" type="stmt"/>
        <line num="10" count="8" type="stmt"/>
        <line num="11" count="8" type="stmt"/>
        <line num="23" count="8" type="stmt"/>
        <line num="35" count="8" type="stmt"/>
        <line num="49" count="8" type="stmt"/>
        <line num="70" count="8" type="stmt"/>
        <line num="82" count="8" type="stmt"/>
        <line num="94" count="8" type="stmt"/>
        <line num="112" count="8" type="stmt"/>
        <line num="132" count="8" type="stmt"/>
        <line num="152" count="8" type="stmt"/>
        <line num="170" count="8" type="stmt"/>
        <line num="188" count="8" type="stmt"/>
        <line num="211" count="8" type="stmt"/>
        <line num="229" count="8" type="stmt"/>
        <line num="247" count="8" type="stmt"/>
        <line num="267" count="8" type="stmt"/>
        <line num="287" count="8" type="stmt"/>
        <line num="320" count="8" type="stmt"/>
        <line num="342" count="8" type="stmt"/>
        <line num="364" count="8" type="stmt"/>
        <line num="366" count="8" type="stmt"/>
      </file>
      <file name="menuRoutes.js" path="C:\FeriaApp\backend\src\routes\menuRoutes.js">
        <metrics statements="23" coveredstatements="23" conditionals="0" coveredconditionals="0" methods="0" coveredmethods="0"/>
        <line num="1" count="8" type="stmt"/>
        <line num="2" count="8" type="stmt"/>
        <line num="8" count="8" type="stmt"/>
        <line num="9" count="8" type="stmt"/>
        <line num="10" count="8" type="stmt"/>
        <line num="22" count="8" type="stmt"/>
        <line num="34" count="8" type="stmt"/>
        <line num="55" count="8" type="stmt"/>
        <line num="69" count="8" type="stmt"/>
        <line num="83" count="8" type="stmt"/>
        <line num="95" count="8" type="stmt"/>
        <line num="107" count="8" type="stmt"/>
        <line num="119" count="8" type="stmt"/>
        <line num="137" count="8" type="stmt"/>
        <line num="155" count="8" type="stmt"/>
        <line num="186" count="8" type="stmt"/>
        <line num="224" count="8" type="stmt"/>
        <line num="246" count="8" type="stmt"/>
        <line num="286" count="8" type="stmt"/>
        <line num="306" count="8" type="stmt"/>
        <line num="326" count="8" type="stmt"/>
        <line num="328" count="8" type="stmt"/>
        <line num="330" count="8" type="stmt"/>
      </file>
      <file name="publishRoutes.js" path="C:\FeriaApp\backend\src\routes\publishRoutes.js">
        <metrics statements="6" coveredstatements="6" conditionals="0" coveredconditionals="0" methods="0" coveredmethods="0"/>
        <line num="1" count="8" type="stmt"/>
        <line num="2" count="8" type="stmt"/>
        <line num="3" count="8" type="stmt"/>
        <line num="4" count="8" type="stmt"/>
        <line num="22" count="8" type="stmt"/>
        <line num="24" count="8" type="stmt"/>
      </file>
      <file name="statsRoutes.js" path="C:\FeriaApp\backend\src\routes\statsRoutes.js">
        <metrics statements="5" coveredstatements="5" conditionals="0" coveredconditionals="0" methods="0" coveredmethods="0"/>
        <line num="1" count="8" type="stmt"/>
        <line num="2" count="8" type="stmt"/>
        <line num="3" count="8" type="stmt"/>
        <line num="5" count="8" type="stmt"/>
        <line num="7" count="8" type="stmt"/>
      </file>
    </package>
  </project>
</coverage>
