{"C:\\FeriaApp\\backend\\src\\config\\db.js": {"path":"C:\\FeriaApp\\backend\\src\\config\\db.js","statementMap":{"0":{"start":{"line":1,"column":17},"end":{"line":1,"column":36}},"1":{"start":{"line":3,"column":18},"end":{"line":16,"column":1}},"2":{"start":{"line":4,"column":2},"end":{"line":15,"column":3}},"3":{"start":{"line":5,"column":16},"end":{"line":7,"column":31}},"4":{"start":{"line":8,"column":17},"end":{"line":8,"column":44}},"5":{"start":{"line":9,"column":4},"end":{"line":9,"column":62}},"6":{"start":{"line":11,"column":4},"end":{"line":11,"column":67}},"7":{"start":{"line":12,"column":4},"end":{"line":14,"column":5}},"8":{"start":{"line":13,"column":6},"end":{"line":13,"column":22}},"9":{"start":{"line":18,"column":0},"end":{"line":18,"column":27}}},"fnMap":{"0":{"name":"(anonymous_0)","decl":{"start":{"line":3,"column":18},"end":{"line":3,"column":19}},"loc":{"start":{"line":3,"column":30},"end":{"line":16,"column":1}},"line":3}},"branchMap":{"0":{"loc":{"start":{"line":5,"column":16},"end":{"line":7,"column":31}},"type":"cond-expr","locations":[{"start":{"line":6,"column":9},"end":{"line":6,"column":64}},{"start":{"line":7,"column":8},"end":{"line":7,"column":31}}],"line":5},"1":{"loc":{"start":{"line":6,"column":9},"end":{"line":6,"column":64}},"type":"binary-expr","locations":[{"start":{"line":6,"column":9},"end":{"line":6,"column":37}},{"start":{"line":6,"column":41},"end":{"line":6,"column":64}}],"line":6},"2":{"loc":{"start":{"line":12,"column":4},"end":{"line":14,"column":5}},"type":"if","locations":[{"start":{"line":12,"column":4},"end":{"line":14,"column":5}},{"start":{},"end":{}}],"line":12}},"s":{"0":8,"1":8,"2":8,"3":8,"4":8,"5":8,"6":0,"7":0,"8":0,"9":8},"f":{"0":8},"b":{"0":[8,0],"1":[8,0],"2":[0,0]},"_coverageSchema":"1a1c01bbd47fc00a2c39e90264f33305004495a9","hash":"88c4e34e4d8ce56ff86cd596acf8ea1349dd7e0d"}
,"C:\\FeriaApp\\backend\\src\\controllers\\authController.js": {"path":"C:\\FeriaApp\\backend\\src\\controllers\\authController.js","statementMap":{"0":{"start":{"line":1,"column":13},"end":{"line":1,"column":38}},"1":{"start":{"line":2,"column":12},"end":{"line":2,"column":35}},"2":{"start":{"line":5,"column":22},"end":{"line":9,"column":1}},"3":{"start":{"line":6,"column":2},"end":{"line":8,"column":5}},"4":{"start":{"line":14,"column":14},"end":{"line":44,"column":1}},"5":{"start":{"line":15,"column":2},"end":{"line":43,"column":3}},"6":{"start":{"line":16,"column":32},"end":{"line":16,"column":40}},"7":{"start":{"line":18,"column":4},"end":{"line":20,"column":5}},"8":{"start":{"line":19,"column":6},"end":{"line":19,"column":106}},"9":{"start":{"line":22,"column":17},"end":{"line":22,"column":46}},"10":{"start":{"line":24,"column":4},"end":{"line":26,"column":5}},"11":{"start":{"line":25,"column":6},"end":{"line":25,"column":97}},"12":{"start":{"line":28,"column":20},"end":{"line":28,"column":56}},"13":{"start":{"line":30,"column":4},"end":{"line":32,"column":5}},"14":{"start":{"line":31,"column":6},"end":{"line":31,"column":97}},"15":{"start":{"line":34,"column":4},"end":{"line":40,"column":7}},"16":{"start":{"line":42,"column":4},"end":{"line":42,"column":74}},"17":{"start":{"line":49,"column":19},"end":{"line":56,"column":1}},"18":{"start":{"line":50,"column":2},"end":{"line":55,"column":3}},"19":{"start":{"line":51,"column":17},"end":{"line":51,"column":70}},"20":{"start":{"line":52,"column":4},"end":{"line":52,"column":19}},"21":{"start":{"line":54,"column":4},"end":{"line":54,"column":74}},"22":{"start":{"line":58,"column":0},"end":{"line":58,"column":39}}},"fnMap":{"0":{"name":"(anonymous_0)","decl":{"start":{"line":5,"column":22},"end":{"line":5,"column":23}},"loc":{"start":{"line":5,"column":30},"end":{"line":9,"column":1}},"line":5},"1":{"name":"(anonymous_1)","decl":{"start":{"line":14,"column":14},"end":{"line":14,"column":15}},"loc":{"start":{"line":14,"column":34},"end":{"line":44,"column":1}},"line":14},"2":{"name":"(anonymous_2)","decl":{"start":{"line":49,"column":19},"end":{"line":49,"column":20}},"loc":{"start":{"line":49,"column":39},"end":{"line":56,"column":1}},"line":49}},"branchMap":{"0":{"loc":{"start":{"line":18,"column":4},"end":{"line":20,"column":5}},"type":"if","locations":[{"start":{"line":18,"column":4},"end":{"line":20,"column":5}},{"start":{},"end":{}}],"line":18},"1":{"loc":{"start":{"line":18,"column":8},"end":{"line":18,"column":27}},"type":"binary-expr","locations":[{"start":{"line":18,"column":8},"end":{"line":18,"column":14}},{"start":{"line":18,"column":18},"end":{"line":18,"column":27}}],"line":18},"2":{"loc":{"start":{"line":24,"column":4},"end":{"line":26,"column":5}},"type":"if","locations":[{"start":{"line":24,"column":4},"end":{"line":26,"column":5}},{"start":{},"end":{}}],"line":24},"3":{"loc":{"start":{"line":30,"column":4},"end":{"line":32,"column":5}},"type":"if","locations":[{"start":{"line":30,"column":4},"end":{"line":32,"column":5}},{"start":{},"end":{}}],"line":30}},"s":{"0":8,"1":8,"2":8,"3":26,"4":8,"5":31,"6":31,"7":31,"8":0,"9":31,"10":31,"11":2,"12":29,"13":28,"14":2,"15":26,"16":1,"17":8,"18":5,"19":5,"20":5,"21":0,"22":8},"f":{"0":26,"1":31,"2":5},"b":{"0":[0,31],"1":[31,31],"2":[2,29],"3":[2,26]},"_coverageSchema":"1a1c01bbd47fc00a2c39e90264f33305004495a9","hash":"812de1aad6abf01721e46660c909e07667a82728"}
,"C:\\FeriaApp\\backend\\src\\controllers\\casetaController.js": {"path":"C:\\FeriaApp\\backend\\src\\controllers\\casetaController.js","statementMap":{"0":{"start":{"line":1,"column":15},"end":{"line":1,"column":42}},"1":{"start":{"line":2,"column":13},"end":{"line":2,"column":28}},"2":{"start":{"line":7,"column":19},"end":{"line":37,"column":1}},"3":{"start":{"line":8,"column":2},"end":{"line":36,"column":3}},"4":{"start":{"line":9,"column":19},"end":{"line":9,"column":21}},"5":{"start":{"line":10,"column":4},"end":{"line":10,"column":53}},"6":{"start":{"line":10,"column":24},"end":{"line":10,"column":53}},"7":{"start":{"line":11,"column":4},"end":{"line":11,"column":59}},"8":{"start":{"line":11,"column":26},"end":{"line":11,"column":59}},"9":{"start":{"line":13,"column":17},"end":{"line":13,"column":46}},"10":{"start":{"line":14,"column":18},"end":{"line":14,"column":50}},"11":{"start":{"line":15,"column":17},"end":{"line":15,"column":35}},"12":{"start":{"line":17,"column":18},"end":{"line":17,"column":53}},"13":{"start":{"line":18,"column":20},"end":{"line":22,"column":26}},"14":{"start":{"line":24,"column":4},"end":{"line":29,"column":7}},"15":{"start":{"line":35,"column":4},"end":{"line":35,"column":74}},"16":{"start":{"line":42,"column":18},"end":{"line":56,"column":1}},"17":{"start":{"line":43,"column":2},"end":{"line":55,"column":3}},"18":{"start":{"line":44,"column":19},"end":{"line":44,"column":80}},"19":{"start":{"line":45,"column":4},"end":{"line":47,"column":5}},"20":{"start":{"line":46,"column":6},"end":{"line":46,"column":91}},"21":{"start":{"line":48,"column":4},"end":{"line":48,"column":21}},"22":{"start":{"line":54,"column":4},"end":{"line":54,"column":74}},"23":{"start":{"line":61,"column":21},"end":{"line":79,"column":1}},"24":{"start":{"line":62,"column":2},"end":{"line":78,"column":3}},"25":{"start":{"line":63,"column":23},"end":{"line":63,"column":38}},"26":{"start":{"line":64,"column":4},"end":{"line":66,"column":5}},"27":{"start":{"line":65,"column":6},"end":{"line":65,"column":57}},"28":{"start":{"line":67,"column":19},"end":{"line":67,"column":50}},"29":{"start":{"line":68,"column":4},"end":{"line":68,"column":33}},"30":{"start":{"line":74,"column":4},"end":{"line":76,"column":5}},"31":{"start":{"line":75,"column":6},"end":{"line":75,"column":86}},"32":{"start":{"line":77,"column":4},"end":{"line":77,"column":74}},"33":{"start":{"line":84,"column":21},"end":{"line":108,"column":1}},"34":{"start":{"line":85,"column":2},"end":{"line":107,"column":3}},"35":{"start":{"line":86,"column":23},"end":{"line":86,"column":38}},"36":{"start":{"line":87,"column":4},"end":{"line":89,"column":5}},"37":{"start":{"line":88,"column":6},"end":{"line":88,"column":57}},"38":{"start":{"line":90,"column":19},"end":{"line":93,"column":6}},"39":{"start":{"line":94,"column":4},"end":{"line":96,"column":5}},"40":{"start":{"line":95,"column":6},"end":{"line":95,"column":91}},"41":{"start":{"line":97,"column":4},"end":{"line":97,"column":21}},"42":{"start":{"line":103,"column":4},"end":{"line":105,"column":5}},"43":{"start":{"line":104,"column":6},"end":{"line":104,"column":86}},"44":{"start":{"line":106,"column":4},"end":{"line":106,"column":74}},"45":{"start":{"line":113,"column":21},"end":{"line":127,"column":1}},"46":{"start":{"line":114,"column":2},"end":{"line":126,"column":3}},"47":{"start":{"line":115,"column":19},"end":{"line":115,"column":64}},"48":{"start":{"line":116,"column":4},"end":{"line":118,"column":5}},"49":{"start":{"line":117,"column":6},"end":{"line":117,"column":91}},"50":{"start":{"line":119,"column":4},"end":{"line":119,"column":27}},"51":{"start":{"line":125,"column":4},"end":{"line":125,"column":74}},"52":{"start":{"line":132,"column":22},"end":{"line":145,"column":1}},"53":{"start":{"line":133,"column":2},"end":{"line":144,"column":3}},"54":{"start":{"line":134,"column":20},"end":{"line":136,"column":51}},"55":{"start":{"line":137,"column":4},"end":{"line":137,"column":22}},"56":{"start":{"line":143,"column":4},"end":{"line":143,"column":74}},"57":{"start":{"line":150,"column":29},"end":{"line":163,"column":1}},"58":{"start":{"line":151,"column":2},"end":{"line":162,"column":3}},"59":{"start":{"line":152,"column":20},"end":{"line":154,"column":27}},"60":{"start":{"line":155,"column":4},"end":{"line":155,"column":22}},"61":{"start":{"line":161,"column":4},"end":{"line":161,"column":74}},"62":{"start":{"line":168,"column":28},"end":{"line":181,"column":1}},"63":{"start":{"line":169,"column":2},"end":{"line":180,"column":3}},"64":{"start":{"line":170,"column":20},"end":{"line":172,"column":51}},"65":{"start":{"line":173,"column":4},"end":{"line":173,"column":22}},"66":{"start":{"line":179,"column":4},"end":{"line":179,"column":74}},"67":{"start":{"line":186,"column":31},"end":{"line":199,"column":1}},"68":{"start":{"line":187,"column":2},"end":{"line":198,"column":3}},"69":{"start":{"line":188,"column":20},"end":{"line":190,"column":51}},"70":{"start":{"line":191,"column":4},"end":{"line":191,"column":22}},"71":{"start":{"line":197,"column":4},"end":{"line":197,"column":74}},"72":{"start":{"line":204,"column":25},"end":{"line":218,"column":1}},"73":{"start":{"line":205,"column":2},"end":{"line":217,"column":3}},"74":{"start":{"line":206,"column":19},"end":{"line":208,"column":27}},"75":{"start":{"line":209,"column":4},"end":{"line":209,"column":102}},"76":{"start":{"line":209,"column":17},"end":{"line":209,"column":102}},"77":{"start":{"line":210,"column":4},"end":{"line":210,"column":21}},"78":{"start":{"line":216,"column":4},"end":{"line":216,"column":74}},"79":{"start":{"line":223,"column":31},"end":{"line":237,"column":1}},"80":{"start":{"line":224,"column":2},"end":{"line":236,"column":3}},"81":{"start":{"line":225,"column":20},"end":{"line":228,"column":51}},"82":{"start":{"line":229,"column":4},"end":{"line":229,"column":22}},"83":{"start":{"line":235,"column":4},"end":{"line":235,"column":74}},"84":{"start":{"line":242,"column":22},"end":{"line":258,"column":1}},"85":{"start":{"line":243,"column":2},"end":{"line":257,"column":3}},"86":{"start":{"line":244,"column":17},"end":{"line":244,"column":42}},"87":{"start":{"line":245,"column":20},"end":{"line":245,"column":48}},"88":{"start":{"line":246,"column":19},"end":{"line":246,"column":80}},"89":{"start":{"line":247,"column":4},"end":{"line":247,"column":102}},"90":{"start":{"line":247,"column":17},"end":{"line":247,"column":102}},"91":{"start":{"line":248,"column":18},"end":{"line":248,"column":78}},"92":{"start":{"line":249,"column":21},"end":{"line":249,"column":93}},"93":{"start":{"line":250,"column":4},"end":{"line":250,"column":42}},"94":{"start":{"line":256,"column":4},"end":{"line":256,"column":74}},"95":{"start":{"line":263,"column":27},"end":{"line":297,"column":1}},"96":{"start":{"line":264,"column":2},"end":{"line":296,"column":3}},"97":{"start":{"line":265,"column":19},"end":{"line":288,"column":6}},"98":{"start":{"line":289,"column":4},"end":{"line":289,"column":21}},"99":{"start":{"line":295,"column":4},"end":{"line":295,"column":74}},"100":{"start":{"line":302,"column":23},"end":{"line":316,"column":1}},"101":{"start":{"line":303,"column":2},"end":{"line":315,"column":3}},"102":{"start":{"line":304,"column":17},"end":{"line":304,"column":42}},"103":{"start":{"line":305,"column":18},"end":{"line":307,"column":24}},"104":{"start":{"line":308,"column":4},"end":{"line":308,"column":20}},"105":{"start":{"line":314,"column":4},"end":{"line":314,"column":74}},"106":{"start":{"line":321,"column":26},"end":{"line":335,"column":1}},"107":{"start":{"line":322,"column":2},"end":{"line":334,"column":3}},"108":{"start":{"line":323,"column":20},"end":{"line":323,"column":48}},"109":{"start":{"line":324,"column":21},"end":{"line":326,"column":33}},"110":{"start":{"line":327,"column":4},"end":{"line":327,"column":23}},"111":{"start":{"line":333,"column":4},"end":{"line":333,"column":74}},"112":{"start":{"line":340,"column":30},"end":{"line":355,"column":1}},"113":{"start":{"line":341,"column":2},"end":{"line":354,"column":3}},"114":{"start":{"line":342,"column":17},"end":{"line":342,"column":42}},"115":{"start":{"line":343,"column":17},"end":{"line":345,"column":25}},"116":{"start":{"line":346,"column":4},"end":{"line":346,"column":96}},"117":{"start":{"line":346,"column":15},"end":{"line":346,"column":96}},"118":{"start":{"line":347,"column":4},"end":{"line":347,"column":19}},"119":{"start":{"line":353,"column":4},"end":{"line":353,"column":74}},"120":{"start":{"line":360,"column":35},"end":{"line":375,"column":1}},"121":{"start":{"line":361,"column":2},"end":{"line":374,"column":3}},"122":{"start":{"line":362,"column":17},"end":{"line":362,"column":42}},"123":{"start":{"line":363,"column":17},"end":{"line":365,"column":26}},"124":{"start":{"line":366,"column":4},"end":{"line":366,"column":96}},"125":{"start":{"line":366,"column":15},"end":{"line":366,"column":96}},"126":{"start":{"line":367,"column":4},"end":{"line":367,"column":19}},"127":{"start":{"line":373,"column":4},"end":{"line":373,"column":74}},"128":{"start":{"line":380,"column":36},"end":{"line":394,"column":1}},"129":{"start":{"line":381,"column":2},"end":{"line":393,"column":3}},"130":{"start":{"line":382,"column":17},"end":{"line":382,"column":42}},"131":{"start":{"line":383,"column":18},"end":{"line":385,"column":25}},"132":{"start":{"line":386,"column":4},"end":{"line":386,"column":20}},"133":{"start":{"line":392,"column":4},"end":{"line":392,"column":74}},"134":{"start":{"line":399,"column":28},"end":{"line":411,"column":1}},"135":{"start":{"line":400,"column":2},"end":{"line":410,"column":3}},"136":{"start":{"line":401,"column":17},"end":{"line":401,"column":42}},"137":{"start":{"line":402,"column":18},"end":{"line":402,"column":70}},"138":{"start":{"line":403,"column":4},"end":{"line":403,"column":24}},"139":{"start":{"line":409,"column":4},"end":{"line":409,"column":74}},"140":{"start":{"line":416,"column":34},"end":{"line":431,"column":1}},"141":{"start":{"line":417,"column":2},"end":{"line":430,"column":3}},"142":{"start":{"line":418,"column":20},"end":{"line":418,"column":48}},"143":{"start":{"line":419,"column":21},"end":{"line":422,"column":67}},"144":{"start":{"line":423,"column":4},"end":{"line":423,"column":23}},"145":{"start":{"line":429,"column":4},"end":{"line":429,"column":74}},"146":{"start":{"line":436,"column":33},"end":{"line":451,"column":1}},"147":{"start":{"line":437,"column":2},"end":{"line":450,"column":3}},"148":{"start":{"line":438,"column":20},"end":{"line":438,"column":48}},"149":{"start":{"line":439,"column":21},"end":{"line":442,"column":67}},"150":{"start":{"line":443,"column":4},"end":{"line":443,"column":23}},"151":{"start":{"line":449,"column":4},"end":{"line":449,"column":74}},"152":{"start":{"line":456,"column":36},"end":{"line":470,"column":1}},"153":{"start":{"line":457,"column":2},"end":{"line":469,"column":3}},"154":{"start":{"line":458,"column":20},"end":{"line":458,"column":48}},"155":{"start":{"line":459,"column":21},"end":{"line":461,"column":35}},"156":{"start":{"line":462,"column":4},"end":{"line":462,"column":23}},"157":{"start":{"line":468,"column":4},"end":{"line":468,"column":74}},"158":{"start":{"line":475,"column":31},"end":{"line":487,"column":1}},"159":{"start":{"line":476,"column":2},"end":{"line":486,"column":3}},"160":{"start":{"line":477,"column":20},"end":{"line":477,"column":48}},"161":{"start":{"line":478,"column":18},"end":{"line":478,"column":73}},"162":{"start":{"line":479,"column":4},"end":{"line":479,"column":24}},"163":{"start":{"line":485,"column":4},"end":{"line":485,"column":74}},"164":{"start":{"line":492,"column":23},"end":{"line":520,"column":1}},"165":{"start":{"line":493,"column":2},"end":{"line":519,"column":3}},"166":{"start":{"line":494,"column":17},"end":{"line":494,"column":42}},"167":{"start":{"line":495,"column":20},"end":{"line":495,"column":48}},"168":{"start":{"line":496,"column":19},"end":{"line":496,"column":80}},"169":{"start":{"line":497,"column":4},"end":{"line":497,"column":102}},"170":{"start":{"line":497,"column":17},"end":{"line":497,"column":102}},"171":{"start":{"line":498,"column":23},"end":{"line":498,"column":75}},"172":{"start":{"line":499,"column":26},"end":{"line":499,"column":81}},"173":{"start":{"line":500,"column":25},"end":{"line":503,"column":6}},"174":{"start":{"line":504,"column":4},"end":{"line":512,"column":7}},"175":{"start":{"line":518,"column":4},"end":{"line":518,"column":74}},"176":{"start":{"line":522,"column":0},"end":{"line":530,"column":2}}},"fnMap":{"0":{"name":"(anonymous_0)","decl":{"start":{"line":7,"column":19},"end":{"line":7,"column":20}},"loc":{"start":{"line":7,"column":39},"end":{"line":37,"column":1}},"line":7},"1":{"name":"(anonymous_1)","decl":{"start":{"line":42,"column":18},"end":{"line":42,"column":19}},"loc":{"start":{"line":42,"column":38},"end":{"line":56,"column":1}},"line":42},"2":{"name":"(anonymous_2)","decl":{"start":{"line":61,"column":21},"end":{"line":61,"column":22}},"loc":{"start":{"line":61,"column":41},"end":{"line":79,"column":1}},"line":61},"3":{"name":"(anonymous_3)","decl":{"start":{"line":84,"column":21},"end":{"line":84,"column":22}},"loc":{"start":{"line":84,"column":41},"end":{"line":108,"column":1}},"line":84},"4":{"name":"(anonymous_4)","decl":{"start":{"line":113,"column":21},"end":{"line":113,"column":22}},"loc":{"start":{"line":113,"column":41},"end":{"line":127,"column":1}},"line":113},"5":{"name":"(anonymous_5)","decl":{"start":{"line":132,"column":22},"end":{"line":132,"column":23}},"loc":{"start":{"line":132,"column":42},"end":{"line":145,"column":1}},"line":132},"6":{"name":"(anonymous_6)","decl":{"start":{"line":150,"column":29},"end":{"line":150,"column":30}},"loc":{"start":{"line":150,"column":49},"end":{"line":163,"column":1}},"line":150},"7":{"name":"(anonymous_7)","decl":{"start":{"line":168,"column":28},"end":{"line":168,"column":29}},"loc":{"start":{"line":168,"column":48},"end":{"line":181,"column":1}},"line":168},"8":{"name":"(anonymous_8)","decl":{"start":{"line":186,"column":31},"end":{"line":186,"column":32}},"loc":{"start":{"line":186,"column":51},"end":{"line":199,"column":1}},"line":186},"9":{"name":"(anonymous_9)","decl":{"start":{"line":204,"column":25},"end":{"line":204,"column":26}},"loc":{"start":{"line":204,"column":45},"end":{"line":218,"column":1}},"line":204},"10":{"name":"(anonymous_10)","decl":{"start":{"line":223,"column":31},"end":{"line":223,"column":32}},"loc":{"start":{"line":223,"column":51},"end":{"line":237,"column":1}},"line":223},"11":{"name":"(anonymous_11)","decl":{"start":{"line":242,"column":22},"end":{"line":242,"column":23}},"loc":{"start":{"line":242,"column":42},"end":{"line":258,"column":1}},"line":242},"12":{"name":"(anonymous_12)","decl":{"start":{"line":263,"column":27},"end":{"line":263,"column":28}},"loc":{"start":{"line":263,"column":47},"end":{"line":297,"column":1}},"line":263},"13":{"name":"(anonymous_13)","decl":{"start":{"line":302,"column":23},"end":{"line":302,"column":24}},"loc":{"start":{"line":302,"column":43},"end":{"line":316,"column":1}},"line":302},"14":{"name":"(anonymous_14)","decl":{"start":{"line":321,"column":26},"end":{"line":321,"column":27}},"loc":{"start":{"line":321,"column":46},"end":{"line":335,"column":1}},"line":321},"15":{"name":"(anonymous_15)","decl":{"start":{"line":340,"column":30},"end":{"line":340,"column":31}},"loc":{"start":{"line":340,"column":50},"end":{"line":355,"column":1}},"line":340},"16":{"name":"(anonymous_16)","decl":{"start":{"line":360,"column":35},"end":{"line":360,"column":36}},"loc":{"start":{"line":360,"column":55},"end":{"line":375,"column":1}},"line":360},"17":{"name":"(anonymous_17)","decl":{"start":{"line":380,"column":36},"end":{"line":380,"column":37}},"loc":{"start":{"line":380,"column":56},"end":{"line":394,"column":1}},"line":380},"18":{"name":"(anonymous_18)","decl":{"start":{"line":399,"column":28},"end":{"line":399,"column":29}},"loc":{"start":{"line":399,"column":48},"end":{"line":411,"column":1}},"line":399},"19":{"name":"(anonymous_19)","decl":{"start":{"line":416,"column":34},"end":{"line":416,"column":35}},"loc":{"start":{"line":416,"column":54},"end":{"line":431,"column":1}},"line":416},"20":{"name":"(anonymous_20)","decl":{"start":{"line":436,"column":33},"end":{"line":436,"column":34}},"loc":{"start":{"line":436,"column":53},"end":{"line":451,"column":1}},"line":436},"21":{"name":"(anonymous_21)","decl":{"start":{"line":456,"column":36},"end":{"line":456,"column":37}},"loc":{"start":{"line":456,"column":56},"end":{"line":470,"column":1}},"line":456},"22":{"name":"(anonymous_22)","decl":{"start":{"line":475,"column":31},"end":{"line":475,"column":32}},"loc":{"start":{"line":475,"column":51},"end":{"line":487,"column":1}},"line":475},"23":{"name":"(anonymous_23)","decl":{"start":{"line":492,"column":23},"end":{"line":492,"column":24}},"loc":{"start":{"line":492,"column":43},"end":{"line":520,"column":1}},"line":492}},"branchMap":{"0":{"loc":{"start":{"line":10,"column":4},"end":{"line":10,"column":53}},"type":"if","locations":[{"start":{"line":10,"column":4},"end":{"line":10,"column":53}},{"start":{},"end":{}}],"line":10},"1":{"loc":{"start":{"line":11,"column":4},"end":{"line":11,"column":59}},"type":"if","locations":[{"start":{"line":11,"column":4},"end":{"line":11,"column":59}},{"start":{},"end":{}}],"line":11},"2":{"loc":{"start":{"line":13,"column":17},"end":{"line":13,"column":46}},"type":"binary-expr","locations":[{"start":{"line":13,"column":17},"end":{"line":13,"column":41}},{"start":{"line":13,"column":45},"end":{"line":13,"column":46}}],"line":13},"3":{"loc":{"start":{"line":14,"column":18},"end":{"line":14,"column":50}},"type":"binary-expr","locations":[{"start":{"line":14,"column":18},"end":{"line":14,"column":43}},{"start":{"line":14,"column":47},"end":{"line":14,"column":50}}],"line":14},"4":{"loc":{"start":{"line":45,"column":4},"end":{"line":47,"column":5}},"type":"if","locations":[{"start":{"line":45,"column":4},"end":{"line":47,"column":5}},{"start":{},"end":{}}],"line":45},"5":{"loc":{"start":{"line":64,"column":4},"end":{"line":66,"column":5}},"type":"if","locations":[{"start":{"line":64,"column":4},"end":{"line":66,"column":5}},{"start":{},"end":{}}],"line":64},"6":{"loc":{"start":{"line":74,"column":4},"end":{"line":76,"column":5}},"type":"if","locations":[{"start":{"line":74,"column":4},"end":{"line":76,"column":5}},{"start":{},"end":{}}],"line":74},"7":{"loc":{"start":{"line":87,"column":4},"end":{"line":89,"column":5}},"type":"if","locations":[{"start":{"line":87,"column":4},"end":{"line":89,"column":5}},{"start":{},"end":{}}],"line":87},"8":{"loc":{"start":{"line":94,"column":4},"end":{"line":96,"column":5}},"type":"if","locations":[{"start":{"line":94,"column":4},"end":{"line":96,"column":5}},{"start":{},"end":{}}],"line":94},"9":{"loc":{"start":{"line":103,"column":4},"end":{"line":105,"column":5}},"type":"if","locations":[{"start":{"line":103,"column":4},"end":{"line":105,"column":5}},{"start":{},"end":{}}],"line":103},"10":{"loc":{"start":{"line":116,"column":4},"end":{"line":118,"column":5}},"type":"if","locations":[{"start":{"line":116,"column":4},"end":{"line":118,"column":5}},{"start":{},"end":{}}],"line":116},"11":{"loc":{"start":{"line":209,"column":4},"end":{"line":209,"column":102}},"type":"if","locations":[{"start":{"line":209,"column":4},"end":{"line":209,"column":102}},{"start":{},"end":{}}],"line":209},"12":{"loc":{"start":{"line":247,"column":4},"end":{"line":247,"column":102}},"type":"if","locations":[{"start":{"line":247,"column":4},"end":{"line":247,"column":102}},{"start":{},"end":{}}],"line":247},"13":{"loc":{"start":{"line":346,"column":4},"end":{"line":346,"column":96}},"type":"if","locations":[{"start":{"line":346,"column":4},"end":{"line":346,"column":96}},{"start":{},"end":{}}],"line":346},"14":{"loc":{"start":{"line":366,"column":4},"end":{"line":366,"column":96}},"type":"if","locations":[{"start":{"line":366,"column":4},"end":{"line":366,"column":96}},{"start":{},"end":{}}],"line":366},"15":{"loc":{"start":{"line":497,"column":4},"end":{"line":497,"column":102}},"type":"if","locations":[{"start":{"line":497,"column":4},"end":{"line":497,"column":102}},{"start":{},"end":{}}],"line":497},"16":{"loc":{"start":{"line":509,"column":20},"end":{"line":509,"column":85}},"type":"cond-expr","locations":[{"start":{"line":509,"column":38},"end":{"line":509,"column":81}},{"start":{"line":509,"column":84},"end":{"line":509,"column":85}}],"line":509},"17":{"loc":{"start":{"line":510,"column":20},"end":{"line":510,"column":45}},"type":"binary-expr","locations":[{"start":{"line":510,"column":20},"end":{"line":510,"column":40}},{"start":{"line":510,"column":44},"end":{"line":510,"column":45}}],"line":510},"18":{"loc":{"start":{"line":511,"column":20},"end":{"line":511,"column":45}},"type":"binary-expr","locations":[{"start":{"line":511,"column":20},"end":{"line":511,"column":40}},{"start":{"line":511,"column":44},"end":{"line":511,"column":45}}],"line":511}},"s":{"0":8,"1":8,"2":8,"3":17,"4":17,"5":17,"6":0,"7":17,"8":0,"9":17,"10":17,"11":17,"12":17,"13":17,"14":17,"15":0,"16":8,"17":3,"18":3,"19":1,"20":1,"21":0,"22":0,"23":8,"24":15,"25":15,"26":15,"27":0,"28":15,"29":15,"30":0,"31":0,"32":0,"33":8,"34":10,"35":10,"36":10,"37":0,"38":10,"39":8,"40":2,"41":6,"42":0,"43":0,"44":0,"45":8,"46":8,"47":8,"48":6,"49":2,"50":4,"51":0,"52":8,"53":1,"54":1,"55":1,"56":0,"57":8,"58":1,"59":1,"60":1,"61":0,"62":8,"63":1,"64":1,"65":1,"66":0,"67":8,"68":1,"69":1,"70":1,"71":0,"72":8,"73":1,"74":1,"75":1,"76":0,"77":1,"78":0,"79":8,"80":1,"81":1,"82":1,"83":0,"84":8,"85":3,"86":3,"87":3,"88":3,"89":2,"90":1,"91":1,"92":1,"93":1,"94":0,"95":8,"96":1,"97":1,"98":1,"99":0,"100":8,"101":0,"102":0,"103":0,"104":0,"105":0,"106":8,"107":0,"108":0,"109":0,"110":0,"111":0,"112":8,"113":2,"114":2,"115":2,"116":2,"117":1,"118":1,"119":0,"120":8,"121":2,"122":2,"123":2,"124":2,"125":1,"126":1,"127":0,"128":8,"129":1,"130":1,"131":1,"132":1,"133":0,"134":8,"135":1,"136":1,"137":1,"138":1,"139":0,"140":8,"141":1,"142":1,"143":1,"144":1,"145":0,"146":8,"147":1,"148":1,"149":1,"150":1,"151":0,"152":8,"153":1,"154":1,"155":1,"156":1,"157":0,"158":8,"159":1,"160":1,"161":1,"162":1,"163":0,"164":8,"165":2,"166":2,"167":2,"168":2,"169":2,"170":1,"171":1,"172":1,"173":1,"174":1,"175":0,"176":8},"f":{"0":17,"1":3,"2":15,"3":10,"4":8,"5":1,"6":1,"7":1,"8":1,"9":1,"10":1,"11":3,"12":1,"13":0,"14":0,"15":2,"16":2,"17":1,"18":1,"19":1,"20":1,"21":1,"22":1,"23":2},"b":{"0":[0,17],"1":[0,17],"2":[17,17],"3":[17,17],"4":[1,0],"5":[0,15],"6":[0,0],"7":[0,10],"8":[2,6],"9":[0,0],"10":[2,4],"11":[0,1],"12":[1,1],"13":[1,1],"14":[1,1],"15":[1,1],"16":[1,0],"17":[1,0],"18":[1,0]},"_coverageSchema":"1a1c01bbd47fc00a2c39e90264f33305004495a9","hash":"508f84d41c6e3b37e912a15af3b5beea0134c40c"}
,"C:\\FeriaApp\\backend\\src\\controllers\\concertController.js": {"path":"C:\\FeriaApp\\backend\\src\\controllers\\concertController.js","statementMap":{"0":{"start":{"line":1,"column":16},"end":{"line":1,"column":44}},"1":{"start":{"line":6,"column":20},"end":{"line":35,"column":1}},"2":{"start":{"line":7,"column":2},"end":{"line":34,"column":3}},"3":{"start":{"line":8,"column":19},"end":{"line":8,"column":21}},"4":{"start":{"line":9,"column":4},"end":{"line":9,"column":59}},"5":{"start":{"line":9,"column":26},"end":{"line":9,"column":59}},"6":{"start":{"line":11,"column":17},"end":{"line":11,"column":46}},"7":{"start":{"line":12,"column":18},"end":{"line":12,"column":50}},"8":{"start":{"line":13,"column":17},"end":{"line":13,"column":35}},"9":{"start":{"line":15,"column":18},"end":{"line":15,"column":54}},"10":{"start":{"line":16,"column":21},"end":{"line":20,"column":33}},"11":{"start":{"line":22,"column":4},"end":{"line":27,"column":7}},"12":{"start":{"line":33,"column":4},"end":{"line":33,"column":74}},"13":{"start":{"line":40,"column":28},"end":{"line":51,"column":1}},"14":{"start":{"line":41,"column":2},"end":{"line":50,"column":3}},"15":{"start":{"line":42,"column":21},"end":{"line":42,"column":106}},"16":{"start":{"line":43,"column":4},"end":{"line":43,"column":23}},"17":{"start":{"line":49,"column":4},"end":{"line":49,"column":74}},"18":{"start":{"line":56,"column":22},"end":{"line":70,"column":1}},"19":{"start":{"line":57,"column":2},"end":{"line":69,"column":3}},"20":{"start":{"line":58,"column":20},"end":{"line":58,"column":50}},"21":{"start":{"line":59,"column":4},"end":{"line":59,"column":34}},"22":{"start":{"line":65,"column":4},"end":{"line":67,"column":5}},"23":{"start":{"line":66,"column":6},"end":{"line":66,"column":86}},"24":{"start":{"line":68,"column":4},"end":{"line":68,"column":74}},"25":{"start":{"line":75,"column":22},"end":{"line":95,"column":1}},"26":{"start":{"line":76,"column":2},"end":{"line":94,"column":3}},"27":{"start":{"line":77,"column":20},"end":{"line":80,"column":6}},"28":{"start":{"line":81,"column":4},"end":{"line":83,"column":5}},"29":{"start":{"line":82,"column":6},"end":{"line":82,"column":93}},"30":{"start":{"line":84,"column":4},"end":{"line":84,"column":22}},"31":{"start":{"line":90,"column":4},"end":{"line":92,"column":5}},"32":{"start":{"line":91,"column":6},"end":{"line":91,"column":86}},"33":{"start":{"line":93,"column":4},"end":{"line":93,"column":74}},"34":{"start":{"line":100,"column":22},"end":{"line":114,"column":1}},"35":{"start":{"line":101,"column":2},"end":{"line":113,"column":3}},"36":{"start":{"line":102,"column":20},"end":{"line":102,"column":66}},"37":{"start":{"line":103,"column":4},"end":{"line":105,"column":5}},"38":{"start":{"line":104,"column":6},"end":{"line":104,"column":93}},"39":{"start":{"line":106,"column":4},"end":{"line":106,"column":27}},"40":{"start":{"line":112,"column":4},"end":{"line":112,"column":74}},"41":{"start":{"line":119,"column":23},"end":{"line":132,"column":1}},"42":{"start":{"line":120,"column":2},"end":{"line":131,"column":3}},"43":{"start":{"line":121,"column":21},"end":{"line":123,"column":67}},"44":{"start":{"line":124,"column":4},"end":{"line":124,"column":23}},"45":{"start":{"line":130,"column":4},"end":{"line":130,"column":74}},"46":{"start":{"line":137,"column":30},"end":{"line":150,"column":1}},"47":{"start":{"line":138,"column":2},"end":{"line":149,"column":3}},"48":{"start":{"line":139,"column":21},"end":{"line":141,"column":35}},"49":{"start":{"line":142,"column":4},"end":{"line":142,"column":23}},"50":{"start":{"line":148,"column":4},"end":{"line":148,"column":74}},"51":{"start":{"line":155,"column":31},"end":{"line":172,"column":1}},"52":{"start":{"line":156,"column":2},"end":{"line":171,"column":3}},"53":{"start":{"line":157,"column":35},"end":{"line":157,"column":44}},"54":{"start":{"line":158,"column":19},"end":{"line":158,"column":21}},"55":{"start":{"line":159,"column":4},"end":{"line":159,"column":63}},"56":{"start":{"line":159,"column":19},"end":{"line":159,"column":63}},"57":{"start":{"line":160,"column":4},"end":{"line":160,"column":75}},"58":{"start":{"line":160,"column":17},"end":{"line":160,"column":75}},"59":{"start":{"line":161,"column":21},"end":{"line":163,"column":33}},"60":{"start":{"line":164,"column":4},"end":{"line":164,"column":23}},"61":{"start":{"line":170,"column":4},"end":{"line":170,"column":74}},"62":{"start":{"line":177,"column":27},"end":{"line":190,"column":1}},"63":{"start":{"line":178,"column":2},"end":{"line":189,"column":3}},"64":{"start":{"line":179,"column":21},"end":{"line":181,"column":67}},"65":{"start":{"line":182,"column":4},"end":{"line":182,"column":23}},"66":{"start":{"line":188,"column":4},"end":{"line":188,"column":74}},"67":{"start":{"line":195,"column":28},"end":{"line":208,"column":1}},"68":{"start":{"line":196,"column":2},"end":{"line":207,"column":3}},"69":{"start":{"line":197,"column":21},"end":{"line":199,"column":67}},"70":{"start":{"line":200,"column":4},"end":{"line":200,"column":23}},"71":{"start":{"line":206,"column":4},"end":{"line":206,"column":74}},"72":{"start":{"line":213,"column":30},"end":{"line":247,"column":1}},"73":{"start":{"line":214,"column":2},"end":{"line":246,"column":3}},"74":{"start":{"line":215,"column":19},"end":{"line":238,"column":6}},"75":{"start":{"line":239,"column":4},"end":{"line":239,"column":21}},"76":{"start":{"line":245,"column":4},"end":{"line":245,"column":74}},"77":{"start":{"line":252,"column":32},"end":{"line":265,"column":1}},"78":{"start":{"line":253,"column":2},"end":{"line":264,"column":3}},"79":{"start":{"line":254,"column":21},"end":{"line":256,"column":67}},"80":{"start":{"line":257,"column":4},"end":{"line":257,"column":23}},"81":{"start":{"line":263,"column":4},"end":{"line":263,"column":74}},"82":{"start":{"line":270,"column":24},"end":{"line":309,"column":1}},"83":{"start":{"line":271,"column":2},"end":{"line":308,"column":3}},"84":{"start":{"line":272,"column":21},"end":{"line":300,"column":6}},"85":{"start":{"line":301,"column":4},"end":{"line":301,"column":23}},"86":{"start":{"line":307,"column":4},"end":{"line":307,"column":74}},"87":{"start":{"line":314,"column":25},"end":{"line":326,"column":1}},"88":{"start":{"line":315,"column":2},"end":{"line":325,"column":3}},"89":{"start":{"line":316,"column":20},"end":{"line":316,"column":76}},"90":{"start":{"line":317,"column":4},"end":{"line":317,"column":105}},"91":{"start":{"line":317,"column":18},"end":{"line":317,"column":105}},"92":{"start":{"line":318,"column":4},"end":{"line":318,"column":29}},"93":{"start":{"line":324,"column":4},"end":{"line":324,"column":74}},"94":{"start":{"line":331,"column":27},"end":{"line":351,"column":1}},"95":{"start":{"line":332,"column":2},"end":{"line":350,"column":3}},"96":{"start":{"line":333,"column":20},"end":{"line":333,"column":57}},"97":{"start":{"line":334,"column":4},"end":{"line":334,"column":105}},"98":{"start":{"line":334,"column":18},"end":{"line":334,"column":105}},"99":{"start":{"line":335,"column":23},"end":{"line":335,"column":45}},"100":{"start":{"line":336,"column":4},"end":{"line":336,"column":36}},"101":{"start":{"line":337,"column":21},"end":{"line":337,"column":43}},"102":{"start":{"line":338,"column":4},"end":{"line":338,"column":39}},"103":{"start":{"line":339,"column":21},"end":{"line":342,"column":58}},"104":{"start":{"line":343,"column":4},"end":{"line":343,"column":23}},"105":{"start":{"line":349,"column":4},"end":{"line":349,"column":74}},"106":{"start":{"line":356,"column":29},"end":{"line":373,"column":1}},"107":{"start":{"line":357,"column":2},"end":{"line":372,"column":3}},"108":{"start":{"line":358,"column":20},"end":{"line":358,"column":57}},"109":{"start":{"line":359,"column":4},"end":{"line":359,"column":105}},"110":{"start":{"line":359,"column":18},"end":{"line":359,"column":105}},"111":{"start":{"line":360,"column":4},"end":{"line":360,"column":44}},"112":{"start":{"line":360,"column":24},"end":{"line":360,"column":44}},"113":{"start":{"line":361,"column":21},"end":{"line":364,"column":67}},"114":{"start":{"line":365,"column":4},"end":{"line":365,"column":23}},"115":{"start":{"line":371,"column":4},"end":{"line":371,"column":74}},"116":{"start":{"line":378,"column":30},"end":{"line":394,"column":1}},"117":{"start":{"line":379,"column":2},"end":{"line":393,"column":3}},"118":{"start":{"line":380,"column":17},"end":{"line":380,"column":42}},"119":{"start":{"line":381,"column":20},"end":{"line":381,"column":57}},"120":{"start":{"line":382,"column":4},"end":{"line":382,"column":105}},"121":{"start":{"line":382,"column":18},"end":{"line":382,"column":105}},"122":{"start":{"line":383,"column":18},"end":{"line":385,"column":24}},"123":{"start":{"line":386,"column":4},"end":{"line":386,"column":20}},"124":{"start":{"line":392,"column":4},"end":{"line":392,"column":74}},"125":{"start":{"line":396,"column":0},"end":{"line":401,"column":2}}},"fnMap":{"0":{"name":"(anonymous_0)","decl":{"start":{"line":6,"column":20},"end":{"line":6,"column":21}},"loc":{"start":{"line":6,"column":40},"end":{"line":35,"column":1}},"line":6},"1":{"name":"(anonymous_1)","decl":{"start":{"line":40,"column":28},"end":{"line":40,"column":29}},"loc":{"start":{"line":40,"column":48},"end":{"line":51,"column":1}},"line":40},"2":{"name":"(anonymous_2)","decl":{"start":{"line":56,"column":22},"end":{"line":56,"column":23}},"loc":{"start":{"line":56,"column":42},"end":{"line":70,"column":1}},"line":56},"3":{"name":"(anonymous_3)","decl":{"start":{"line":75,"column":22},"end":{"line":75,"column":23}},"loc":{"start":{"line":75,"column":42},"end":{"line":95,"column":1}},"line":75},"4":{"name":"(anonymous_4)","decl":{"start":{"line":100,"column":22},"end":{"line":100,"column":23}},"loc":{"start":{"line":100,"column":42},"end":{"line":114,"column":1}},"line":100},"5":{"name":"(anonymous_5)","decl":{"start":{"line":119,"column":23},"end":{"line":119,"column":24}},"loc":{"start":{"line":119,"column":43},"end":{"line":132,"column":1}},"line":119},"6":{"name":"(anonymous_6)","decl":{"start":{"line":137,"column":30},"end":{"line":137,"column":31}},"loc":{"start":{"line":137,"column":50},"end":{"line":150,"column":1}},"line":137},"7":{"name":"(anonymous_7)","decl":{"start":{"line":155,"column":31},"end":{"line":155,"column":32}},"loc":{"start":{"line":155,"column":51},"end":{"line":172,"column":1}},"line":155},"8":{"name":"(anonymous_8)","decl":{"start":{"line":177,"column":27},"end":{"line":177,"column":28}},"loc":{"start":{"line":177,"column":47},"end":{"line":190,"column":1}},"line":177},"9":{"name":"(anonymous_9)","decl":{"start":{"line":195,"column":28},"end":{"line":195,"column":29}},"loc":{"start":{"line":195,"column":48},"end":{"line":208,"column":1}},"line":195},"10":{"name":"(anonymous_10)","decl":{"start":{"line":213,"column":30},"end":{"line":213,"column":31}},"loc":{"start":{"line":213,"column":50},"end":{"line":247,"column":1}},"line":213},"11":{"name":"(anonymous_11)","decl":{"start":{"line":252,"column":32},"end":{"line":252,"column":33}},"loc":{"start":{"line":252,"column":52},"end":{"line":265,"column":1}},"line":252},"12":{"name":"(anonymous_12)","decl":{"start":{"line":270,"column":24},"end":{"line":270,"column":25}},"loc":{"start":{"line":270,"column":44},"end":{"line":309,"column":1}},"line":270},"13":{"name":"(anonymous_13)","decl":{"start":{"line":314,"column":25},"end":{"line":314,"column":26}},"loc":{"start":{"line":314,"column":45},"end":{"line":326,"column":1}},"line":314},"14":{"name":"(anonymous_14)","decl":{"start":{"line":331,"column":27},"end":{"line":331,"column":28}},"loc":{"start":{"line":331,"column":47},"end":{"line":351,"column":1}},"line":331},"15":{"name":"(anonymous_15)","decl":{"start":{"line":356,"column":29},"end":{"line":356,"column":30}},"loc":{"start":{"line":356,"column":49},"end":{"line":373,"column":1}},"line":356},"16":{"name":"(anonymous_16)","decl":{"start":{"line":378,"column":30},"end":{"line":378,"column":31}},"loc":{"start":{"line":378,"column":50},"end":{"line":394,"column":1}},"line":378}},"branchMap":{"0":{"loc":{"start":{"line":9,"column":4},"end":{"line":9,"column":59}},"type":"if","locations":[{"start":{"line":9,"column":4},"end":{"line":9,"column":59}},{"start":{},"end":{}}],"line":9},"1":{"loc":{"start":{"line":11,"column":17},"end":{"line":11,"column":46}},"type":"binary-expr","locations":[{"start":{"line":11,"column":17},"end":{"line":11,"column":41}},{"start":{"line":11,"column":45},"end":{"line":11,"column":46}}],"line":11},"2":{"loc":{"start":{"line":12,"column":18},"end":{"line":12,"column":50}},"type":"binary-expr","locations":[{"start":{"line":12,"column":18},"end":{"line":12,"column":43}},{"start":{"line":12,"column":47},"end":{"line":12,"column":50}}],"line":12},"3":{"loc":{"start":{"line":65,"column":4},"end":{"line":67,"column":5}},"type":"if","locations":[{"start":{"line":65,"column":4},"end":{"line":67,"column":5}},{"start":{},"end":{}}],"line":65},"4":{"loc":{"start":{"line":81,"column":4},"end":{"line":83,"column":5}},"type":"if","locations":[{"start":{"line":81,"column":4},"end":{"line":83,"column":5}},{"start":{},"end":{}}],"line":81},"5":{"loc":{"start":{"line":90,"column":4},"end":{"line":92,"column":5}},"type":"if","locations":[{"start":{"line":90,"column":4},"end":{"line":92,"column":5}},{"start":{},"end":{}}],"line":90},"6":{"loc":{"start":{"line":103,"column":4},"end":{"line":105,"column":5}},"type":"if","locations":[{"start":{"line":103,"column":4},"end":{"line":105,"column":5}},{"start":{},"end":{}}],"line":103},"7":{"loc":{"start":{"line":159,"column":4},"end":{"line":159,"column":63}},"type":"if","locations":[{"start":{"line":159,"column":4},"end":{"line":159,"column":63}},{"start":{},"end":{}}],"line":159},"8":{"loc":{"start":{"line":160,"column":4},"end":{"line":160,"column":75}},"type":"if","locations":[{"start":{"line":160,"column":4},"end":{"line":160,"column":75}},{"start":{},"end":{}}],"line":160},"9":{"loc":{"start":{"line":317,"column":4},"end":{"line":317,"column":105}},"type":"if","locations":[{"start":{"line":317,"column":4},"end":{"line":317,"column":105}},{"start":{},"end":{}}],"line":317},"10":{"loc":{"start":{"line":334,"column":4},"end":{"line":334,"column":105}},"type":"if","locations":[{"start":{"line":334,"column":4},"end":{"line":334,"column":105}},{"start":{},"end":{}}],"line":334},"11":{"loc":{"start":{"line":359,"column":4},"end":{"line":359,"column":105}},"type":"if","locations":[{"start":{"line":359,"column":4},"end":{"line":359,"column":105}},{"start":{},"end":{}}],"line":359},"12":{"loc":{"start":{"line":360,"column":4},"end":{"line":360,"column":44}},"type":"if","locations":[{"start":{"line":360,"column":4},"end":{"line":360,"column":44}},{"start":{},"end":{}}],"line":360},"13":{"loc":{"start":{"line":382,"column":4},"end":{"line":382,"column":105}},"type":"if","locations":[{"start":{"line":382,"column":4},"end":{"line":382,"column":105}},{"start":{},"end":{}}],"line":382}},"s":{"0":8,"1":8,"2":17,"3":17,"4":17,"5":0,"6":17,"7":17,"8":17,"9":17,"10":17,"11":17,"12":0,"13":8,"14":0,"15":0,"16":0,"17":0,"18":8,"19":11,"20":11,"21":11,"22":0,"23":0,"24":0,"25":8,"26":9,"27":9,"28":7,"29":2,"30":5,"31":0,"32":0,"33":0,"34":8,"35":7,"36":7,"37":5,"38":2,"39":3,"40":0,"41":8,"42":1,"43":1,"44":1,"45":0,"46":8,"47":1,"48":1,"49":1,"50":0,"51":8,"52":1,"53":1,"54":1,"55":1,"56":1,"57":1,"58":1,"59":1,"60":1,"61":0,"62":8,"63":1,"64":1,"65":1,"66":0,"67":8,"68":1,"69":1,"70":1,"71":0,"72":8,"73":1,"74":1,"75":1,"76":0,"77":8,"78":1,"79":1,"80":1,"81":0,"82":8,"83":1,"84":1,"85":1,"86":0,"87":8,"88":3,"89":3,"90":2,"91":1,"92":1,"93":0,"94":8,"95":2,"96":2,"97":2,"98":1,"99":1,"100":1,"101":1,"102":1,"103":1,"104":1,"105":0,"106":8,"107":2,"108":2,"109":2,"110":1,"111":1,"112":0,"113":1,"114":1,"115":0,"116":8,"117":2,"118":2,"119":2,"120":2,"121":1,"122":1,"123":1,"124":0,"125":8},"f":{"0":17,"1":0,"2":11,"3":9,"4":7,"5":1,"6":1,"7":1,"8":1,"9":1,"10":1,"11":1,"12":1,"13":3,"14":2,"15":2,"16":2},"b":{"0":[0,17],"1":[17,17],"2":[17,17],"3":[0,0],"4":[2,5],"5":[0,0],"6":[2,3],"7":[1,0],"8":[1,0],"9":[1,1],"10":[1,1],"11":[1,1],"12":[0,1],"13":[1,1]},"_coverageSchema":"1a1c01bbd47fc00a2c39e90264f33305004495a9","hash":"fce8eb2c84c8ef6f95f7841995ec7a5e0a79572a"}
,"C:\\FeriaApp\\backend\\src\\controllers\\fairController.js": {"path":"C:\\FeriaApp\\backend\\src\\controllers\\fairController.js","statementMap":{"0":{"start":{"line":1,"column":13},"end":{"line":1,"column":38}},"1":{"start":{"line":6,"column":17},"end":{"line":34,"column":1}},"2":{"start":{"line":7,"column":2},"end":{"line":33,"column":3}},"3":{"start":{"line":8,"column":19},"end":{"line":8,"column":21}},"4":{"start":{"line":9,"column":4},"end":{"line":9,"column":70}},"5":{"start":{"line":9,"column":26},"end":{"line":9,"column":70}},"6":{"start":{"line":11,"column":17},"end":{"line":11,"column":46}},"7":{"start":{"line":12,"column":18},"end":{"line":12,"column":50}},"8":{"start":{"line":13,"column":17},"end":{"line":13,"column":35}},"9":{"start":{"line":15,"column":18},"end":{"line":15,"column":51}},"10":{"start":{"line":16,"column":18},"end":{"line":19,"column":29}},"11":{"start":{"line":21,"column":4},"end":{"line":26,"column":7}},"12":{"start":{"line":32,"column":4},"end":{"line":32,"column":74}},"13":{"start":{"line":39,"column":16},"end":{"line":53,"column":1}},"14":{"start":{"line":40,"column":2},"end":{"line":52,"column":3}},"15":{"start":{"line":41,"column":17},"end":{"line":41,"column":51}},"16":{"start":{"line":42,"column":4},"end":{"line":44,"column":5}},"17":{"start":{"line":43,"column":6},"end":{"line":43,"column":87}},"18":{"start":{"line":45,"column":4},"end":{"line":45,"column":19}},"19":{"start":{"line":51,"column":4},"end":{"line":51,"column":74}},"20":{"start":{"line":58,"column":19},"end":{"line":72,"column":1}},"21":{"start":{"line":59,"column":2},"end":{"line":71,"column":3}},"22":{"start":{"line":60,"column":17},"end":{"line":60,"column":44}},"23":{"start":{"line":61,"column":4},"end":{"line":61,"column":31}},"24":{"start":{"line":67,"column":4},"end":{"line":69,"column":5}},"25":{"start":{"line":68,"column":6},"end":{"line":68,"column":86}},"26":{"start":{"line":70,"column":4},"end":{"line":70,"column":74}},"27":{"start":{"line":77,"column":19},"end":{"line":97,"column":1}},"28":{"start":{"line":78,"column":2},"end":{"line":96,"column":3}},"29":{"start":{"line":79,"column":17},"end":{"line":82,"column":6}},"30":{"start":{"line":83,"column":4},"end":{"line":85,"column":5}},"31":{"start":{"line":84,"column":6},"end":{"line":84,"column":87}},"32":{"start":{"line":86,"column":4},"end":{"line":86,"column":19}},"33":{"start":{"line":92,"column":4},"end":{"line":94,"column":5}},"34":{"start":{"line":93,"column":6},"end":{"line":93,"column":86}},"35":{"start":{"line":95,"column":4},"end":{"line":95,"column":74}},"36":{"start":{"line":102,"column":19},"end":{"line":116,"column":1}},"37":{"start":{"line":103,"column":2},"end":{"line":115,"column":3}},"38":{"start":{"line":104,"column":17},"end":{"line":104,"column":60}},"39":{"start":{"line":105,"column":4},"end":{"line":107,"column":5}},"40":{"start":{"line":106,"column":6},"end":{"line":106,"column":87}},"41":{"start":{"line":108,"column":4},"end":{"line":108,"column":27}},"42":{"start":{"line":114,"column":4},"end":{"line":114,"column":74}},"43":{"start":{"line":121,"column":23},"end":{"line":132,"column":1}},"44":{"start":{"line":122,"column":2},"end":{"line":131,"column":3}},"45":{"start":{"line":123,"column":18},"end":{"line":123,"column":74}},"46":{"start":{"line":124,"column":4},"end":{"line":124,"column":20}},"47":{"start":{"line":130,"column":4},"end":{"line":130,"column":74}},"48":{"start":{"line":137,"column":20},"end":{"line":150,"column":1}},"49":{"start":{"line":138,"column":2},"end":{"line":149,"column":3}},"50":{"start":{"line":139,"column":18},"end":{"line":141,"column":29}},"51":{"start":{"line":142,"column":4},"end":{"line":142,"column":20}},"52":{"start":{"line":148,"column":4},"end":{"line":148,"column":74}},"53":{"start":{"line":155,"column":28},"end":{"line":170,"column":1}},"54":{"start":{"line":156,"column":2},"end":{"line":169,"column":3}},"55":{"start":{"line":157,"column":35},"end":{"line":157,"column":44}},"56":{"start":{"line":158,"column":19},"end":{"line":158,"column":21}},"57":{"start":{"line":159,"column":4},"end":{"line":159,"column":68}},"58":{"start":{"line":159,"column":19},"end":{"line":159,"column":68}},"59":{"start":{"line":160,"column":4},"end":{"line":160,"column":62}},"60":{"start":{"line":160,"column":17},"end":{"line":160,"column":62}},"61":{"start":{"line":161,"column":18},"end":{"line":161,"column":64}},"62":{"start":{"line":162,"column":4},"end":{"line":162,"column":20}},"63":{"start":{"line":168,"column":4},"end":{"line":168,"column":74}},"64":{"start":{"line":175,"column":22},"end":{"line":187,"column":1}},"65":{"start":{"line":176,"column":2},"end":{"line":186,"column":3}},"66":{"start":{"line":177,"column":17},"end":{"line":177,"column":61}},"67":{"start":{"line":178,"column":4},"end":{"line":178,"column":96}},"68":{"start":{"line":178,"column":15},"end":{"line":178,"column":96}},"69":{"start":{"line":179,"column":4},"end":{"line":179,"column":19}},"70":{"start":{"line":185,"column":4},"end":{"line":185,"column":74}},"71":{"start":{"line":192,"column":27},"end":{"line":206,"column":1}},"72":{"start":{"line":193,"column":2},"end":{"line":205,"column":3}},"73":{"start":{"line":194,"column":19},"end":{"line":194,"column":46}},"74":{"start":{"line":195,"column":17},"end":{"line":195,"column":51}},"75":{"start":{"line":196,"column":4},"end":{"line":196,"column":96}},"76":{"start":{"line":196,"column":15},"end":{"line":196,"column":96}},"77":{"start":{"line":197,"column":20},"end":{"line":197,"column":82}},"78":{"start":{"line":198,"column":4},"end":{"line":198,"column":32}},"79":{"start":{"line":204,"column":4},"end":{"line":204,"column":74}},"80":{"start":{"line":211,"column":27},"end":{"line":223,"column":1}},"81":{"start":{"line":212,"column":2},"end":{"line":222,"column":3}},"82":{"start":{"line":213,"column":19},"end":{"line":213,"column":62}},"83":{"start":{"line":214,"column":21},"end":{"line":214,"column":65}},"84":{"start":{"line":215,"column":4},"end":{"line":215,"column":61}},"85":{"start":{"line":221,"column":4},"end":{"line":221,"column":74}},"86":{"start":{"line":228,"column":32},"end":{"line":239,"column":1}},"87":{"start":{"line":229,"column":2},"end":{"line":238,"column":3}},"88":{"start":{"line":230,"column":18},"end":{"line":230,"column":57}},"89":{"start":{"line":231,"column":4},"end":{"line":231,"column":20}},"90":{"start":{"line":237,"column":4},"end":{"line":237,"column":74}},"91":{"start":{"line":244,"column":20},"end":{"line":266,"column":1}},"92":{"start":{"line":245,"column":2},"end":{"line":265,"column":3}},"93":{"start":{"line":246,"column":19},"end":{"line":246,"column":46}},"94":{"start":{"line":247,"column":17},"end":{"line":247,"column":42}},"95":{"start":{"line":248,"column":20},"end":{"line":248,"column":48}},"96":{"start":{"line":250,"column":17},"end":{"line":250,"column":51}},"97":{"start":{"line":251,"column":4},"end":{"line":251,"column":96}},"98":{"start":{"line":251,"column":15},"end":{"line":251,"column":96}},"99":{"start":{"line":253,"column":20},"end":{"line":253,"column":82}},"100":{"start":{"line":254,"column":22},"end":{"line":254,"column":45}},"101":{"start":{"line":254,"column":39},"end":{"line":254,"column":44}},"102":{"start":{"line":255,"column":18},"end":{"line":255,"column":99}},"103":{"start":{"line":256,"column":21},"end":{"line":256,"column":132}},"104":{"start":{"line":258,"column":4},"end":{"line":258,"column":49}},"105":{"start":{"line":264,"column":4},"end":{"line":264,"column":74}},"106":{"start":{"line":271,"column":21},"end":{"line":288,"column":1}},"107":{"start":{"line":272,"column":2},"end":{"line":287,"column":3}},"108":{"start":{"line":273,"column":19},"end":{"line":273,"column":46}},"109":{"start":{"line":274,"column":17},"end":{"line":274,"column":42}},"110":{"start":{"line":275,"column":20},"end":{"line":275,"column":76}},"111":{"start":{"line":276,"column":22},"end":{"line":276,"column":45}},"112":{"start":{"line":276,"column":39},"end":{"line":276,"column":44}},"113":{"start":{"line":277,"column":18},"end":{"line":279,"column":24}},"114":{"start":{"line":280,"column":4},"end":{"line":280,"column":20}},"115":{"start":{"line":286,"column":4},"end":{"line":286,"column":74}},"116":{"start":{"line":293,"column":24},"end":{"line":310,"column":1}},"117":{"start":{"line":294,"column":2},"end":{"line":309,"column":3}},"118":{"start":{"line":295,"column":19},"end":{"line":295,"column":46}},"119":{"start":{"line":296,"column":20},"end":{"line":296,"column":48}},"120":{"start":{"line":297,"column":20},"end":{"line":297,"column":76}},"121":{"start":{"line":298,"column":22},"end":{"line":298,"column":45}},"122":{"start":{"line":298,"column":39},"end":{"line":298,"column":44}},"123":{"start":{"line":299,"column":21},"end":{"line":301,"column":33}},"124":{"start":{"line":302,"column":4},"end":{"line":302,"column":23}},"125":{"start":{"line":308,"column":4},"end":{"line":308,"column":74}},"126":{"start":{"line":315,"column":21},"end":{"line":344,"column":1}},"127":{"start":{"line":316,"column":2},"end":{"line":343,"column":3}},"128":{"start":{"line":317,"column":19},"end":{"line":317,"column":46}},"129":{"start":{"line":318,"column":17},"end":{"line":318,"column":42}},"130":{"start":{"line":319,"column":20},"end":{"line":319,"column":48}},"131":{"start":{"line":320,"column":17},"end":{"line":320,"column":51}},"132":{"start":{"line":321,"column":4},"end":{"line":321,"column":96}},"133":{"start":{"line":321,"column":15},"end":{"line":321,"column":96}},"134":{"start":{"line":322,"column":20},"end":{"line":322,"column":76}},"135":{"start":{"line":323,"column":22},"end":{"line":323,"column":45}},"136":{"start":{"line":323,"column":39},"end":{"line":323,"column":44}},"137":{"start":{"line":324,"column":23},"end":{"line":324,"column":80}},"138":{"start":{"line":325,"column":26},"end":{"line":325,"column":86}},"139":{"start":{"line":326,"column":25},"end":{"line":329,"column":6}},"140":{"start":{"line":330,"column":4},"end":{"line":336,"column":7}},"141":{"start":{"line":342,"column":4},"end":{"line":342,"column":74}},"142":{"start":{"line":349,"column":28},"end":{"line":361,"column":1}},"143":{"start":{"line":350,"column":2},"end":{"line":360,"column":3}},"144":{"start":{"line":351,"column":19},"end":{"line":351,"column":46}},"145":{"start":{"line":352,"column":18},"end":{"line":352,"column":70}},"146":{"start":{"line":353,"column":4},"end":{"line":353,"column":24}},"147":{"start":{"line":359,"column":4},"end":{"line":359,"column":74}},"148":{"start":{"line":366,"column":32},"end":{"line":381,"column":1}},"149":{"start":{"line":367,"column":2},"end":{"line":380,"column":3}},"150":{"start":{"line":368,"column":19},"end":{"line":368,"column":46}},"151":{"start":{"line":369,"column":20},"end":{"line":372,"column":26}},"152":{"start":{"line":373,"column":4},"end":{"line":373,"column":22}},"153":{"start":{"line":379,"column":4},"end":{"line":379,"column":74}},"154":{"start":{"line":386,"column":29},"end":{"line":401,"column":1}},"155":{"start":{"line":387,"column":2},"end":{"line":400,"column":3}},"156":{"start":{"line":388,"column":19},"end":{"line":388,"column":46}},"157":{"start":{"line":389,"column":20},"end":{"line":392,"column":26}},"158":{"start":{"line":393,"column":4},"end":{"line":393,"column":22}},"159":{"start":{"line":399,"column":4},"end":{"line":399,"column":74}},"160":{"start":{"line":403,"column":0},"end":{"line":409,"column":2}}},"fnMap":{"0":{"name":"(anonymous_0)","decl":{"start":{"line":6,"column":17},"end":{"line":6,"column":18}},"loc":{"start":{"line":6,"column":37},"end":{"line":34,"column":1}},"line":6},"1":{"name":"(anonymous_1)","decl":{"start":{"line":39,"column":16},"end":{"line":39,"column":17}},"loc":{"start":{"line":39,"column":36},"end":{"line":53,"column":1}},"line":39},"2":{"name":"(anonymous_2)","decl":{"start":{"line":58,"column":19},"end":{"line":58,"column":20}},"loc":{"start":{"line":58,"column":39},"end":{"line":72,"column":1}},"line":58},"3":{"name":"(anonymous_3)","decl":{"start":{"line":77,"column":19},"end":{"line":77,"column":20}},"loc":{"start":{"line":77,"column":39},"end":{"line":97,"column":1}},"line":77},"4":{"name":"(anonymous_4)","decl":{"start":{"line":102,"column":19},"end":{"line":102,"column":20}},"loc":{"start":{"line":102,"column":39},"end":{"line":116,"column":1}},"line":102},"5":{"name":"(anonymous_5)","decl":{"start":{"line":121,"column":23},"end":{"line":121,"column":24}},"loc":{"start":{"line":121,"column":43},"end":{"line":132,"column":1}},"line":121},"6":{"name":"(anonymous_6)","decl":{"start":{"line":137,"column":20},"end":{"line":137,"column":21}},"loc":{"start":{"line":137,"column":40},"end":{"line":150,"column":1}},"line":137},"7":{"name":"(anonymous_7)","decl":{"start":{"line":155,"column":28},"end":{"line":155,"column":29}},"loc":{"start":{"line":155,"column":48},"end":{"line":170,"column":1}},"line":155},"8":{"name":"(anonymous_8)","decl":{"start":{"line":175,"column":22},"end":{"line":175,"column":23}},"loc":{"start":{"line":175,"column":42},"end":{"line":187,"column":1}},"line":175},"9":{"name":"(anonymous_9)","decl":{"start":{"line":192,"column":27},"end":{"line":192,"column":28}},"loc":{"start":{"line":192,"column":47},"end":{"line":206,"column":1}},"line":192},"10":{"name":"(anonymous_10)","decl":{"start":{"line":211,"column":27},"end":{"line":211,"column":28}},"loc":{"start":{"line":211,"column":47},"end":{"line":223,"column":1}},"line":211},"11":{"name":"(anonymous_11)","decl":{"start":{"line":228,"column":32},"end":{"line":228,"column":33}},"loc":{"start":{"line":228,"column":52},"end":{"line":239,"column":1}},"line":228},"12":{"name":"(anonymous_12)","decl":{"start":{"line":244,"column":20},"end":{"line":244,"column":21}},"loc":{"start":{"line":244,"column":40},"end":{"line":266,"column":1}},"line":244},"13":{"name":"(anonymous_13)","decl":{"start":{"line":254,"column":34},"end":{"line":254,"column":35}},"loc":{"start":{"line":254,"column":39},"end":{"line":254,"column":44}},"line":254},"14":{"name":"(anonymous_14)","decl":{"start":{"line":271,"column":21},"end":{"line":271,"column":22}},"loc":{"start":{"line":271,"column":41},"end":{"line":288,"column":1}},"line":271},"15":{"name":"(anonymous_15)","decl":{"start":{"line":276,"column":34},"end":{"line":276,"column":35}},"loc":{"start":{"line":276,"column":39},"end":{"line":276,"column":44}},"line":276},"16":{"name":"(anonymous_16)","decl":{"start":{"line":293,"column":24},"end":{"line":293,"column":25}},"loc":{"start":{"line":293,"column":44},"end":{"line":310,"column":1}},"line":293},"17":{"name":"(anonymous_17)","decl":{"start":{"line":298,"column":34},"end":{"line":298,"column":35}},"loc":{"start":{"line":298,"column":39},"end":{"line":298,"column":44}},"line":298},"18":{"name":"(anonymous_18)","decl":{"start":{"line":315,"column":21},"end":{"line":315,"column":22}},"loc":{"start":{"line":315,"column":41},"end":{"line":344,"column":1}},"line":315},"19":{"name":"(anonymous_19)","decl":{"start":{"line":323,"column":34},"end":{"line":323,"column":35}},"loc":{"start":{"line":323,"column":39},"end":{"line":323,"column":44}},"line":323},"20":{"name":"(anonymous_20)","decl":{"start":{"line":349,"column":28},"end":{"line":349,"column":29}},"loc":{"start":{"line":349,"column":48},"end":{"line":361,"column":1}},"line":349},"21":{"name":"(anonymous_21)","decl":{"start":{"line":366,"column":32},"end":{"line":366,"column":33}},"loc":{"start":{"line":366,"column":52},"end":{"line":381,"column":1}},"line":366},"22":{"name":"(anonymous_22)","decl":{"start":{"line":386,"column":29},"end":{"line":386,"column":30}},"loc":{"start":{"line":386,"column":49},"end":{"line":401,"column":1}},"line":386}},"branchMap":{"0":{"loc":{"start":{"line":9,"column":4},"end":{"line":9,"column":70}},"type":"if","locations":[{"start":{"line":9,"column":4},"end":{"line":9,"column":70}},{"start":{},"end":{}}],"line":9},"1":{"loc":{"start":{"line":11,"column":17},"end":{"line":11,"column":46}},"type":"binary-expr","locations":[{"start":{"line":11,"column":17},"end":{"line":11,"column":41}},{"start":{"line":11,"column":45},"end":{"line":11,"column":46}}],"line":11},"2":{"loc":{"start":{"line":12,"column":18},"end":{"line":12,"column":50}},"type":"binary-expr","locations":[{"start":{"line":12,"column":18},"end":{"line":12,"column":43}},{"start":{"line":12,"column":47},"end":{"line":12,"column":50}}],"line":12},"3":{"loc":{"start":{"line":42,"column":4},"end":{"line":44,"column":5}},"type":"if","locations":[{"start":{"line":42,"column":4},"end":{"line":44,"column":5}},{"start":{},"end":{}}],"line":42},"4":{"loc":{"start":{"line":67,"column":4},"end":{"line":69,"column":5}},"type":"if","locations":[{"start":{"line":67,"column":4},"end":{"line":69,"column":5}},{"start":{},"end":{}}],"line":67},"5":{"loc":{"start":{"line":83,"column":4},"end":{"line":85,"column":5}},"type":"if","locations":[{"start":{"line":83,"column":4},"end":{"line":85,"column":5}},{"start":{},"end":{}}],"line":83},"6":{"loc":{"start":{"line":92,"column":4},"end":{"line":94,"column":5}},"type":"if","locations":[{"start":{"line":92,"column":4},"end":{"line":94,"column":5}},{"start":{},"end":{}}],"line":92},"7":{"loc":{"start":{"line":105,"column":4},"end":{"line":107,"column":5}},"type":"if","locations":[{"start":{"line":105,"column":4},"end":{"line":107,"column":5}},{"start":{},"end":{}}],"line":105},"8":{"loc":{"start":{"line":159,"column":4},"end":{"line":159,"column":68}},"type":"if","locations":[{"start":{"line":159,"column":4},"end":{"line":159,"column":68}},{"start":{},"end":{}}],"line":159},"9":{"loc":{"start":{"line":160,"column":4},"end":{"line":160,"column":62}},"type":"if","locations":[{"start":{"line":160,"column":4},"end":{"line":160,"column":62}},{"start":{},"end":{}}],"line":160},"10":{"loc":{"start":{"line":178,"column":4},"end":{"line":178,"column":96}},"type":"if","locations":[{"start":{"line":178,"column":4},"end":{"line":178,"column":96}},{"start":{},"end":{}}],"line":178},"11":{"loc":{"start":{"line":196,"column":4},"end":{"line":196,"column":96}},"type":"if","locations":[{"start":{"line":196,"column":4},"end":{"line":196,"column":96}},{"start":{},"end":{}}],"line":196},"12":{"loc":{"start":{"line":251,"column":4},"end":{"line":251,"column":96}},"type":"if","locations":[{"start":{"line":251,"column":4},"end":{"line":251,"column":96}},{"start":{},"end":{}}],"line":251},"13":{"loc":{"start":{"line":321,"column":4},"end":{"line":321,"column":96}},"type":"if","locations":[{"start":{"line":321,"column":4},"end":{"line":321,"column":96}},{"start":{},"end":{}}],"line":321},"14":{"loc":{"start":{"line":335,"column":20},"end":{"line":335,"column":85}},"type":"cond-expr","locations":[{"start":{"line":335,"column":38},"end":{"line":335,"column":81}},{"start":{"line":335,"column":84},"end":{"line":335,"column":85}}],"line":335}},"s":{"0":8,"1":8,"2":11,"3":11,"4":11,"5":0,"6":11,"7":11,"8":11,"9":11,"10":11,"11":11,"12":0,"13":8,"14":3,"15":3,"16":2,"17":2,"18":0,"19":0,"20":8,"21":14,"22":14,"23":13,"24":1,"25":1,"26":0,"27":8,"28":11,"29":11,"30":9,"31":2,"32":7,"33":0,"34":0,"35":0,"36":8,"37":6,"38":6,"39":4,"40":2,"41":2,"42":0,"43":8,"44":1,"45":1,"46":1,"47":0,"48":8,"49":1,"50":1,"51":1,"52":0,"53":8,"54":1,"55":1,"56":1,"57":1,"58":1,"59":1,"60":1,"61":1,"62":1,"63":0,"64":8,"65":1,"66":1,"67":1,"68":0,"69":1,"70":0,"71":8,"72":2,"73":2,"74":2,"75":2,"76":1,"77":1,"78":1,"79":0,"80":8,"81":1,"82":1,"83":1,"84":1,"85":0,"86":8,"87":1,"88":1,"89":1,"90":0,"91":8,"92":3,"93":3,"94":3,"95":3,"96":3,"97":2,"98":1,"99":1,"100":1,"101":1,"102":1,"103":1,"104":1,"105":0,"106":8,"107":1,"108":1,"109":1,"110":1,"111":1,"112":1,"113":1,"114":1,"115":0,"116":8,"117":1,"118":1,"119":1,"120":1,"121":1,"122":1,"123":1,"124":1,"125":0,"126":8,"127":2,"128":2,"129":2,"130":2,"131":2,"132":2,"133":1,"134":1,"135":1,"136":1,"137":1,"138":1,"139":1,"140":1,"141":0,"142":8,"143":1,"144":1,"145":1,"146":1,"147":0,"148":8,"149":1,"150":1,"151":1,"152":1,"153":0,"154":8,"155":1,"156":1,"157":1,"158":1,"159":0,"160":8},"f":{"0":11,"1":3,"2":14,"3":11,"4":6,"5":1,"6":1,"7":1,"8":1,"9":2,"10":1,"11":1,"12":3,"13":1,"14":1,"15":1,"16":1,"17":1,"18":2,"19":1,"20":1,"21":1,"22":1},"b":{"0":[0,11],"1":[11,11],"2":[11,11],"3":[2,0],"4":[1,0],"5":[2,7],"6":[0,0],"7":[2,2],"8":[1,0],"9":[1,0],"10":[0,1],"11":[1,1],"12":[1,1],"13":[1,1],"14":[1,0]},"_coverageSchema":"1a1c01bbd47fc00a2c39e90264f33305004495a9","hash":"7d5e416bcd4556030c864eb20a9fe7d83c7027ae"}
,"C:\\FeriaApp\\backend\\src\\controllers\\menuController.js": {"path":"C:\\FeriaApp\\backend\\src\\controllers\\menuController.js","statementMap":{"0":{"start":{"line":1,"column":13},"end":{"line":1,"column":38}},"1":{"start":{"line":6,"column":17},"end":{"line":35,"column":1}},"2":{"start":{"line":7,"column":2},"end":{"line":34,"column":3}},"3":{"start":{"line":8,"column":19},"end":{"line":8,"column":21}},"4":{"start":{"line":9,"column":4},"end":{"line":9,"column":59}},"5":{"start":{"line":9,"column":26},"end":{"line":9,"column":59}},"6":{"start":{"line":11,"column":17},"end":{"line":11,"column":46}},"7":{"start":{"line":12,"column":18},"end":{"line":12,"column":50}},"8":{"start":{"line":13,"column":17},"end":{"line":13,"column":35}},"9":{"start":{"line":15,"column":18},"end":{"line":15,"column":51}},"10":{"start":{"line":16,"column":18},"end":{"line":20,"column":24}},"11":{"start":{"line":22,"column":4},"end":{"line":27,"column":7}},"12":{"start":{"line":33,"column":4},"end":{"line":33,"column":74}},"13":{"start":{"line":40,"column":25},"end":{"line":51,"column":1}},"14":{"start":{"line":41,"column":2},"end":{"line":50,"column":3}},"15":{"start":{"line":42,"column":18},"end":{"line":42,"column":100}},"16":{"start":{"line":43,"column":4},"end":{"line":43,"column":20}},"17":{"start":{"line":49,"column":4},"end":{"line":49,"column":74}},"18":{"start":{"line":56,"column":19},"end":{"line":67,"column":1}},"19":{"start":{"line":57,"column":2},"end":{"line":66,"column":3}},"20":{"start":{"line":58,"column":17},"end":{"line":58,"column":44}},"21":{"start":{"line":59,"column":4},"end":{"line":59,"column":31}},"22":{"start":{"line":61,"column":4},"end":{"line":63,"column":5}},"23":{"start":{"line":62,"column":6},"end":{"line":62,"column":86}},"24":{"start":{"line":64,"column":4},"end":{"line":64,"column":57}},"25":{"start":{"line":65,"column":4},"end":{"line":65,"column":73}},"26":{"start":{"line":72,"column":24},"end":{"line":99,"column":1}},"27":{"start":{"line":73,"column":2},"end":{"line":98,"column":3}},"28":{"start":{"line":74,"column":30},"end":{"line":74,"column":38}},"29":{"start":{"line":76,"column":4},"end":{"line":78,"column":5}},"30":{"start":{"line":77,"column":6},"end":{"line":77,"column":93}},"31":{"start":{"line":79,"column":4},"end":{"line":81,"column":5}},"32":{"start":{"line":80,"column":6},"end":{"line":80,"column":109}},"33":{"start":{"line":83,"column":17},"end":{"line":88,"column":7}},"34":{"start":{"line":83,"column":38},"end":{"line":88,"column":5}},"35":{"start":{"line":90,"column":20},"end":{"line":90,"column":66}},"36":{"start":{"line":91,"column":4},"end":{"line":91,"column":34}},"37":{"start":{"line":93,"column":4},"end":{"line":95,"column":5}},"38":{"start":{"line":94,"column":6},"end":{"line":94,"column":86}},"39":{"start":{"line":96,"column":4},"end":{"line":96,"column":66}},"40":{"start":{"line":97,"column":4},"end":{"line":97,"column":73}},"41":{"start":{"line":104,"column":19},"end":{"line":124,"column":1}},"42":{"start":{"line":105,"column":2},"end":{"line":123,"column":3}},"43":{"start":{"line":106,"column":17},"end":{"line":109,"column":6}},"44":{"start":{"line":110,"column":4},"end":{"line":112,"column":5}},"45":{"start":{"line":111,"column":6},"end":{"line":111,"column":92}},"46":{"start":{"line":113,"column":4},"end":{"line":113,"column":19}},"47":{"start":{"line":119,"column":4},"end":{"line":121,"column":5}},"48":{"start":{"line":120,"column":6},"end":{"line":120,"column":86}},"49":{"start":{"line":122,"column":4},"end":{"line":122,"column":74}},"50":{"start":{"line":129,"column":19},"end":{"line":143,"column":1}},"51":{"start":{"line":130,"column":2},"end":{"line":142,"column":3}},"52":{"start":{"line":131,"column":17},"end":{"line":131,"column":60}},"53":{"start":{"line":132,"column":4},"end":{"line":134,"column":5}},"54":{"start":{"line":133,"column":6},"end":{"line":133,"column":92}},"55":{"start":{"line":135,"column":4},"end":{"line":135,"column":27}},"56":{"start":{"line":141,"column":4},"end":{"line":141,"column":74}},"57":{"start":{"line":148,"column":20},"end":{"line":161,"column":1}},"58":{"start":{"line":149,"column":2},"end":{"line":160,"column":3}},"59":{"start":{"line":150,"column":18},"end":{"line":152,"column":58}},"60":{"start":{"line":153,"column":4},"end":{"line":153,"column":20}},"61":{"start":{"line":159,"column":4},"end":{"line":159,"column":74}},"62":{"start":{"line":166,"column":30},"end":{"line":179,"column":1}},"63":{"start":{"line":167,"column":2},"end":{"line":178,"column":3}},"64":{"start":{"line":168,"column":18},"end":{"line":170,"column":25}},"65":{"start":{"line":171,"column":4},"end":{"line":171,"column":20}},"66":{"start":{"line":177,"column":4},"end":{"line":177,"column":74}},"67":{"start":{"line":184,"column":29},"end":{"line":199,"column":1}},"68":{"start":{"line":185,"column":2},"end":{"line":198,"column":3}},"69":{"start":{"line":186,"column":16},"end":{"line":186,"column":46}},"70":{"start":{"line":187,"column":16},"end":{"line":187,"column":49}},"71":{"start":{"line":188,"column":18},"end":{"line":190,"column":59}},"72":{"start":{"line":191,"column":4},"end":{"line":191,"column":20}},"73":{"start":{"line":197,"column":4},"end":{"line":197,"column":74}},"74":{"start":{"line":204,"column":29},"end":{"line":218,"column":1}},"75":{"start":{"line":205,"column":2},"end":{"line":217,"column":3}},"76":{"start":{"line":206,"column":17},"end":{"line":208,"column":26}},"77":{"start":{"line":209,"column":4},"end":{"line":209,"column":96}},"78":{"start":{"line":209,"column":15},"end":{"line":209,"column":96}},"79":{"start":{"line":210,"column":4},"end":{"line":210,"column":19}},"80":{"start":{"line":216,"column":4},"end":{"line":216,"column":74}},"81":{"start":{"line":223,"column":24},"end":{"line":237,"column":1}},"82":{"start":{"line":224,"column":2},"end":{"line":236,"column":3}},"83":{"start":{"line":225,"column":17},"end":{"line":227,"column":25}},"84":{"start":{"line":228,"column":4},"end":{"line":228,"column":96}},"85":{"start":{"line":228,"column":15},"end":{"line":228,"column":96}},"86":{"start":{"line":229,"column":4},"end":{"line":229,"column":19}},"87":{"start":{"line":235,"column":4},"end":{"line":235,"column":74}},"88":{"start":{"line":242,"column":35},"end":{"line":255,"column":1}},"89":{"start":{"line":243,"column":2},"end":{"line":254,"column":3}},"90":{"start":{"line":244,"column":18},"end":{"line":246,"column":58}},"91":{"start":{"line":247,"column":4},"end":{"line":247,"column":20}},"92":{"start":{"line":253,"column":4},"end":{"line":253,"column":74}},"93":{"start":{"line":260,"column":27},"end":{"line":296,"column":1}},"94":{"start":{"line":261,"column":2},"end":{"line":295,"column":3}},"95":{"start":{"line":262,"column":19},"end":{"line":287,"column":6}},"96":{"start":{"line":288,"column":4},"end":{"line":288,"column":21}},"97":{"start":{"line":294,"column":4},"end":{"line":294,"column":74}},"98":{"start":{"line":301,"column":21},"end":{"line":339,"column":1}},"99":{"start":{"line":302,"column":2},"end":{"line":338,"column":3}},"100":{"start":{"line":303,"column":18},"end":{"line":330,"column":6}},"101":{"start":{"line":331,"column":4},"end":{"line":331,"column":20}},"102":{"start":{"line":337,"column":4},"end":{"line":337,"column":74}},"103":{"start":{"line":344,"column":22},"end":{"line":356,"column":1}},"104":{"start":{"line":345,"column":2},"end":{"line":355,"column":3}},"105":{"start":{"line":346,"column":17},"end":{"line":346,"column":70}},"106":{"start":{"line":347,"column":4},"end":{"line":347,"column":96}},"107":{"start":{"line":347,"column":15},"end":{"line":347,"column":96}},"108":{"start":{"line":348,"column":4},"end":{"line":348,"column":26}},"109":{"start":{"line":354,"column":4},"end":{"line":354,"column":74}},"110":{"start":{"line":361,"column":24},"end":{"line":377,"column":1}},"111":{"start":{"line":362,"column":2},"end":{"line":376,"column":3}},"112":{"start":{"line":363,"column":17},"end":{"line":363,"column":51}},"113":{"start":{"line":364,"column":4},"end":{"line":364,"column":96}},"114":{"start":{"line":364,"column":15},"end":{"line":364,"column":96}},"115":{"start":{"line":365,"column":20},"end":{"line":368,"column":59}},"116":{"start":{"line":369,"column":4},"end":{"line":369,"column":22}},"117":{"start":{"line":375,"column":4},"end":{"line":375,"column":74}},"118":{"start":{"line":382,"column":30},"end":{"line":398,"column":1}},"119":{"start":{"line":383,"column":2},"end":{"line":397,"column":3}},"120":{"start":{"line":384,"column":20},"end":{"line":384,"column":48}},"121":{"start":{"line":385,"column":17},"end":{"line":385,"column":51}},"122":{"start":{"line":386,"column":4},"end":{"line":386,"column":96}},"123":{"start":{"line":386,"column":15},"end":{"line":386,"column":96}},"124":{"start":{"line":387,"column":21},"end":{"line":389,"column":33}},"125":{"start":{"line":390,"column":4},"end":{"line":390,"column":23}},"126":{"start":{"line":396,"column":4},"end":{"line":396,"column":74}},"127":{"start":{"line":400,"column":0},"end":{"line":405,"column":2}}},"fnMap":{"0":{"name":"(anonymous_0)","decl":{"start":{"line":6,"column":17},"end":{"line":6,"column":18}},"loc":{"start":{"line":6,"column":37},"end":{"line":35,"column":1}},"line":6},"1":{"name":"(anonymous_1)","decl":{"start":{"line":40,"column":25},"end":{"line":40,"column":26}},"loc":{"start":{"line":40,"column":45},"end":{"line":51,"column":1}},"line":40},"2":{"name":"(anonymous_2)","decl":{"start":{"line":56,"column":19},"end":{"line":56,"column":20}},"loc":{"start":{"line":56,"column":39},"end":{"line":67,"column":1}},"line":56},"3":{"name":"(anonymous_3)","decl":{"start":{"line":72,"column":24},"end":{"line":72,"column":25}},"loc":{"start":{"line":72,"column":44},"end":{"line":99,"column":1}},"line":72},"4":{"name":"(anonymous_4)","decl":{"start":{"line":83,"column":27},"end":{"line":83,"column":28}},"loc":{"start":{"line":83,"column":38},"end":{"line":88,"column":5}},"line":83},"5":{"name":"(anonymous_5)","decl":{"start":{"line":104,"column":19},"end":{"line":104,"column":20}},"loc":{"start":{"line":104,"column":39},"end":{"line":124,"column":1}},"line":104},"6":{"name":"(anonymous_6)","decl":{"start":{"line":129,"column":19},"end":{"line":129,"column":20}},"loc":{"start":{"line":129,"column":39},"end":{"line":143,"column":1}},"line":129},"7":{"name":"(anonymous_7)","decl":{"start":{"line":148,"column":20},"end":{"line":148,"column":21}},"loc":{"start":{"line":148,"column":40},"end":{"line":161,"column":1}},"line":148},"8":{"name":"(anonymous_8)","decl":{"start":{"line":166,"column":30},"end":{"line":166,"column":31}},"loc":{"start":{"line":166,"column":50},"end":{"line":179,"column":1}},"line":166},"9":{"name":"(anonymous_9)","decl":{"start":{"line":184,"column":29},"end":{"line":184,"column":30}},"loc":{"start":{"line":184,"column":49},"end":{"line":199,"column":1}},"line":184},"10":{"name":"(anonymous_10)","decl":{"start":{"line":204,"column":29},"end":{"line":204,"column":30}},"loc":{"start":{"line":204,"column":49},"end":{"line":218,"column":1}},"line":204},"11":{"name":"(anonymous_11)","decl":{"start":{"line":223,"column":24},"end":{"line":223,"column":25}},"loc":{"start":{"line":223,"column":44},"end":{"line":237,"column":1}},"line":223},"12":{"name":"(anonymous_12)","decl":{"start":{"line":242,"column":35},"end":{"line":242,"column":36}},"loc":{"start":{"line":242,"column":55},"end":{"line":255,"column":1}},"line":242},"13":{"name":"(anonymous_13)","decl":{"start":{"line":260,"column":27},"end":{"line":260,"column":28}},"loc":{"start":{"line":260,"column":47},"end":{"line":296,"column":1}},"line":260},"14":{"name":"(anonymous_14)","decl":{"start":{"line":301,"column":21},"end":{"line":301,"column":22}},"loc":{"start":{"line":301,"column":41},"end":{"line":339,"column":1}},"line":301},"15":{"name":"(anonymous_15)","decl":{"start":{"line":344,"column":22},"end":{"line":344,"column":23}},"loc":{"start":{"line":344,"column":42},"end":{"line":356,"column":1}},"line":344},"16":{"name":"(anonymous_16)","decl":{"start":{"line":361,"column":24},"end":{"line":361,"column":25}},"loc":{"start":{"line":361,"column":44},"end":{"line":377,"column":1}},"line":361},"17":{"name":"(anonymous_17)","decl":{"start":{"line":382,"column":30},"end":{"line":382,"column":31}},"loc":{"start":{"line":382,"column":50},"end":{"line":398,"column":1}},"line":382}},"branchMap":{"0":{"loc":{"start":{"line":9,"column":4},"end":{"line":9,"column":59}},"type":"if","locations":[{"start":{"line":9,"column":4},"end":{"line":9,"column":59}},{"start":{},"end":{}}],"line":9},"1":{"loc":{"start":{"line":11,"column":17},"end":{"line":11,"column":46}},"type":"binary-expr","locations":[{"start":{"line":11,"column":17},"end":{"line":11,"column":41}},{"start":{"line":11,"column":45},"end":{"line":11,"column":46}}],"line":11},"2":{"loc":{"start":{"line":12,"column":18},"end":{"line":12,"column":50}},"type":"binary-expr","locations":[{"start":{"line":12,"column":18},"end":{"line":12,"column":43}},{"start":{"line":12,"column":47},"end":{"line":12,"column":50}}],"line":12},"3":{"loc":{"start":{"line":61,"column":4},"end":{"line":63,"column":5}},"type":"if","locations":[{"start":{"line":61,"column":4},"end":{"line":63,"column":5}},{"start":{},"end":{}}],"line":61},"4":{"loc":{"start":{"line":76,"column":4},"end":{"line":78,"column":5}},"type":"if","locations":[{"start":{"line":76,"column":4},"end":{"line":78,"column":5}},{"start":{},"end":{}}],"line":76},"5":{"loc":{"start":{"line":79,"column":4},"end":{"line":81,"column":5}},"type":"if","locations":[{"start":{"line":79,"column":4},"end":{"line":81,"column":5}},{"start":{},"end":{}}],"line":79},"6":{"loc":{"start":{"line":79,"column":8},"end":{"line":79,"column":51}},"type":"binary-expr","locations":[{"start":{"line":79,"column":8},"end":{"line":79,"column":29}},{"start":{"line":79,"column":33},"end":{"line":79,"column":51}}],"line":79},"7":{"loc":{"start":{"line":93,"column":4},"end":{"line":95,"column":5}},"type":"if","locations":[{"start":{"line":93,"column":4},"end":{"line":95,"column":5}},{"start":{},"end":{}}],"line":93},"8":{"loc":{"start":{"line":110,"column":4},"end":{"line":112,"column":5}},"type":"if","locations":[{"start":{"line":110,"column":4},"end":{"line":112,"column":5}},{"start":{},"end":{}}],"line":110},"9":{"loc":{"start":{"line":119,"column":4},"end":{"line":121,"column":5}},"type":"if","locations":[{"start":{"line":119,"column":4},"end":{"line":121,"column":5}},{"start":{},"end":{}}],"line":119},"10":{"loc":{"start":{"line":132,"column":4},"end":{"line":134,"column":5}},"type":"if","locations":[{"start":{"line":132,"column":4},"end":{"line":134,"column":5}},{"start":{},"end":{}}],"line":132},"11":{"loc":{"start":{"line":186,"column":16},"end":{"line":186,"column":46}},"type":"binary-expr","locations":[{"start":{"line":186,"column":16},"end":{"line":186,"column":41}},{"start":{"line":186,"column":45},"end":{"line":186,"column":46}}],"line":186},"12":{"loc":{"start":{"line":187,"column":16},"end":{"line":187,"column":49}},"type":"binary-expr","locations":[{"start":{"line":187,"column":16},"end":{"line":187,"column":41}},{"
[...]
,"C:\\FeriaApp\\backend\\src\\middlewares\\auth.js": {"path":"C:\\FeriaApp\\backend\\src\\middlewares\\auth.js","statementMap":{"0":{"start":{"line":1,"column":12},"end":{"line":1,"column":35}},"1":{"start":{"line":2,"column":13},"end":{"line":2,"column":38}},"2":{"start":{"line":4,"column":16},"end":{"line":24,"column":1}},"3":{"start":{"line":7,"column":2},"end":{"line":19,"column":3}},"4":{"start":{"line":11,"column":4},"end":{"line":18,"column":5}},"5":{"start":{"line":12,"column":6},"end":{"line":12,"column":54}},"6":{"start":{"line":13,"column":22},"end":{"line":13,"column":63}},"7":{"start":{"line":14,"column":6},"end":{"line":14,"column":69}},"8":{"start":{"line":15,"column":6},"end":{"line":15,"column":20}},"9":{"start":{"line":17,"column":6},"end":{"line":17,"column":100}},"10":{"start":{"line":21,"column":2},"end":{"line":23,"column":3}},"11":{"start":{"line":22,"column":4},"end":{"line":22,"column":102}},"12":{"start":{"line":26,"column":18},"end":{"line":39,"column":1}},"13":{"start":{"line":27,"column":2},"end":{"line":38,"column":4}},"14":{"start":{"line":28,"column":4},"end":{"line":30,"column":5}},"15":{"start":{"line":29,"column":6},"end":{"line":29,"column":85}},"16":{"start":{"line":31,"column":4},"end":{"line":36,"column":5}},"17":{"start":{"line":32,"column":6},"end":{"line":35,"column":9}},"18":{"start":{"line":37,"column":4},"end":{"line":37,"column":11}},"19":{"start":{"line":41,"column":0},"end":{"line":41,"column":40}}},"fnMap":{"0":{"name":"(anonymous_0)","decl":{"start":{"line":4,"column":16},"end":{"line":4,"column":17}},"loc":{"start":{"line":4,"column":42},"end":{"line":24,"column":1}},"line":4},"1":{"name":"(anonymous_1)","decl":{"start":{"line":26,"column":18},"end":{"line":26,"column":19}},"loc":{"start":{"line":26,"column":32},"end":{"line":39,"column":1}},"line":26},"2":{"name":"(anonymous_2)","decl":{"start":{"line":27,"column":9},"end":{"line":27,"column":10}},"loc":{"start":{"line":27,"column":29},"end":{"line":38,"column":3}},"line":27}},"branchMap":{"0":{"loc":{"start":{"line":7,"column":2},"end":{"line":19,"column":3}},"type":"if","locations":[{"start":{"line":7,"column":2},"end":{"line":19,"column":3}},{"start":{},"end":{}}],"line":7},"1":{"loc":{"start":{"line":8,"column":4},"end":{"line":9,"column":50}},"type":"binary-expr","locations":[{"start":{"line":8,"column":4},"end":{"line":8,"column":29}},{"start":{"line":9,"column":4},"end":{"line":9,"column":50}}],"line":8},"2":{"loc":{"start":{"line":21,"column":2},"end":{"line":23,"column":3}},"type":"if","locations":[{"start":{"line":21,"column":2},"end":{"line":23,"column":3}},{"start":{},"end":{}}],"line":21},"3":{"loc":{"start":{"line":28,"column":4},"end":{"line":30,"column":5}},"type":"if","locations":[{"start":{"line":28,"column":4},"end":{"line":30,"column":5}},{"start":{},"end":{}}],"line":28},"4":{"loc":{"start":{"line":31,"column":4},"end":{"line":36,"column":5}},"type":"if","locations":[{"start":{"line":31,"column":4},"end":{"line":36,"column":5}},{"start":{},"end":{}}],"line":31}},"s":{"0":8,"1":8,"2":8,"3":196,"4":181,"5":181,"6":181,"7":166,"8":166,"9":15,"10":15,"11":15,"12":8,"13":112,"14":161,"15":0,"16":161,"17":19,"18":142,"19":8},"f":{"0":196,"1":112,"2":161},"b":{"0":[181,15],"1":[196,182],"2":[15,0],"3":[0,161],"4":[19,142]},"_coverageSchema":"1a1c01bbd47fc00a2c39e90264f33305004495a9","hash":"df6c20db9385da326e9ea5ab07da0d5265dab26a"}
,"C:\\FeriaApp\\backend\\src\\middlewares\\validators.js": {"path":"C:\\FeriaApp\\backend\\src\\middlewares\\validators.js","statementMap":{"0":{"start":{"line":1,"column":35},"end":{"line":1,"column":63}},"1":{"start":{"line":4,"column":17},"end":{"line":14,"column":1}},"2":{"start":{"line":5,"column":17},"end":{"line":5,"column":38}},"3":{"start":{"line":6,"column":2},"end":{"line":12,"column":3}},"4":{"start":{"line":7,"column":4},"end":{"line":11,"column":7}},"5":{"start":{"line":10,"column":40},"end":{"line":10,"column":73}},"6":{"start":{"line":13,"column":2},"end":{"line":13,"column":9}},"7":{"start":{"line":17,"column":23},"end":{"line":26,"column":1}},"8":{"start":{"line":29,"column":22},"end":{"line":40,"column":1}},"9":{"start":{"line":43,"column":24},"end":{"line":54,"column":1}},"10":{"start":{"line":57,"column":22},"end":{"line":68,"column":1}},"11":{"start":{"line":71,"column":25},"end":{"line":85,"column":1}},"12":{"start":{"line":88,"column":28},"end":{"line":99,"column":1}},"13":{"start":{"line":102,"column":30},"end":{"line":113,"column":1}},"14":{"start":{"line":116,"column":28},"end":{"line":127,"column":1}},"15":{"start":{"line":130,"column":31},"end":{"line":144,"column":1}},"16":{"start":{"line":146,"column":0},"end":{"line":156,"column":2}}},"fnMap":{"0":{"name":"(anonymous_0)","decl":{"start":{"line":4,"column":17},"end":{"line":4,"column":18}},"loc":{"start":{"line":4,"column":37},"end":{"line":14,"column":1}},"line":4},"1":{"name":"(anonymous_1)","decl":{"start":{"line":10,"column":34},"end":{"line":10,"column":35}},"loc":{"start":{"line":10,"column":40},"end":{"line":10,"column":73}},"line":10}},"branchMap":{"0":{"loc":{"start":{"line":6,"column":2},"end":{"line":12,"column":3}},"type":"if","locations":[{"start":{"line":6,"column":2},"end":{"line":12,"column":3}},{"start":{},"end":{}}],"line":6}},"s":{"0":8,"1":8,"2":148,"3":148,"4":33,"5":59,"6":115,"7":8,"8":8,"9":8,"10":8,"11":8,"12":8,"13":8,"14":8,"15":8,"16":8},"f":{"0":148,"1":59},"b":{"0":[33,115]},"_coverageSchema":"1a1c01bbd47fc00a2c39e90264f33305004495a9","hash":"e2bf12fc5586b75f1fc3d3ee709a65a7c86d36e0"}
,"C:\\FeriaApp\\backend\\src\\models\\Caseta.js": {"path":"C:\\FeriaApp\\backend\\src\\models\\Caseta.js","statementMap":{"0":{"start":{"line":1,"column":17},"end":{"line":1,"column":36}},"1":{"start":{"line":3,"column":21},"end":{"line":35,"column":1}},"2":{"start":{"line":37,"column":0},"end":{"line":37,"column":56}}},"fnMap":{},"branchMap":{},"s":{"0":8,"1":8,"2":8},"f":{},"b":{},"_coverageSchema":"1a1c01bbd47fc00a2c39e90264f33305004495a9","hash":"432af836d1c504d5864d19012e2b32e33c009d30"}
,"C:\\FeriaApp\\backend\\src\\models\\Concert.js": {"path":"C:\\FeriaApp\\backend\\src\\models\\Concert.js","statementMap":{"0":{"start":{"line":1,"column":17},"end":{"line":1,"column":36}},"1":{"start":{"line":3,"column":22},"end":{"line":31,"column":1}},"2":{"start":{"line":33,"column":0},"end":{"line":33,"column":58}}},"fnMap":{},"branchMap":{},"s":{"0":8,"1":8,"2":8},"f":{},"b":{},"_coverageSchema":"1a1c01bbd47fc00a2c39e90264f33305004495a9","hash":"0279ed9cd992276051634d5565e2a16ce284de68"}
,"C:\\FeriaApp\\backend\\src\\models\\Fair.js": {"path":"C:\\FeriaApp\\backend\\src\\models\\Fair.js","statementMap":{"0":{"start":{"line":1,"column":17},"end":{"line":1,"column":36}},"1":{"start":{"line":3,"column":19},"end":{"line":34,"column":1}},"2":{"start":{"line":36,"column":0},"end":{"line":36,"column":52}}},"fnMap":{},"branchMap":{},"s":{"0":8,"1":8,"2":8},"f":{},"b":{},"_coverageSchema":"1a1c01bbd47fc00a2c39e90264f33305004495a9","hash":"720eb7c70ae3c2308b32ebe117b6fa0ca7db5de5"}
,"C:\\FeriaApp\\backend\\src\\models\\Menu.js": {"path":"C:\\FeriaApp\\backend\\src\\models\\Menu.js","statementMap":{"0":{"start":{"line":1,"column":17},"end":{"line":1,"column":36}},"1":{"start":{"line":3,"column":19},"end":{"line":27,"column":1}},"2":{"start":{"line":29,"column":0},"end":{"line":29,"column":52}}},"fnMap":{},"branchMap":{},"s":{"0":8,"1":8,"2":8},"f":{},"b":{},"_coverageSchema":"1a1c01bbd47fc00a2c39e90264f33305004495a9","hash":"55600752bb2c1c1313a504fd238fa2e3de94860a"}
,"C:\\FeriaApp\\backend\\src\\routes\\authRoutes.js": {"path":"C:\\FeriaApp\\backend\\src\\routes\\authRoutes.js","statementMap":{"0":{"start":{"line":1,"column":16},"end":{"line":1,"column":34}},"1":{"start":{"line":2,"column":15},"end":{"line":2,"column":31}},"2":{"start":{"line":3,"column":30},"end":{"line":3,"column":70}},"3":{"start":{"line":4,"column":20},"end":{"line":4,"column":50}},"4":{"start":{"line":5,"column":27},"end":{"line":5,"column":63}},"5":{"start":{"line":30,"column":0},"end":{"line":30,"column":45}},"6":{"start":{"line":46,"column":0},"end":{"line":46,"column":44}},"7":{"start":{"line":48,"column":0},"end":{"line":48,"column":24}}},"fnMap":{},"branchMap":{},"s":{"0":8,"1":8,"2":8,"3":8,"4":8,"5":8,"6":8,"7":8},"f":{},"b":{},"_coverageSchema":"1a1c01bbd47fc00a2c39e90264f33305004495a9","hash":"0343509cf261e12426c329670043dcc903b10bba"}
,"C:\\FeriaApp\\backend\\src\\routes\\casetaRoutes.js": {"path":"C:\\FeriaApp\\backend\\src\\routes\\casetaRoutes.js","statementMap":{"0":{"start":{"line":1,"column":16},"end":{"line":1,"column":34}},"1":{"start":{"line":2,"column":15},"end":{"line":2,"column":31}},"2":{"start":{"line":11,"column":4},"end":{"line":11,"column":46}},"3":{"start":{"line":12,"column":31},"end":{"line":12,"column":61}},"4":{"start":{"line":13,"column":51},"end":{"line":13,"column":87}},"5":{"start":{"line":14,"column":15},"end":{"line":14,"column":47}},"6":{"start":{"line":26,"column":0},"end":{"line":26,"column":28}},"7":{"start":{"line":38,"column":0},"end":{"line":38,"column":49}},"8":{"start":{"line":50,"column":0},"end":{"line":50,"column":53}},"9":{"start":{"line":62,"column":0},"end":{"line":62,"column":54}},"10":{"start":{"line":76,"column":0},"end":{"line":76,"column":48}},"11":{"start":{"line":88,"column":0},"end":{"line":88,"column":59}},"12":{"start":{"line":100,"column":0},"end":{"line":100,"column":48}},"13":{"start":{"line":118,"column":0},"end":{"line":118,"column":43}},"14":{"start":{"line":138,"column":0},"end":{"line":138,"column":30}},"15":{"start":{"line":158,"column":0},"end":{"line":158,"column":39}},"16":{"start":{"line":176,"column":0},"end":{"line":176,"column":41}},"17":{"start":{"line":196,"column":0},"end":{"line":196,"column":57}},"18":{"start":{"line":216,"column":0},"end":{"line":216,"column":67}},"19":{"start":{"line":234,"column":0},"end":{"line":234,"column":67}},"20":{"start":{"line":252,"column":0},"end":{"line":252,"column":52}},"21":{"start":{"line":270,"column":0},"end":{"line":270,"column":47}},"22":{"start":{"line":288,"column":0},"end":{"line":288,"column":64}},"23":{"start":{"line":311,"column":0},"end":{"line":311,"column":67}},"24":{"start":{"line":329,"column":0},"end":{"line":329,"column":69}},"25":{"start":{"line":347,"column":0},"end":{"line":347,"column":58}},"26":{"start":{"line":367,"column":0},"end":{"line":367,"column":41}},"27":{"start":{"line":383,"column":0},"end":{"line":383,"column":101}},"28":{"start":{"line":405,"column":0},"end":{"line":405,"column":109}},"29":{"start":{"line":427,"column":0},"end":{"line":427,"column":65}},"30":{"start":{"line":429,"column":0},"end":{"line":429,"column":24}}},"fnMap":{},"branchMap":{},"s":{"0":8,"1":8,"2":8,"3":8,"4":8,"5":8,"6":8,"7":8,"8":8,"9":8,"10":8,"11":8,"12":8,"13":8,"14":8,"15":8,"16":8,"17":8,"18":8,"19":8,"20":8,"21":8,"22":8,"23":8,"24":8,"25":8,"26":8,"27":8,"28":8,"29":8,"30":8},"f":{},"b":{},"_coverageSchema":"1a1c01bbd47fc00a2c39e90264f33305004495a9","hash":"fd081d1340e074cd5072220dc5088567c59bb670"}
,"C:\\FeriaApp\\backend\\src\\routes\\concertRoutes.js": {"path":"C:\\FeriaApp\\backend\\src\\routes\\concertRoutes.js","statementMap":{"0":{"start":{"line":1,"column":16},"end":{"line":1,"column":34}},"1":{"start":{"line":2,"column":15},"end":{"line":2,"column":31}},"2":{"start":{"line":8,"column":4},"end":{"line":8,"column":47}},"3":{"start":{"line":9,"column":31},"end":{"line":9,"column":61}},"4":{"start":{"line":10,"column":53},"end":{"line":10,"column":89}},"5":{"start":{"line":22,"column":0},"end":{"line":22,"column":29}},"6":{"start":{"line":34,"column":0},"end":{"line":34,"column":50}},"7":{"start":{"line":55,"column":0},"end":{"line":55,"column":56}},"8":{"start":{"line":67,"column":0},"end":{"line":67,"column":52}},"9":{"start":{"line":79,"column":0},"end":{"line":79,"column":55}},"10":{"start":{"line":91,"column":0},"end":{"line":91,"column":44}},"11":{"start":{"line":103,"column":0},"end":{"line":103,"column":53}},"12":{"start":{"line":121,"column":0},"end":{"line":121,"column":55}},"13":{"start":{"line":139,"column":0},"end":{"line":139,"column":46}},"14":{"start":{"line":157,"column":0},"end":{"line":157,"column":53}},"15":{"start":{"line":190,"column":0},"end":{"line":190,"column":79}},"16":{"start":{"line":212,"column":0},"end":{"line":212,"column":87}},"17":{"start":{"line":252,"column":0},"end":{"line":252,"column":44}},"18":{"start":{"line":272,"column":0},"end":{"line":272,"column":47}},"19":{"start":{"line":292,"column":0},"end":{"line":292,"column":51}},"20":{"start":{"line":312,"column":0},"end":{"line":312,"column":55}},"21":{"start":{"line":314,"column":0},"end":{"line":314,"column":66}},"22":{"start":{"line":316,"column":0},"end":{"line":316,"column":24}}},"fnMap":{},"branchMap":{},"s":{"0":8,"1":8,"2":8,"3":8,"4":8,"5":8,"6":8,"7":8,"8":8,"9":8,"10":8,"11":8,"12":8,"13":8,"14":8,"15":8,"16":8,"17":8,"18":8,"19":8,"20":8,"21":8,"22":8},"f":{},"b":{},"_coverageSchema":"1a1c01bbd47fc00a2c39e90264f33305004495a9","hash":"12e486e783151441e3d94039f2345fb6b50d8f4b"}
,"C:\\FeriaApp\\backend\\src\\routes\\fairRoutes.js": {"path":"C:\\FeriaApp\\backend\\src\\routes\\fairRoutes.js","statementMap":{"0":{"start":{"line":1,"column":16},"end":{"line":1,"column":34}},"1":{"start":{"line":2,"column":15},"end":{"line":2,"column":31}},"2":{"start":{"line":9,"column":4},"end":{"line":9,"column":44}},"3":{"start":{"line":10,"column":31},"end":{"line":10,"column":61}},"4":{"start":{"line":11,"column":47},"end":{"line":11,"column":83}},"5":{"start":{"line":23,"column":0},"end":{"line":23,"column":26}},"6":{"start":{"line":35,"column":0},"end":{"line":35,"column":38}},"7":{"start":{"line":49,"column":0},"end":{"line":49,"column":37}},"8":{"start":{"line":70,"column":0},"end":{"line":70,"column":42}},"9":{"start":{"line":82,"column":0},"end":{"line":82,"column":48}},"10":{"start":{"line":94,"column":0},"end":{"line":94,"column":55}},"11":{"start":{"line":112,"column":0},"end":{"line":112,"column":41}},"12":{"start":{"line":132,"column":0},"end":{"line":132,"column":28}},"13":{"start":{"line":152,"column":0},"end":{"line":152,"column":47}},"14":{"start":{"line":170,"column":0},"end":{"line":170,"column":54}},"15":{"start":{"line":188,"column":0},"end":{"line":188,"column":62}},"16":{"start":{"line":211,"column":0},"end":{"line":211,"column":62}},"17":{"start":{"line":229,"column":0},"end":{"line":229,"column":39}},"18":{"start":{"line":247,"column":0},"end":{"line":247,"column":45}},"19":{"start":{"line":267,"column":0},"end":{"line":267,"column":39}},"20":{"start":{"line":287,"column":0},"end":{"line":287,"column":37}},"21":{"start":{"line":320,"column":0},"end":{"line":320,"column":73}},"22":{"start":{"line":342,"column":0},"end":{"line":342,"column":81}},"23":{"start":{"line":364,"column":0},"end":{"line":364,"column":63}},"24":{"start":{"line":366,"column":0},"end":{"line":366,"column":24}}},"fnMap":{},"branchMap":{},"s":{"0":8,"1":8,"2":8,"3":8,"4":8,"5":8,"6":8,"7":8,"8":8,"9":8,"10":8,"11":8,"12":8,"13":8,"14":8,"15":8,"16":8,"17":8,"18":8,"19":8,"20":8,"21":8,"22":8,"23":8,"24":8},"f":{},"b":{},"_coverageSchema":"1a1c01bbd47fc00a2c39e90264f33305004495a9","hash":"cf17de96a059f7c913e6a07ae70f8230347753e3"}
,"C:\\FeriaApp\\backend\\src\\routes\\menuRoutes.js": {"path":"C:\\FeriaApp\\backend\\src\\routes\\menuRoutes.js","statementMap":{"0":{"start":{"line":1,"column":16},"end":{"line":1,"column":34}},"1":{"start":{"line":2,"column":15},"end":{"line":2,"column":31}},"2":{"start":{"line":8,"column":4},"end":{"line":8,"column":44}},"3":{"start":{"line":9,"column":31},"end":{"line":9,"column":61}},"4":{"start":{"line":10,"column":47},"end":{"line":10,"column":83}},"5":{"start":{"line":22,"column":0},"end":{"line":22,"column":26}},"6":{"start":{"line":34,"column":0},"end":{"line":34,"column":51}},"7":{"start":{"line":55,"column":0},"end":{"line":55,"column":50}},"8":{"start":{"line":69,"column":0},"end":{"line":69,"column":58}},"9":{"start":{"line":83,"column":0},"end":{"line":83,"column":48}},"10":{"start":{"line":95,"column":0},"end":{"line":95,"column":64}},"11":{"start":{"line":107,"column":0},"end":{"line":107,"column":41}},"12":{"start":{"line":119,"column":0},"end":{"line":119,"column":50}},"13":{"start":{"line":137,"column":0},"end":{"line":137,"column":41}},"14":{"start":{"line":155,"column":0},"end":{"line":155,"column":50}},"15":{"start":{"line":186,"column":0},"end":{"line":186,"column":73}},"16":{"start":{"line":224,"column":0},"end":{"line":224,"column":67}},"17":{"start":{"line":246,"column":0},"end":{"line":246,"column":81}},"18":{"start":{"line":286,"column":0},"end":{"line":286,"column":41}},"19":{"start":{"line":306,"column":0},"end":{"line":306,"column":44}},"20":{"start":{"line":326,"column":0},"end":{"line":326,"column":58}},"21":{"start":{"line":328,"column":0},"end":{"line":328,"column":63}},"22":{"start":{"line":330,"column":0},"end":{"line":330,"column":24}}},"fnMap":{},"branchMap":{},"s":{"0":8,"1":8,"2":8,"3":8,"4":8,"5":8,"6":8,"7":8,"8":8,"9":8,"10":8,"11":8,"12":8,"13":8,"14":8,"15":8,"16":8,"17":8,"18":8,"19":8,"20":8,"21":8,"22":8},"f":{},"b":{},"_coverageSchema":"1a1c01bbd47fc00a2c39e90264f33305004495a9","hash":"5600904ecff0a3e77ee44e56da1fc5fabc55428a"}
,"C:\\FeriaApp\\backend\\src\\routes\\publishRoutes.js": {"path":"C:\\FeriaApp\\backend\\src\\routes\\publishRoutes.js","statementMap":{"0":{"start":{"line":1,"column":16},"end":{"line":1,"column":34}},"1":{"start":{"line":2,"column":15},"end":{"line":2,"column":31}},"2":{"start":{"line":3,"column":20},"end":{"line":3,"column":63}},"3":{"start":{"line":4,"column":31},"end":{"line":4,"column":61}},"4":{"start":{"line":22,"column":0},"end":{"line":22,"column":55}},"5":{"start":{"line":24,"column":0},"end":{"line":24,"column":24}}},"fnMap":{},"branchMap":{},"s":{"0":8,"1":8,"2":8,"3":8,"4":8,"5":8},"f":{},"b":{},"_coverageSchema":"1a1c01bbd47fc00a2c39e90264f33305004495a9","hash":"a6beb3a21553acf4a1c509a05dbe416993b5afc1"}
,"C:\\FeriaApp\\backend\\src\\routes\\statsRoutes.js": {"path":"C:\\FeriaApp\\backend\\src\\routes\\statsRoutes.js","statementMap":{"0":{"start":{"line":1,"column":16},"end":{"line":1,"column":34}},"1":{"start":{"line":2,"column":15},"end":{"line":2,"column":31}},"2":{"start":{"line":3,"column":21},"end":{"line":3,"column":62}},"3":{"start":{"line":5,"column":0},"end":{"line":5,"column":26}},"4":{"start":{"line":7,"column":0},"end":{"line":7,"column":24}}},"fnMap":{},"branchMap":{},"s":{"0":8,"1":8,"2":8,"3":8,"4":8},"f":{},"b":{},"_coverageSchema":"1a1c01bbd47fc00a2c39e90264f33305004495a9","hash":"8132628f3c8f62c830efc5e6dfe32b8930742826"}
}
