{"C:\\FeriaApp\\backend\\src\\config\\db.js": {"path":"C:\\FeriaApp\\backend\\src\\config\\db.js","statementMap":{"0":{"start":{"line":1,"column":17},"end":{"line":1,"column":36}},"1":{"start":{"line":3,"column":18},"end":{"line":16,"column":1}},"2":{"start":{"line":4,"column":2},"end":{"line":15,"column":3}},"3":{"start":{"line":5,"column":16},"end":{"line":7,"column":31}},"4":{"start":{"line":8,"column":17},"end":{"line":8,"column":44}},"5":{"start":{"line":9,"column":4},"end":{"line":9,"column":62}},"6":{"start":{"line":11,"column":4},"end":{"line":11,"column":67}},"7":{"start":{"line":12,"column":4},"end":{"line":14,"column":5}},"8":{"start":{"line":13,"column":6},"end":{"line":13,"column":22}},"9":{"start":{"line":18,"column":0},"end":{"line":18,"column":27}}},"fnMap":{"0":{"name":"(anonymous_0)","decl":{"start":{"line":3,"column":18},"end":{"line":3,"column":19}},"loc":{"start":{"line":3,"column":30},"end":{"line":16,"column":1}},"line":3}},"branchMap":{"0":{"loc":{"start":{"line":5,"column":16},"end":{"line":7,"column":31}},"type":"cond-expr","locations":[{"start":{"line":6,"column":9},"end":{"line":6,"column":64}},{"start":{"line":7,"column":8},"end":{"line":7,"column":31}}],"line":5},"1":{"loc":{"start":{"line":6,"column":9},"end":{"line":6,"column":64}},"type":"binary-expr","locations":[{"start":{"line":6,"column":9},"end":{"line":6,"column":37}},{"start":{"line":6,"column":41},"end":{"line":6,"column":64}}],"line":6},"2":{"loc":{"start":{"line":12,"column":4},"end":{"line":14,"column":5}},"type":"if","locations":[{"start":{"line":12,"column":4},"end":{"line":14,"column":5}},{"start":{},"end":{}}],"line":12}},"s":{"0":7,"1":7,"2":7,"3":7,"4":7,"5":7,"6":0,"7":0,"8":0,"9":7},"f":{"0":7},"b":{"0":[7,0],"1":[7,0],"2":[0,0]},"_coverageSchema":"1a1c01bbd47fc00a2c39e90264f33305004495a9","hash":"88c4e34e4d8ce56ff86cd596acf8ea1349dd7e0d"}
,"C:\\FeriaApp\\backend\\src\\controllers\\authController.js": {"path":"C:\\FeriaApp\\backend\\src\\controllers\\authController.js","statementMap":{"0":{"start":{"line":1,"column":13},"end":{"line":1,"column":38}},"1":{"start":{"line":2,"column":12},"end":{"line":2,"column":35}},"2":{"start":{"line":5,"column":22},"end":{"line":9,"column":1}},"3":{"start":{"line":6,"column":2},"end":{"line":8,"column":5}},"4":{"start":{"line":14,"column":14},"end":{"line":44,"column":1}},"5":{"start":{"line":15,"column":2},"end":{"line":43,"column":3}},"6":{"start":{"line":16,"column":32},"end":{"line":16,"column":40}},"7":{"start":{"line":18,"column":4},"end":{"line":20,"column":5}},"8":{"start":{"line":19,"column":6},"end":{"line":19,"column":106}},"9":{"start":{"line":22,"column":17},"end":{"line":22,"column":46}},"10":{"start":{"line":24,"column":4},"end":{"line":26,"column":5}},"11":{"start":{"line":25,"column":6},"end":{"line":25,"column":97}},"12":{"start":{"line":28,"column":20},"end":{"line":28,"column":56}},"13":{"start":{"line":30,"column":4},"end":{"line":32,"column":5}},"14":{"start":{"line":31,"column":6},"end":{"line":31,"column":97}},"15":{"start":{"line":34,"column":4},"end":{"line":40,"column":7}},"16":{"start":{"line":42,"column":4},"end":{"line":42,"column":74}},"17":{"start":{"line":49,"column":19},"end":{"line":56,"column":1}},"18":{"start":{"line":50,"column":2},"end":{"line":55,"column":3}},"19":{"start":{"line":51,"column":17},"end":{"line":51,"column":70}},"20":{"start":{"line":52,"column":4},"end":{"line":52,"column":19}},"21":{"start":{"line":54,"column":4},"end":{"line":54,"column":74}},"22":{"start":{"line":58,"column":0},"end":{"line":58,"column":39}}},"fnMap":{"0":{"name":"(anonymous_0)","decl":{"start":{"line":5,"column":22},"end":{"line":5,"column":23}},"loc":{"start":{"line":5,"column":30},"end":{"line":9,"column":1}},"line":5},"1":{"name":"(anonymous_1)","decl":{"start":{"line":14,"column":14},"end":{"line":14,"column":15}},"loc":{"start":{"line":14,"column":34},"end":{"line":44,"column":1}},"line":14},"2":{"name":"(anonymous_2)","decl":{"start":{"line":49,"column":19},"end":{"line":49,"column":20}},"loc":{"start":{"line":49,"column":39},"end":{"line":56,"column":1}},"line":49}},"branchMap":{"0":{"loc":{"start":{"line":18,"column":4},"end":{"line":20,"column":5}},"type":"if","locations":[{"start":{"line":18,"column":4},"end":{"line":20,"column":5}},{"start":{},"end":{}}],"line":18},"1":{"loc":{"start":{"line":18,"column":8},"end":{"line":18,"column":27}},"type":"binary-expr","locations":[{"start":{"line":18,"column":8},"end":{"line":18,"column":14}},{"start":{"line":18,"column":18},"end":{"line":18,"column":27}}],"line":18},"2":{"loc":{"start":{"line":24,"column":4},"end":{"line":26,"column":5}},"type":"if","locations":[{"start":{"line":24,"column":4},"end":{"line":26,"column":5}},{"start":{},"end":{}}],"line":24},"3":{"loc":{"start":{"line":30,"column":4},"end":{"line":32,"column":5}},"type":"if","locations":[{"start":{"line":30,"column":4},"end":{"line":32,"column":5}},{"start":{},"end":{}}],"line":30}},"s":{"0":7,"1":7,"2":7,"3":25,"4":7,"5":30,"6":30,"7":30,"8":0,"9":30,"10":30,"11":2,"12":28,"13":27,"14":2,"15":25,"16":1,"17":7,"18":5,"19":5,"20":5,"21":0,"22":7},"f":{"0":25,"1":30,"2":5},"b":{"0":[0,30],"1":[30,30],"2":[2,28],"3":[2,25]},"_coverageSchema":"1a1c01bbd47fc00a2c39e90264f33305004495a9","hash":"812de1aad6abf01721e46660c909e07667a82728"}
,"C:\\FeriaApp\\backend\\src\\controllers\\casetaController.js": {"path":"C:\\FeriaApp\\backend\\src\\controllers\\casetaController.js","statementMap":{"0":{"start":{"line":1,"column":15},"end":{"line":1,"column":42}},"1":{"start":{"line":2,"column":13},"end":{"line":2,"column":28}},"2":{"start":{"line":7,"column":19},"end":{"line":33,"column":1}},"3":{"start":{"line":8,"column":2},"end":{"line":32,"column":3}},"4":{"start":{"line":9,"column":19},"end":{"line":9,"column":21}},"5":{"start":{"line":10,"column":4},"end":{"line":10,"column":53}},"6":{"start":{"line":10,"column":24},"end":{"line":10,"column":53}},"7":{"start":{"line":11,"column":4},"end":{"line":11,"column":59}},"8":{"start":{"line":11,"column":26},"end":{"line":11,"column":59}},"9":{"start":{"line":13,"column":17},"end":{"line":13,"column":46}},"10":{"start":{"line":14,"column":18},"end":{"line":14,"column":50}},"11":{"start":{"line":15,"column":17},"end":{"line":15,"column":35}},"12":{"start":{"line":17,"column":18},"end":{"line":17,"column":53}},"13":{"start":{"line":18,"column":20},"end":{"line":22,"column":26}},"14":{"start":{"line":24,"column":4},"end":{"line":29,"column":7}},"15":{"start":{"line":31,"column":4},"end":{"line":31,"column":74}},"16":{"start":{"line":38,"column":18},"end":{"line":48,"column":1}},"17":{"start":{"line":39,"column":2},"end":{"line":47,"column":3}},"18":{"start":{"line":40,"column":19},"end":{"line":40,"column":80}},"19":{"start":{"line":41,"column":4},"end":{"line":43,"column":5}},"20":{"start":{"line":42,"column":6},"end":{"line":42,"column":91}},"21":{"start":{"line":44,"column":4},"end":{"line":44,"column":21}},"22":{"start":{"line":46,"column":4},"end":{"line":46,"column":74}},"23":{"start":{"line":53,"column":21},"end":{"line":67,"column":1}},"24":{"start":{"line":54,"column":2},"end":{"line":66,"column":3}},"25":{"start":{"line":55,"column":23},"end":{"line":55,"column":38}},"26":{"start":{"line":56,"column":4},"end":{"line":58,"column":5}},"27":{"start":{"line":57,"column":6},"end":{"line":57,"column":57}},"28":{"start":{"line":59,"column":19},"end":{"line":59,"column":50}},"29":{"start":{"line":60,"column":4},"end":{"line":60,"column":33}},"30":{"start":{"line":62,"column":4},"end":{"line":64,"column":5}},"31":{"start":{"line":63,"column":6},"end":{"line":63,"column":86}},"32":{"start":{"line":65,"column":4},"end":{"line":65,"column":74}},"33":{"start":{"line":72,"column":21},"end":{"line":92,"column":1}},"34":{"start":{"line":73,"column":2},"end":{"line":91,"column":3}},"35":{"start":{"line":74,"column":23},"end":{"line":74,"column":38}},"36":{"start":{"line":75,"column":4},"end":{"line":77,"column":5}},"37":{"start":{"line":76,"column":6},"end":{"line":76,"column":57}},"38":{"start":{"line":78,"column":19},"end":{"line":81,"column":6}},"39":{"start":{"line":82,"column":4},"end":{"line":84,"column":5}},"40":{"start":{"line":83,"column":6},"end":{"line":83,"column":91}},"41":{"start":{"line":85,"column":4},"end":{"line":85,"column":21}},"42":{"start":{"line":87,"column":4},"end":{"line":89,"column":5}},"43":{"start":{"line":88,"column":6},"end":{"line":88,"column":86}},"44":{"start":{"line":90,"column":4},"end":{"line":90,"column":74}},"45":{"start":{"line":97,"column":21},"end":{"line":107,"column":1}},"46":{"start":{"line":98,"column":2},"end":{"line":106,"column":3}},"47":{"start":{"line":99,"column":19},"end":{"line":99,"column":64}},"48":{"start":{"line":100,"column":4},"end":{"line":102,"column":5}},"49":{"start":{"line":101,"column":6},"end":{"line":101,"column":91}},"50":{"start":{"line":103,"column":4},"end":{"line":103,"column":57}},"51":{"start":{"line":105,"column":4},"end":{"line":105,"column":74}},"52":{"start":{"line":112,"column":22},"end":{"line":121,"column":1}},"53":{"start":{"line":113,"column":2},"end":{"line":120,"column":3}},"54":{"start":{"line":114,"column":20},"end":{"line":116,"column":51}},"55":{"start":{"line":117,"column":4},"end":{"line":117,"column":22}},"56":{"start":{"line":119,"column":4},"end":{"line":119,"column":74}},"57":{"start":{"line":126,"column":29},"end":{"line":135,"column":1}},"58":{"start":{"line":127,"column":2},"end":{"line":134,"column":3}},"59":{"start":{"line":128,"column":20},"end":{"line":130,"column":27}},"60":{"start":{"line":131,"column":4},"end":{"line":131,"column":22}},"61":{"start":{"line":133,"column":4},"end":{"line":133,"column":74}},"62":{"start":{"line":140,"column":28},"end":{"line":149,"column":1}},"63":{"start":{"line":141,"column":2},"end":{"line":148,"column":3}},"64":{"start":{"line":142,"column":20},"end":{"line":144,"column":51}},"65":{"start":{"line":145,"column":4},"end":{"line":145,"column":22}},"66":{"start":{"line":147,"column":4},"end":{"line":147,"column":74}},"67":{"start":{"line":154,"column":31},"end":{"line":163,"column":1}},"68":{"start":{"line":155,"column":2},"end":{"line":162,"column":3}},"69":{"start":{"line":156,"column":20},"end":{"line":158,"column":51}},"70":{"start":{"line":159,"column":4},"end":{"line":159,"column":22}},"71":{"start":{"line":161,"column":4},"end":{"line":161,"column":74}},"72":{"start":{"line":168,"column":25},"end":{"line":178,"column":1}},"73":{"start":{"line":169,"column":2},"end":{"line":177,"column":3}},"74":{"start":{"line":170,"column":19},"end":{"line":172,"column":27}},"75":{"start":{"line":173,"column":4},"end":{"line":173,"column":102}},"76":{"start":{"line":173,"column":17},"end":{"line":173,"column":102}},"77":{"start":{"line":174,"column":4},"end":{"line":174,"column":21}},"78":{"start":{"line":176,"column":4},"end":{"line":176,"column":74}},"79":{"start":{"line":183,"column":31},"end":{"line":193,"column":1}},"80":{"start":{"line":184,"column":2},"end":{"line":192,"column":3}},"81":{"start":{"line":185,"column":20},"end":{"line":188,"column":51}},"82":{"start":{"line":189,"column":4},"end":{"line":189,"column":22}},"83":{"start":{"line":191,"column":4},"end":{"line":191,"column":74}},"84":{"start":{"line":198,"column":22},"end":{"line":210,"column":1}},"85":{"start":{"line":199,"column":2},"end":{"line":209,"column":3}},"86":{"start":{"line":200,"column":17},"end":{"line":200,"column":42}},"87":{"start":{"line":201,"column":20},"end":{"line":201,"column":48}},"88":{"start":{"line":202,"column":19},"end":{"line":202,"column":80}},"89":{"start":{"line":203,"column":4},"end":{"line":203,"column":102}},"90":{"start":{"line":203,"column":17},"end":{"line":203,"column":102}},"91":{"start":{"line":204,"column":18},"end":{"line":204,"column":78}},"92":{"start":{"line":205,"column":21},"end":{"line":205,"column":93}},"93":{"start":{"line":206,"column":4},"end":{"line":206,"column":42}},"94":{"start":{"line":208,"column":4},"end":{"line":208,"column":74}},"95":{"start":{"line":215,"column":27},"end":{"line":245,"column":1}},"96":{"start":{"line":216,"column":2},"end":{"line":244,"column":3}},"97":{"start":{"line":217,"column":19},"end":{"line":240,"column":6}},"98":{"start":{"line":241,"column":4},"end":{"line":241,"column":21}},"99":{"start":{"line":243,"column":4},"end":{"line":243,"column":74}},"100":{"start":{"line":250,"column":23},"end":{"line":260,"column":1}},"101":{"start":{"line":251,"column":2},"end":{"line":259,"column":3}},"102":{"start":{"line":252,"column":17},"end":{"line":252,"column":42}},"103":{"start":{"line":253,"column":18},"end":{"line":255,"column":24}},"104":{"start":{"line":256,"column":4},"end":{"line":256,"column":20}},"105":{"start":{"line":258,"column":4},"end":{"line":258,"column":74}},"106":{"start":{"line":265,"column":26},"end":{"line":275,"column":1}},"107":{"start":{"line":266,"column":2},"end":{"line":274,"column":3}},"108":{"start":{"line":267,"column":20},"end":{"line":267,"column":48}},"109":{"start":{"line":268,"column":21},"end":{"line":270,"column":33}},"110":{"start":{"line":271,"column":4},"end":{"line":271,"column":23}},"111":{"start":{"line":273,"column":4},"end":{"line":273,"column":74}},"112":{"start":{"line":280,"column":30},"end":{"line":291,"column":1}},"113":{"start":{"line":281,"column":2},"end":{"line":290,"column":3}},"114":{"start":{"line":282,"column":17},"end":{"line":282,"column":42}},"115":{"start":{"line":283,"column":17},"end":{"line":285,"column":25}},"116":{"start":{"line":286,"column":4},"end":{"line":286,"column":96}},"117":{"start":{"line":286,"column":15},"end":{"line":286,"column":96}},"118":{"start":{"line":287,"column":4},"end":{"line":287,"column":19}},"119":{"start":{"line":289,"column":4},"end":{"line":289,"column":74}},"120":{"start":{"line":296,"column":35},"end":{"line":307,"column":1}},"121":{"start":{"line":297,"column":2},"end":{"line":306,"column":3}},"122":{"start":{"line":298,"column":17},"end":{"line":298,"column":42}},"123":{"start":{"line":299,"column":17},"end":{"line":301,"column":26}},"124":{"start":{"line":302,"column":4},"end":{"line":302,"column":96}},"125":{"start":{"line":302,"column":15},"end":{"line":302,"column":96}},"126":{"start":{"line":303,"column":4},"end":{"line":303,"column":19}},"127":{"start":{"line":305,"column":4},"end":{"line":305,"column":74}},"128":{"start":{"line":312,"column":36},"end":{"line":322,"column":1}},"129":{"start":{"line":313,"column":2},"end":{"line":321,"column":3}},"130":{"start":{"line":314,"column":17},"end":{"line":314,"column":42}},"131":{"start":{"line":315,"column":18},"end":{"line":317,"column":25}},"132":{"start":{"line":318,"column":4},"end":{"line":318,"column":20}},"133":{"start":{"line":320,"column":4},"end":{"line":320,"column":74}},"134":{"start":{"line":327,"column":28},"end":{"line":335,"column":1}},"135":{"start":{"line":328,"column":2},"end":{"line":334,"column":3}},"136":{"start":{"line":329,"column":17},"end":{"line":329,"column":42}},"137":{"start":{"line":330,"column":18},"end":{"line":330,"column":70}},"138":{"start":{"line":331,"column":4},"end":{"line":331,"column":24}},"139":{"start":{"line":333,"column":4},"end":{"line":333,"column":74}},"140":{"start":{"line":340,"column":34},"end":{"line":351,"column":1}},"141":{"start":{"line":341,"column":2},"end":{"line":350,"column":3}},"142":{"start":{"line":342,"column":20},"end":{"line":342,"column":48}},"143":{"start":{"line":343,"column":21},"end":{"line":346,"column":67}},"144":{"start":{"line":347,"column":4},"end":{"line":347,"column":23}},"145":{"start":{"line":349,"column":4},"end":{"line":349,"column":74}},"146":{"start":{"line":356,"column":33},"end":{"line":367,"column":1}},"147":{"start":{"line":357,"column":2},"end":{"line":366,"column":3}},"148":{"start":{"line":358,"column":20},"end":{"line":358,"column":48}},"149":{"start":{"line":359,"column":21},"end":{"line":362,"column":67}},"150":{"start":{"line":363,"column":4},"end":{"line":363,"column":23}},"151":{"start":{"line":365,"column":4},"end":{"line":365,"column":74}},"152":{"start":{"line":372,"column":36},"end":{"line":382,"column":1}},"153":{"start":{"line":373,"column":2},"end":{"line":381,"column":3}},"154":{"start":{"line":374,"column":20},"end":{"line":374,"column":48}},"155":{"start":{"line":375,"column":21},"end":{"line":377,"column":35}},"156":{"start":{"line":378,"column":4},"end":{"line":378,"column":23}},"157":{"start":{"line":380,"column":4},"end":{"line":380,"column":74}},"158":{"start":{"line":387,"column":31},"end":{"line":395,"column":1}},"159":{"start":{"line":388,"column":2},"end":{"line":394,"column":3}},"160":{"start":{"line":389,"column":20},"end":{"line":389,"column":48}},"161":{"start":{"line":390,"column":18},"end":{"line":390,"column":73}},"162":{"start":{"line":391,"column":4},"end":{"line":391,"column":24}},"163":{"start":{"line":393,"column":4},"end":{"line":393,"column":74}},"164":{"start":{"line":400,"column":23},"end":{"line":424,"column":1}},"165":{"start":{"line":401,"column":2},"end":{"line":423,"column":3}},"166":{"start":{"line":402,"column":17},"end":{"line":402,"column":42}},"167":{"start":{"line":403,"column":20},"end":{"line":403,"column":48}},"168":{"start":{"line":404,"column":19},"end":{"line":404,"column":80}},"169":{"start":{"line":405,"column":4},"end":{"line":405,"column":102}},"170":{"start":{"line":405,"column":17},"end":{"line":405,"column":102}},"171":{"start":{"line":406,"column":23},"end":{"line":406,"column":75}},"172":{"start":{"line":407,"column":26},"end":{"line":407,"column":81}},"173":{"start":{"line":408,"column":25},"end":{"line":411,"column":6}},"174":{"start":{"line":412,"column":4},"end":{"line":420,"column":7}},"175":{"start":{"line":422,"column":4},"end":{"line":422,"column":74}},"176":{"start":{"line":426,"column":0},"end":{"line":434,"column":2}}},"fnMap":{"0":{"name":"(anonymous_0)","decl":{"start":{"line":7,"column":19},"end":{"line":7,"column":20}},"loc":{"start":{"line":7,"column":39},"end":{"line":33,"column":1}},"line":7},"1":{"name":"(anonymous_1)","decl":{"start":{"line":38,"column":18},"end":{"line":38,"column":19}},"loc":{"start":{"line":38,"column":38},"end":{"line":48,"column":1}},"line":38},"2":{"name":"(anonymous_2)","decl":{"start":{"line":53,"column":21},"end":{"line":53,"column":22}},"loc":{"start":{"line":53,"column":41},"end":{"line":67,"column":1}},"line":53},"3":{"name":"(anonymous_3)","decl":{"start":{"line":72,"column":21},"end":{"line":72,"column":22}},"loc":{"start":{"line":72,"column":41},"end":{"line":92,"column":1}},"line":72},"4":{"name":"(anonymous_4)","decl":{"start":{"line":97,"column":21},"end":{"line":97,"column":22}},"loc":{"start":{"line":97,"column":41},"end":{"line":107,"column":1}},"line":97},"5":{"name":"(anonymous_5)","decl":{"start":{"line":112,"column":22},"end":{"line":112,"column":23}},"loc":{"start":{"line":112,"column":42},"end":{"line":121,"column":1}},"line":112},"6":{"name":"(anonymous_6)","decl":{"start":{"line":126,"column":29},"end":{"line":126,"column":30}},"loc":{"start":{"line":126,"column":49},"end":{"line":135,"column":1}},"line":126},"7":{"name":"(anonymous_7)","decl":{"start":{"line":140,"column":28},"end":{"line":140,"column":29}},"loc":{"start":{"line":140,"column":48},"end":{"line":149,"column":1}},"line":140},"8":{"name":"(anonymous_8)","decl":{"start":{"line":154,"column":31},"end":{"line":154,"column":32}},"loc":{"start":{"line":154,"column":51},"end":{"line":163,"column":1}},"line":154},"9":{"name":"(anonymous_9)","decl":{"start":{"line":168,"column":25},"end":{"line":168,"column":26}},"loc":{"start":{"line":168,"column":45},"end":{"line":178,"column":1}},"line":168},"10":{"name":"(anonymous_10)","decl":{"start":{"line":183,"column":31},"end":{"line":183,"column":32}},"loc":{"start":{"line":183,"column":51},"end":{"line":193,"column":1}},"line":183},"11":{"name":"(anonymous_11)","decl":{"start":{"line":198,"column":22},"end":{"line":198,"column":23}},"loc":{"start":{"line":198,"column":42},"end":{"line":210,"column":1}},"line":198},"12":{"name":"(anonymous_12)","decl":{"start":{"line":215,"column":27},"end":{"line":215,"column":28}},"loc":{"start":{"line":215,"column":47},"end":{"line":245,"column":1}},"line":215},"13":{"name":"(anonymous_13)","decl":{"start":{"line":250,"column":23},"end":{"line":250,"column":24}},"loc":{"start":{"line":250,"column":43},"end":{"line":260,"column":1}},"line":250},"14":{"name":"(anonymous_14)","decl":{"start":{"line":265,"column":26},"end":{"line":265,"column":27}},"loc":{"start":{"line":265,"column":46},"end":{"line":275,"column":1}},"line":265},"15":{"name":"(anonymous_15)","decl":{"start":{"line":280,"column":30},"end":{"line":280,"column":31}},"loc":{"start":{"line":280,"column":50},"end":{"line":291,"column":1}},"line":280},"16":{"name":"(anonymous_16)","decl":{"start":{"line":296,"column":35},"end":{"line":296,"column":36}},"loc":{"start":{"line":296,"column":55},"end":{"line":307,"column":1}},"line":296},"17":{"name":"(anonymous_17)","decl":{"start":{"line":312,"column":36},"end":{"line":312,"column":37}},"loc":{"start":{"line":312,"column":56},"end":{"line":322,"column":1}},"line":312},"18":{"name":"(anonymous_18)","decl":{"start":{"line":327,"column":28},"end":{"line":327,"column":29}},"loc":{"start":{"line":327,"column":48},"end":{"line":335,"column":1}},"line":327},"19":{"name":"(anonymous_19)","decl":{"start":{"line":340,"column":34},"end":{"line":340,"column":35}},"loc":{"start":{"line":340,"column":54},"end":{"line":351,"column":1}},"line":340},"20":{"name":"(anonymous_20)","decl":{"start":{"line":356,"column":33},"end":{"line":356,"column":34}},"loc":{"start":{"line":356,"column":53},"end":{"line":367,"column":1}},"line":356},"21":{"name":"(anonymous_21)","decl":{"start":{"line":372,"column":36},"end":{"line":372,"column":37}},"loc":{"start":{"line":372,"column":56},"end":{"line":382,"column":1}},"line":372},"22":{"name":"(anonymous_22)","decl":{"start":{"line":387,"column":31},"end":{"line":387,"column":32}},"loc":{"start":{"line":387,"column":51},"end":{"line":395,"column":1}},"line":387},"23":{"name":"(anonymous_23)","decl":{"start":{"line":400,"column":23},"end":{"line":400,"column":24}},"loc":{"start":{"line":400,"column":43},"end":{"line":424,"column":1}},"line":400}},"branchMap":{"0":{"loc":{"start":{"line":10,"column":4},"end":{"line":10,"column":53}},"type":"if","locations":[{"start":{"line":10,"column":4},"end":{"line":10,"column":53}},{"start":{},"end":{}}],"line":10},"1":{"loc":{"start":{"line":11,"column":4},"end":{"line":11,"column":59}},"type":"if","locations":[{"start":{"line":11,"column":4},"end":{"line":11,"column":59}},{"start":{},"end":{}}],"line":11},"2":{"loc":{"start":{"line":13,"column":17},"end":{"line":13,"column":46}},"type":"binary-expr","locations":[{"start":{"line":13,"column":17},"end":{"line":13,"column":41}},{"start":{"line":13,"column":45},"end":{"line":13,"column":46}}],"line":13},"3":{"loc":{"start":{"line":14,"column":18},"end":{"line":14,"column":50}},"type":"binary-expr","locations":[{"start":{"line":14,"column":18},"end":{"line":14,"column":43}},{"start":{"line":14,"column":47},"end":{"line":14,"column":50}}],"line":14},"4":{"loc":{"start":{"line":41,"column":4},"end":{"line":43,"column":5}},"type":"if","locations":[{"start":{"line":41,"column":4},"end":{"line":43,"column":5}},{"start":{},"end":{}}],"line":41},"5":{"loc":{"start":{"line":56,"column":4},"end":{"line":58,"column":5}},"type":"if","locations":[{"start":{"line":56,"column":4},"end":{"line":58,"column":5}},{"start":{},"end":{}}],"line":56},"6":{"loc":{"start":{"line":62,"column":4},"end":{"line":64,"column":5}},"type":"if","locations":[{"start":{"line":62,"column":4},"end":{"line":64,"column":5}},{"start":{},"end":{}}],"line":62},"7":{"loc":{"start":{"line":75,"column":4},"end":{"line":77,"column":5}},"type":"if","locations":[{"start":{"line":75,"column":4},"end":{"line":77,"column":5}},{"start":{},"end":{}}],"line":75},"8":{"loc":{"start":{"line":82,"column":4},"end":{"line":84,"column":5}},"type":"if","locations":[{"start":{"line":82,"column":4},"end":{"line":84,"column":5}},{"start":{},"end":{}}],"line":82},"9":{"loc":{"start":{"line":87,"column":4},"end":{"line":89,"column":5}},"type":"if","locations":[{"start":{"line":87,"column":4},"end":{"line":89,"column":5}},{"start":{},"end":{}}],"line":87},"10":{"loc":{"start":{"line":100,"column":4},"end":{"line":102,"column":5}},"type":"if","locations":[{"start":{"line":100,"column":4},"end":{"line":102,"column":5}},{"start":{},"end":{}}],"line":100},"11":{"loc":{"start":{"line":173,"column":4},"end":{"line":173,"column":102}},"type":"if","locations":[{"start":{"line":173,"column":4},"end":{"line":173,"column":102}},{"start":{},"end":{}}],"line":173},"12":{"loc":{"start":{"line":203,"column":4},"end":{"line":203,"column":102}},"type":"if","locations":[{"start":{"line":203,"column":4},"end":{"line":203,"column":102}},{"start":{},"end":{}}],"line":203},"13":{"loc":{"start":{"line":286,"column":4},"end":{"line":286,"column":96}},"type":"if","locations":[{"start":{"line":286,"column":4},"end":{"line":286,"column":96}},{"start":{},"end":{}}],"line":286},"14":{"loc":{"start":{"line":302,"column":4},"end":{"line":302,"column":96}},"type":"if","locations":[{"start":{"line":302,"column":4},"end":{"line":302,"column":96}},{"start":{},"end":{}}],"line":302},"15":{"loc":{"start":{"line":405,"column":4},"end":{"line":405,"column":102}},"type":"if","locations":[{"start":{"line":405,"column":4},"end":{"line":405,"column":102}},{"start":{},"end":{}}],"line":405},"16":{"loc":{"start":{"line":417,"column":20},"end":{"line":417,"column":85}},"type":"cond-expr","locations":[{"start":{"line":417,"column":38},"end":{"line":417,"column":81}},{"start":{"line":417,"column":84},"end":{"line":417,"column":85}}],"line":417},"17":{"loc":{"start":{"line":418,"column":20},"end":{"line":418,"column":45}},"type":"binary-expr","locations":[{"start":{"line":418,"column":20},"end":{"line":418,"column":40}},{"start":{"line":418,"column":44},"end":{"line":418,"column":45}}],"line":418},"18":{"loc":{"start":{"line":419,"column":20},"end":{"line":419,"column":45}},"type":"binary-expr","locations":[{"start":{"line":419,"column":20},"end":{"line":419,"column":40}},{"start":{"line":419,"column":44},"end":{"line":419,"column":45}}],"line":419}},"s":{"0":7,"1":7,"2":7,"3":17,"4":17,"5":17,"6":0,"7":17,"8":0,"9":17,"10":17,"11":17,"12":17,"13":17,"14":17,"15":0,"16":7,"17":1,"18":1,"19":0,"20":0,"21":0,"22":1,"23":7,"24":12,"25":12,"26":12,"27":0,"28":12,"29":12,"30":0,"31":0,"32":0,"33":7,"34":9,"35":9,"36":9,"37":0,"38":9,"39":8,"40":2,"41":6,"42":1,"43":0,"44":1,"45":7,"46":7,"47":7,"48":6,"49":2,"50":4,"51":1,"52":7,"53":1,"54":1,"55":1,"56":0,"57":7,"58":1,"59":1,"60":1,"61":0,"62":7,"63":1,"64":1,"65":1,"66":0,"67":7,"68":1,"69":1,"70":1,"71":0,"72":7,"73":1,"74":1,"75":1,"76":0,"77":1,"78":0,"79":7,"80":1,"81":1,"82":1,"83":0,"84":7,"85":1,"86":1,"87":1,"88":1,"89":1,"90":0,"91":1,"92":1,"93":1,"94":0,"95":7,"96":1,"97":1,"98":1,"99":0,"100":7,"101":0,"102":0,"103":0,"104":0,"105":0,"106":7,"107":0,"108":0,"109":0,"110":0,"111":0,"112":7,"113":1,"114":1,"115":1,"116":1,"117":0,"118":1,"119":0,"120":7,"121":1,"122":1,"123":1,"124":1,"125":0,"126":1,"127":0,"128":7,"129":1,"130":1,"131":1,"132":1,"133":0,"134":7,"135":1,"136":1,"137":1,"138":1,"139":0,"140":7,"141":1,"142":1,"143":1,"144":1,"145":0,"146":7,"147":1,"148":1,"149":1,"150":1,"151":0,"152":7,"153":1,"154":1,"155":1,"156":1,"157":0,"158":7,"159":1,"160":1,"161":1,"162":1,"163":0,"164":7,"165":1,"166":1,"167":1,"168":1,"169":1,"170":0,"171":1,"172":1,"173":1,"174":1,"175":0,"176":7},"f":{"0":17,"1":1,"2":12,"3":9,"4":7,"5":1,"6":1,"7":1,"8":1,"9":1,"10":1,"11":1,"12":1,"13":0,"14":0,"15":1,"16":1,"17":1,"18":1,"19":1,"20":1,"21":1,"22":1,"23":1},"b":{"0":[0,17],"1":[0,17],"2":[17,17],"3":[17,17],"4":[0,0],"5":[0,12],"6":[0,0],"7":[0,9],"8":[2,6],"9":[0,1],"10":[2,4],"11":[0,1],"12":[0,1],"13":[0,1],"14":[0,1],"15":[0,1],"16":[1,0],"17":[1,0],"18":[1,0]},"_coverageSchema":"1a1c01bbd47fc00a2c39e90264f33305004495a9","hash":"7eec857e5be216ce43cbaa4269aa9b4fe946101e"}
,"C:\\FeriaApp\\backend\\src\\controllers\\concertController.js": {"path":"C:\\FeriaApp\\backend\\src\\controllers\\concertController.js","statementMap":{"0":{"start":{"line":1,"column":16},"end":{"line":1,"column":44}},"1":{"start":{"line":6,"column":20},"end":{"line":31,"column":1}},"2":{"start":{"line":7,"column":2},"end":{"line":30,"column":3}},"3":{"start":{"line":8,"column":19},"end":{"line":8,"column":21}},"4":{"start":{"line":9,"column":4},"end":{"line":9,"column":59}},"5":{"start":{"line":9,"column":26},"end":{"line":9,"column":59}},"6":{"start":{"line":11,"column":17},"end":{"line":11,"column":46}},"7":{"start":{"line":12,"column":18},"end":{"line":12,"column":50}},"8":{"start":{"line":13,"column":17},"end":{"line":13,"column":35}},"9":{"start":{"line":15,"column":18},"end":{"line":15,"column":54}},"10":{"start":{"line":16,"column":21},"end":{"line":20,"column":33}},"11":{"start":{"line":22,"column":4},"end":{"line":27,"column":7}},"12":{"start":{"line":29,"column":4},"end":{"line":29,"column":74}},"13":{"start":{"line":36,"column":28},"end":{"line":43,"column":1}},"14":{"start":{"line":37,"column":2},"end":{"line":42,"column":3}},"15":{"start":{"line":38,"column":21},"end":{"line":38,"column":106}},"16":{"start":{"line":39,"column":4},"end":{"line":39,"column":23}},"17":{"start":{"line":41,"column":4},"end":{"line":41,"column":74}},"18":{"start":{"line":48,"column":22},"end":{"line":58,"column":1}},"19":{"start":{"line":49,"column":2},"end":{"line":57,"column":3}},"20":{"start":{"line":50,"column":20},"end":{"line":50,"column":50}},"21":{"start":{"line":51,"column":4},"end":{"line":51,"column":34}},"22":{"start":{"line":53,"column":4},"end":{"line":55,"column":5}},"23":{"start":{"line":54,"column":6},"end":{"line":54,"column":86}},"24":{"start":{"line":56,"column":4},"end":{"line":56,"column":74}},"25":{"start":{"line":63,"column":22},"end":{"line":79,"column":1}},"26":{"start":{"line":64,"column":2},"end":{"line":78,"column":3}},"27":{"start":{"line":65,"column":20},"end":{"line":68,"column":6}},"28":{"start":{"line":69,"column":4},"end":{"line":71,"column":5}},"29":{"start":{"line":70,"column":6},"end":{"line":70,"column":93}},"30":{"start":{"line":72,"column":4},"end":{"line":72,"column":22}},"31":{"start":{"line":74,"column":4},"end":{"line":76,"column":5}},"32":{"start":{"line":75,"column":6},"end":{"line":75,"column":86}},"33":{"start":{"line":77,"column":4},"end":{"line":77,"column":74}},"34":{"start":{"line":84,"column":22},"end":{"line":94,"column":1}},"35":{"start":{"line":85,"column":2},"end":{"line":93,"column":3}},"36":{"start":{"line":86,"column":20},"end":{"line":86,"column":66}},"37":{"start":{"line":87,"column":4},"end":{"line":89,"column":5}},"38":{"start":{"line":88,"column":6},"end":{"line":88,"column":93}},"39":{"start":{"line":90,"column":4},"end":{"line":90,"column":58}},"40":{"start":{"line":92,"column":4},"end":{"line":92,"column":74}},"41":{"start":{"line":99,"column":23},"end":{"line":108,"column":1}},"42":{"start":{"line":100,"column":2},"end":{"line":107,"column":3}},"43":{"start":{"line":101,"column":21},"end":{"line":103,"column":67}},"44":{"start":{"line":104,"column":4},"end":{"line":104,"column":23}},"45":{"start":{"line":106,"column":4},"end":{"line":106,"column":74}},"46":{"start":{"line":113,"column":30},"end":{"line":122,"column":1}},"47":{"start":{"line":114,"column":2},"end":{"line":121,"column":3}},"48":{"start":{"line":115,"column":21},"end":{"line":117,"column":35}},"49":{"start":{"line":118,"column":4},"end":{"line":118,"column":23}},"50":{"start":{"line":120,"column":4},"end":{"line":120,"column":74}},"51":{"start":{"line":127,"column":31},"end":{"line":140,"column":1}},"52":{"start":{"line":128,"column":2},"end":{"line":139,"column":3}},"53":{"start":{"line":129,"column":35},"end":{"line":129,"column":44}},"54":{"start":{"line":130,"column":19},"end":{"line":130,"column":21}},"55":{"start":{"line":131,"column":4},"end":{"line":131,"column":63}},"56":{"start":{"line":131,"column":19},"end":{"line":131,"column":63}},"57":{"start":{"line":132,"column":4},"end":{"line":132,"column":75}},"58":{"start":{"line":132,"column":17},"end":{"line":132,"column":75}},"59":{"start":{"line":133,"column":21},"end":{"line":135,"column":33}},"60":{"start":{"line":136,"column":4},"end":{"line":136,"column":23}},"61":{"start":{"line":138,"column":4},"end":{"line":138,"column":74}},"62":{"start":{"line":145,"column":27},"end":{"line":154,"column":1}},"63":{"start":{"line":146,"column":2},"end":{"line":153,"column":3}},"64":{"start":{"line":147,"column":21},"end":{"line":149,"column":67}},"65":{"start":{"line":150,"column":4},"end":{"line":150,"column":23}},"66":{"start":{"line":152,"column":4},"end":{"line":152,"column":74}},"67":{"start":{"line":159,"column":28},"end":{"line":168,"column":1}},"68":{"start":{"line":160,"column":2},"end":{"line":167,"column":3}},"69":{"start":{"line":161,"column":21},"end":{"line":163,"column":67}},"70":{"start":{"line":164,"column":4},"end":{"line":164,"column":23}},"71":{"start":{"line":166,"column":4},"end":{"line":166,"column":74}},"72":{"start":{"line":173,"column":30},"end":{"line":203,"column":1}},"73":{"start":{"line":174,"column":2},"end":{"line":202,"column":3}},"74":{"start":{"line":175,"column":19},"end":{"line":198,"column":6}},"75":{"start":{"line":199,"column":4},"end":{"line":199,"column":21}},"76":{"start":{"line":201,"column":4},"end":{"line":201,"column":74}},"77":{"start":{"line":208,"column":32},"end":{"line":217,"column":1}},"78":{"start":{"line":209,"column":2},"end":{"line":216,"column":3}},"79":{"start":{"line":210,"column":21},"end":{"line":212,"column":67}},"80":{"start":{"line":213,"column":4},"end":{"line":213,"column":23}},"81":{"start":{"line":215,"column":4},"end":{"line":215,"column":74}},"82":{"start":{"line":222,"column":24},"end":{"line":257,"column":1}},"83":{"start":{"line":223,"column":2},"end":{"line":256,"column":3}},"84":{"start":{"line":224,"column":21},"end":{"line":252,"column":6}},"85":{"start":{"line":253,"column":4},"end":{"line":253,"column":23}},"86":{"start":{"line":255,"column":4},"end":{"line":255,"column":74}},"87":{"start":{"line":262,"column":25},"end":{"line":270,"column":1}},"88":{"start":{"line":263,"column":2},"end":{"line":269,"column":3}},"89":{"start":{"line":264,"column":20},"end":{"line":264,"column":76}},"90":{"start":{"line":265,"column":4},"end":{"line":265,"column":105}},"91":{"start":{"line":265,"column":18},"end":{"line":265,"column":105}},"92":{"start":{"line":266,"column":4},"end":{"line":266,"column":29}},"93":{"start":{"line":268,"column":4},"end":{"line":268,"column":74}},"94":{"start":{"line":275,"column":27},"end":{"line":291,"column":1}},"95":{"start":{"line":276,"column":2},"end":{"line":290,"column":3}},"96":{"start":{"line":277,"column":20},"end":{"line":277,"column":57}},"97":{"start":{"line":278,"column":4},"end":{"line":278,"column":105}},"98":{"start":{"line":278,"column":18},"end":{"line":278,"column":105}},"99":{"start":{"line":279,"column":23},"end":{"line":279,"column":45}},"100":{"start":{"line":280,"column":4},"end":{"line":280,"column":36}},"101":{"start":{"line":281,"column":21},"end":{"line":281,"column":43}},"102":{"start":{"line":282,"column":4},"end":{"line":282,"column":39}},"103":{"start":{"line":283,"column":21},"end":{"line":286,"column":58}},"104":{"start":{"line":287,"column":4},"end":{"line":287,"column":23}},"105":{"start":{"line":289,"column":4},"end":{"line":289,"column":74}},"106":{"start":{"line":296,"column":29},"end":{"line":309,"column":1}},"107":{"start":{"line":297,"column":2},"end":{"line":308,"column":3}},"108":{"start":{"line":298,"column":20},"end":{"line":298,"column":57}},"109":{"start":{"line":299,"column":4},"end":{"line":299,"column":105}},"110":{"start":{"line":299,"column":18},"end":{"line":299,"column":105}},"111":{"start":{"line":300,"column":4},"end":{"line":300,"column":44}},"112":{"start":{"line":300,"column":24},"end":{"line":300,"column":44}},"113":{"start":{"line":301,"column":21},"end":{"line":304,"column":67}},"114":{"start":{"line":305,"column":4},"end":{"line":305,"column":23}},"115":{"start":{"line":307,"column":4},"end":{"line":307,"column":74}},"116":{"start":{"line":314,"column":30},"end":{"line":326,"column":1}},"117":{"start":{"line":315,"column":2},"end":{"line":325,"column":3}},"118":{"start":{"line":316,"column":17},"end":{"line":316,"column":42}},"119":{"start":{"line":317,"column":20},"end":{"line":317,"column":57}},"120":{"start":{"line":318,"column":4},"end":{"line":318,"column":105}},"121":{"start":{"line":318,"column":18},"end":{"line":318,"column":105}},"122":{"start":{"line":319,"column":18},"end":{"line":321,"column":24}},"123":{"start":{"line":322,"column":4},"end":{"line":322,"column":20}},"124":{"start":{"line":324,"column":4},"end":{"line":324,"column":74}},"125":{"start":{"line":328,"column":0},"end":{"line":333,"column":2}}},"fnMap":{"0":{"name":"(anonymous_0)","decl":{"start":{"line":6,"column":20},"end":{"line":6,"column":21}},"loc":{"start":{"line":6,"column":40},"end":{"line":31,"column":1}},"line":6},"1":{"name":"(anonymous_1)","decl":{"start":{"line":36,"column":28},"end":{"line":36,"column":29}},"loc":{"start":{"line":36,"column":48},"end":{"line":43,"column":1}},"line":36},"2":{"name":"(anonymous_2)","decl":{"start":{"line":48,"column":22},"end":{"line":48,"column":23}},"loc":{"start":{"line":48,"column":42},"end":{"line":58,"column":1}},"line":48},"3":{"name":"(anonymous_3)","decl":{"start":{"line":63,"column":22},"end":{"line":63,"column":23}},"loc":{"start":{"line":63,"column":42},"end":{"line":79,"column":1}},"line":63},"4":{"name":"(anonymous_4)","decl":{"start":{"line":84,"column":22},"end":{"line":84,"column":23}},"loc":{"start":{"line":84,"column":42},"end":{"line":94,"column":1}},"line":84},"5":{"name":"(anonymous_5)","decl":{"start":{"line":99,"column":23},"end":{"line":99,"column":24}},"loc":{"start":{"line":99,"column":43},"end":{"line":108,"column":1}},"line":99},"6":{"name":"(anonymous_6)","decl":{"start":{"line":113,"column":30},"end":{"line":113,"column":31}},"loc":{"start":{"line":113,"column":50},"end":{"line":122,"column":1}},"line":113},"7":{"name":"(anonymous_7)","decl":{"start":{"line":127,"column":31},"end":{"line":127,"column":32}},"loc":{"start":{"line":127,"column":51},"end":{"line":140,"column":1}},"line":127},"8":{"name":"(anonymous_8)","decl":{"start":{"line":145,"column":27},"end":{"line":145,"column":28}},"loc":{"start":{"line":145,"column":47},"end":{"line":154,"column":1}},"line":145},"9":{"name":"(anonymous_9)","decl":{"start":{"line":159,"column":28},"end":{"line":159,"column":29}},"loc":{"start":{"line":159,"column":48},"end":{"line":168,"column":1}},"line":159},"10":{"name":"(anonymous_10)","decl":{"start":{"line":173,"column":30},"end":{"line":173,"column":31}},"loc":{"start":{"line":173,"column":50},"end":{"line":203,"column":1}},"line":173},"11":{"name":"(anonymous_11)","decl":{"start":{"line":208,"column":32},"end":{"line":208,"column":33}},"loc":{"start":{"line":208,"column":52},"end":{"line":217,"column":1}},"line":208},"12":{"name":"(anonymous_12)","decl":{"start":{"line":222,"column":24},"end":{"line":222,"column":25}},"loc":{"start":{"line":222,"column":44},"end":{"line":257,"column":1}},"line":222},"13":{"name":"(anonymous_13)","decl":{"start":{"line":262,"column":25},"end":{"line":262,"column":26}},"loc":{"start":{"line":262,"column":45},"end":{"line":270,"column":1}},"line":262},"14":{"name":"(anonymous_14)","decl":{"start":{"line":275,"column":27},"end":{"line":275,"column":28}},"loc":{"start":{"line":275,"column":47},"end":{"line":291,"column":1}},"line":275},"15":{"name":"(anonymous_15)","decl":{"start":{"line":296,"column":29},"end":{"line":296,"column":30}},"loc":{"start":{"line":296,"column":49},"end":{"line":309,"column":1}},"line":296},"16":{"name":"(anonymous_16)","decl":{"start":{"line":314,"column":30},"end":{"line":314,"column":31}},"loc":{"start":{"line":314,"column":50},"end":{"line":326,"column":1}},"line":314}},"branchMap":{"0":{"loc":{"start":{"line":9,"column":4},"end":{"line":9,"column":59}},"type":"if","locations":[{"start":{"line":9,"column":4},"end":{"line":9,"column":59}},{"start":{},"end":{}}],"line":9},"1":{"loc":{"start":{"line":11,"column":17},"end":{"line":11,"column":46}},"type":"binary-expr","locations":[{"start":{"line":11,"column":17},"end":{"line":11,"column":41}},{"start":{"line":11,"column":45},"end":{"line":11,"column":46}}],"line":11},"2":{"loc":{"start":{"line":12,"column":18},"end":{"line":12,"column":50}},"type":"binary-expr","locations":[{"start":{"line":12,"column":18},"end":{"line":12,"column":43}},{"start":{"line":12,"column":47},"end":{"line":12,"column":50}}],"line":12},"3":{"loc":{"start":{"line":53,"column":4},"end":{"line":55,"column":5}},"type":"if","locations":[{"start":{"line":53,"column":4},"end":{"line":55,"column":5}},{"start":{},"end":{}}],"line":53},"4":{"loc":{"start":{"line":69,"column":4},"end":{"line":71,"column":5}},"type":"if","locations":[{"start":{"line":69,"column":4},"end":{"line":71,"column":5}},{"start":{},"end":{}}],"line":69},"5":{"loc":{"start":{"line":74,"column":4},"end":{"line":76,"column":5}},"type":"if","locations":[{"start":{"line":74,"column":4},"end":{"line":76,"column":5}},{"start":{},"end":{}}],"line":74},"6":{"loc":{"start":{"line":87,"column":4},"end":{"line":89,"column":5}},"type":"if","locations":[{"start":{"line":87,"column":4},"end":{"line":89,"column":5}},{"start":{},"end":{}}],"line":87},"7":{"loc":{"start":{"line":131,"column":4},"end":{"line":131,"column":63}},"type":"if","locations":[{"start":{"line":131,"column":4},"end":{"line":131,"column":63}},{"start":{},"end":{}}],"line":131},"8":{"loc":{"start":{"line":132,"column":4},"end":{"line":132,"column":75}},"type":"if","locations":[{"start":{"line":132,"column":4},"end":{"line":132,"column":75}},{"start":{},"end":{}}],"line":132},"9":{"loc":{"start":{"line":265,"column":4},"end":{"line":265,"column":105}},"type":"if","locations":[{"start":{"line":265,"column":4},"end":{"line":265,"column":105}},{"start":{},"end":{}}],"line":265},"10":{"loc":{"start":{"line":278,"column":4},"end":{"line":278,"column":105}},"type":"if","locations":[{"start":{"line":278,"column":4},"end":{"line":278,"column":105}},{"start":{},"end":{}}],"line":278},"11":{"loc":{"start":{"line":299,"column":4},"end":{"line":299,"column":105}},"type":"if","locations":[{"start":{"line":299,"column":4},"end":{"line":299,"column":105}},{"start":{},"end":{}}],"line":299},"12":{"loc":{"start":{"line":300,"column":4},"end":{"line":300,"column":44}},"type":"if","locations":[{"start":{"line":300,"column":4},"end":{"line":300,"column":44}},{"start":{},"end":{}}],"line":300},"13":{"loc":{"start":{"line":318,"column":4},"end":{"line":318,"column":105}},"type":"if","locations":[{"start":{"line":318,"column":4},"end":{"line":318,"column":105}},{"start":{},"end":{}}],"line":318}},"s":{"0":7,"1":7,"2":17,"3":17,"4":17,"5":0,"6":17,"7":17,"8":17,"9":17,"10":17,"11":17,"12":0,"13":7,"14":0,"15":0,"16":0,"17":0,"18":7,"19":10,"20":10,"21":10,"22":0,"23":0,"24":0,"25":7,"26":8,"27":8,"28":7,"29":2,"30":5,"31":1,"32":0,"33":1,"34":7,"35":6,"36":6,"37":5,"38":2,"39":3,"40":1,"41":7,"42":1,"43":1,"44":1,"45":0,"46":7,"47":1,"48":1,"49":1,"50":0,"51":7,"52":1,"53":1,"54":1,"55":1,"56":1,"57":1,"58":1,"59":1,"60":1,"61":0,"62":7,"63":1,"64":1,"65":1,"66":0,"67":7,"68":1,"69":1,"70":1,"71":0,"72":7,"73":1,"74":1,"75":1,"76":0,"77":7,"78":1,"79":1,"80":1,"81":0,"82":7,"83":1,"84":1,"85":1,"86":0,"87":7,"88":1,"89":1,"90":1,"91":0,"92":1,"93":0,"94":7,"95":1,"96":1,"97":1,"98":0,"99":1,"100":1,"101":1,"102":1,"103":1,"104":1,"105":0,"106":7,"107":1,"108":1,"109":1,"110":0,"111":1,"112":0,"113":1,"114":1,"115":0,"116":7,"117":1,"118":1,"119":1,"120":1,"121":0,"122":1,"123":1,"124":0,"125":7},"f":{"0":17,"1":0,"2":10,"3":8,"4":6,"5":1,"6":1,"7":1,"8":1,"9":1,"10":1,"11":1,"12":1,"13":1,"14":1,"15":1,"16":1},"b":{"0":[0,17],"1":[17,17],"2":[17,17],"3":[0,0],"4":[2,5],"5":[0,1],"6":[2,3],"7":[1,0],"8":[1,0],"9":[0,1],"10":[0,1],"11":[0,1],"12":[0,1],"13":[0,1]},"_coverageSchema":"1a1c01bbd47fc00a2c39e90264f33305004495a9","hash":"53689f0c1bf5e284483f23ff8ea6bd8f39fb676a"}
,"C:\\FeriaApp\\backend\\src\\controllers\\fairController.js": {"path":"C:\\FeriaApp\\backend\\src\\controllers\\fairController.js","statementMap":{"0":{"start":{"line":1,"column":13},"end":{"line":1,"column":38}},"1":{"start":{"line":6,"column":17},"end":{"line":30,"column":1}},"2":{"start":{"line":7,"column":2},"end":{"line":29,"column":3}},"3":{"start":{"line":8,"column":19},"end":{"line":8,"column":21}},"4":{"start":{"line":9,"column":4},"end":{"line":9,"column":70}},"5":{"start":{"line":9,"column":26},"end":{"line":9,"column":70}},"6":{"start":{"line":11,"column":17},"end":{"line":11,"column":46}},"7":{"start":{"line":12,"column":18},"end":{"line":12,"column":50}},"8":{"start":{"line":13,"column":17},"end":{"line":13,"column":35}},"9":{"start":{"line":15,"column":18},"end":{"line":15,"column":51}},"10":{"start":{"line":16,"column":18},"end":{"line":19,"column":29}},"11":{"start":{"line":21,"column":4},"end":{"line":26,"column":7}},"12":{"start":{"line":28,"column":4},"end":{"line":28,"column":74}},"13":{"start":{"line":35,"column":16},"end":{"line":45,"column":1}},"14":{"start":{"line":36,"column":2},"end":{"line":44,"column":3}},"15":{"start":{"line":37,"column":17},"end":{"line":37,"column":51}},"16":{"start":{"line":38,"column":4},"end":{"line":40,"column":5}},"17":{"start":{"line":39,"column":6},"end":{"line":39,"column":87}},"18":{"start":{"line":41,"column":4},"end":{"line":41,"column":19}},"19":{"start":{"line":43,"column":4},"end":{"line":43,"column":74}},"20":{"start":{"line":50,"column":19},"end":{"line":60,"column":1}},"21":{"start":{"line":51,"column":2},"end":{"line":59,"column":3}},"22":{"start":{"line":52,"column":17},"end":{"line":52,"column":44}},"23":{"start":{"line":53,"column":4},"end":{"line":53,"column":31}},"24":{"start":{"line":55,"column":4},"end":{"line":57,"column":5}},"25":{"start":{"line":56,"column":6},"end":{"line":56,"column":86}},"26":{"start":{"line":58,"column":4},"end":{"line":58,"column":74}},"27":{"start":{"line":65,"column":19},"end":{"line":81,"column":1}},"28":{"start":{"line":66,"column":2},"end":{"line":80,"column":3}},"29":{"start":{"line":67,"column":17},"end":{"line":70,"column":6}},"30":{"start":{"line":71,"column":4},"end":{"line":73,"column":5}},"31":{"start":{"line":72,"column":6},"end":{"line":72,"column":87}},"32":{"start":{"line":74,"column":4},"end":{"line":74,"column":19}},"33":{"start":{"line":76,"column":4},"end":{"line":78,"column":5}},"34":{"start":{"line":77,"column":6},"end":{"line":77,"column":86}},"35":{"start":{"line":79,"column":4},"end":{"line":79,"column":74}},"36":{"start":{"line":86,"column":19},"end":{"line":96,"column":1}},"37":{"start":{"line":87,"column":2},"end":{"line":95,"column":3}},"38":{"start":{"line":88,"column":17},"end":{"line":88,"column":60}},"39":{"start":{"line":89,"column":4},"end":{"line":91,"column":5}},"40":{"start":{"line":90,"column":6},"end":{"line":90,"column":87}},"41":{"start":{"line":92,"column":4},"end":{"line":92,"column":55}},"42":{"start":{"line":94,"column":4},"end":{"line":94,"column":74}},"43":{"start":{"line":101,"column":23},"end":{"line":108,"column":1}},"44":{"start":{"line":102,"column":2},"end":{"line":107,"column":3}},"45":{"start":{"line":103,"column":18},"end":{"line":103,"column":74}},"46":{"start":{"line":104,"column":4},"end":{"line":104,"column":20}},"47":{"start":{"line":106,"column":4},"end":{"line":106,"column":74}},"48":{"start":{"line":113,"column":20},"end":{"line":122,"column":1}},"49":{"start":{"line":114,"column":2},"end":{"line":121,"column":3}},"50":{"start":{"line":115,"column":18},"end":{"line":117,"column":29}},"51":{"start":{"line":118,"column":4},"end":{"line":118,"column":20}},"52":{"start":{"line":120,"column":4},"end":{"line":120,"column":74}},"53":{"start":{"line":127,"column":28},"end":{"line":138,"column":1}},"54":{"start":{"line":128,"column":2},"end":{"line":137,"column":3}},"55":{"start":{"line":129,"column":35},"end":{"line":129,"column":44}},"56":{"start":{"line":130,"column":19},"end":{"line":130,"column":21}},"57":{"start":{"line":131,"column":4},"end":{"line":131,"column":68}},"58":{"start":{"line":131,"column":19},"end":{"line":131,"column":68}},"59":{"start":{"line":132,"column":4},"end":{"line":132,"column":62}},"60":{"start":{"line":132,"column":17},"end":{"line":132,"column":62}},"61":{"start":{"line":133,"column":18},"end":{"line":133,"column":64}},"62":{"start":{"line":134,"column":4},"end":{"line":134,"column":20}},"63":{"start":{"line":136,"column":4},"end":{"line":136,"column":74}},"64":{"start":{"line":143,"column":22},"end":{"line":151,"column":1}},"65":{"start":{"line":144,"column":2},"end":{"line":150,"column":3}},"66":{"start":{"line":145,"column":17},"end":{"line":145,"column":61}},"67":{"start":{"line":146,"column":4},"end":{"line":146,"column":96}},"68":{"start":{"line":146,"column":15},"end":{"line":146,"column":96}},"69":{"start":{"line":147,"column":4},"end":{"line":147,"column":19}},"70":{"start":{"line":149,"column":4},"end":{"line":149,"column":74}},"71":{"start":{"line":156,"column":27},"end":{"line":166,"column":1}},"72":{"start":{"line":157,"column":2},"end":{"line":165,"column":3}},"73":{"start":{"line":158,"column":19},"end":{"line":158,"column":46}},"74":{"start":{"line":159,"column":17},"end":{"line":159,"column":51}},"75":{"start":{"line":160,"column":4},"end":{"line":160,"column":96}},"76":{"start":{"line":160,"column":15},"end":{"line":160,"column":96}},"77":{"start":{"line":161,"column":20},"end":{"line":161,"column":82}},"78":{"start":{"line":162,"column":4},"end":{"line":162,"column":32}},"79":{"start":{"line":164,"column":4},"end":{"line":164,"column":74}},"80":{"start":{"line":171,"column":27},"end":{"line":179,"column":1}},"81":{"start":{"line":172,"column":2},"end":{"line":178,"column":3}},"82":{"start":{"line":173,"column":19},"end":{"line":173,"column":62}},"83":{"start":{"line":174,"column":21},"end":{"line":174,"column":65}},"84":{"start":{"line":175,"column":4},"end":{"line":175,"column":61}},"85":{"start":{"line":177,"column":4},"end":{"line":177,"column":74}},"86":{"start":{"line":184,"column":32},"end":{"line":191,"column":1}},"87":{"start":{"line":185,"column":2},"end":{"line":190,"column":3}},"88":{"start":{"line":186,"column":18},"end":{"line":186,"column":57}},"89":{"start":{"line":187,"column":4},"end":{"line":187,"column":20}},"90":{"start":{"line":189,"column":4},"end":{"line":189,"column":74}},"91":{"start":{"line":196,"column":20},"end":{"line":214,"column":1}},"92":{"start":{"line":197,"column":2},"end":{"line":213,"column":3}},"93":{"start":{"line":198,"column":19},"end":{"line":198,"column":46}},"94":{"start":{"line":199,"column":17},"end":{"line":199,"column":42}},"95":{"start":{"line":200,"column":20},"end":{"line":200,"column":48}},"96":{"start":{"line":202,"column":17},"end":{"line":202,"column":51}},"97":{"start":{"line":203,"column":4},"end":{"line":203,"column":96}},"98":{"start":{"line":203,"column":15},"end":{"line":203,"column":96}},"99":{"start":{"line":205,"column":20},"end":{"line":205,"column":82}},"100":{"start":{"line":206,"column":22},"end":{"line":206,"column":45}},"101":{"start":{"line":206,"column":39},"end":{"line":206,"column":44}},"102":{"start":{"line":207,"column":18},"end":{"line":207,"column":99}},"103":{"start":{"line":208,"column":21},"end":{"line":208,"column":132}},"104":{"start":{"line":210,"column":4},"end":{"line":210,"column":49}},"105":{"start":{"line":212,"column":4},"end":{"line":212,"column":74}},"106":{"start":{"line":219,"column":21},"end":{"line":232,"column":1}},"107":{"start":{"line":220,"column":2},"end":{"line":231,"column":3}},"108":{"start":{"line":221,"column":19},"end":{"line":221,"column":46}},"109":{"start":{"line":222,"column":17},"end":{"line":222,"column":42}},"110":{"start":{"line":223,"column":20},"end":{"line":223,"column":76}},"111":{"start":{"line":224,"column":22},"end":{"line":224,"column":45}},"112":{"start":{"line":224,"column":39},"end":{"line":224,"column":44}},"113":{"start":{"line":225,"column":18},"end":{"line":227,"column":24}},"114":{"start":{"line":228,"column":4},"end":{"line":228,"column":20}},"115":{"start":{"line":230,"column":4},"end":{"line":230,"column":74}},"116":{"start":{"line":237,"column":24},"end":{"line":250,"column":1}},"117":{"start":{"line":238,"column":2},"end":{"line":249,"column":3}},"118":{"start":{"line":239,"column":19},"end":{"line":239,"column":46}},"119":{"start":{"line":240,"column":20},"end":{"line":240,"column":48}},"120":{"start":{"line":241,"column":20},"end":{"line":241,"column":76}},"121":{"start":{"line":242,"column":22},"end":{"line":242,"column":45}},"122":{"start":{"line":242,"column":39},"end":{"line":242,"column":44}},"123":{"start":{"line":243,"column":21},"end":{"line":245,"column":33}},"124":{"start":{"line":246,"column":4},"end":{"line":246,"column":23}},"125":{"start":{"line":248,"column":4},"end":{"line":248,"column":74}},"126":{"start":{"line":255,"column":21},"end":{"line":280,"column":1}},"127":{"start":{"line":256,"column":2},"end":{"line":279,"column":3}},"128":{"start":{"line":257,"column":19},"end":{"line":257,"column":46}},"129":{"start":{"line":258,"column":17},"end":{"line":258,"column":42}},"130":{"start":{"line":259,"column":20},"end":{"line":259,"column":48}},"131":{"start":{"line":260,"column":17},"end":{"line":260,"column":51}},"132":{"start":{"line":261,"column":4},"end":{"line":261,"column":96}},"133":{"start":{"line":261,"column":15},"end":{"line":261,"column":96}},"134":{"start":{"line":262,"column":20},"end":{"line":262,"column":76}},"135":{"start":{"line":263,"column":22},"end":{"line":263,"column":45}},"136":{"start":{"line":263,"column":39},"end":{"line":263,"column":44}},"137":{"start":{"line":264,"column":23},"end":{"line":264,"column":80}},"138":{"start":{"line":265,"column":26},"end":{"line":265,"column":86}},"139":{"start":{"line":266,"column":25},"end":{"line":269,"column":6}},"140":{"start":{"line":270,"column":4},"end":{"line":276,"column":7}},"141":{"start":{"line":278,"column":4},"end":{"line":278,"column":74}},"142":{"start":{"line":285,"column":28},"end":{"line":293,"column":1}},"143":{"start":{"line":286,"column":2},"end":{"line":292,"column":3}},"144":{"start":{"line":287,"column":19},"end":{"line":287,"column":46}},"145":{"start":{"line":288,"column":18},"end":{"line":288,"column":70}},"146":{"start":{"line":289,"column":4},"end":{"line":289,"column":24}},"147":{"start":{"line":291,"column":4},"end":{"line":291,"column":74}},"148":{"start":{"line":298,"column":32},"end":{"line":309,"column":1}},"149":{"start":{"line":299,"column":2},"end":{"line":308,"column":3}},"150":{"start":{"line":300,"column":19},"end":{"line":300,"column":46}},"151":{"start":{"line":301,"column":20},"end":{"line":304,"column":26}},"152":{"start":{"line":305,"column":4},"end":{"line":305,"column":22}},"153":{"start":{"line":307,"column":4},"end":{"line":307,"column":74}},"154":{"start":{"line":314,"column":29},"end":{"line":325,"column":1}},"155":{"start":{"line":315,"column":2},"end":{"line":324,"column":3}},"156":{"start":{"line":316,"column":19},"end":{"line":316,"column":46}},"157":{"start":{"line":317,"column":20},"end":{"line":320,"column":26}},"158":{"start":{"line":321,"column":4},"end":{"line":321,"column":22}},"159":{"start":{"line":323,"column":4},"end":{"line":323,"column":74}},"160":{"start":{"line":327,"column":0},"end":{"line":333,"column":2}}},"fnMap":{"0":{"name":"(anonymous_0)","decl":{"start":{"line":6,"column":17},"end":{"line":6,"column":18}},"loc":{"start":{"line":6,"column":37},"end":{"line":30,"column":1}},"line":6},"1":{"name":"(anonymous_1)","decl":{"start":{"line":35,"column":16},"end":{"line":35,"column":17}},"loc":{"start":{"line":35,"column":36},"end":{"line":45,"column":1}},"line":35},"2":{"name":"(anonymous_2)","decl":{"start":{"line":50,"column":19},"end":{"line":50,"column":20}},"loc":{"start":{"line":50,"column":39},"end":{"line":60,"column":1}},"line":50},"3":{"name":"(anonymous_3)","decl":{"start":{"line":65,"column":19},"end":{"line":65,"column":20}},"loc":{"start":{"line":65,"column":39},"end":{"line":81,"column":1}},"line":65},"4":{"name":"(anonymous_4)","decl":{"start":{"line":86,"column":19},"end":{"line":86,"column":20}},"loc":{"start":{"line":86,"column":39},"end":{"line":96,"column":1}},"line":86},"5":{"name":"(anonymous_5)","decl":{"start":{"line":101,"column":23},"end":{"line":101,"column":24}},"loc":{"start":{"line":101,"column":43},"end":{"line":108,"column":1}},"line":101},"6":{"name":"(anonymous_6)","decl":{"start":{"line":113,"column":20},"end":{"line":113,"column":21}},"loc":{"start":{"line":113,"column":40},"end":{"line":122,"column":1}},"line":113},"7":{"name":"(anonymous_7)","decl":{"start":{"line":127,"column":28},"end":{"line":127,"column":29}},"loc":{"start":{"line":127,"column":48},"end":{"line":138,"column":1}},"line":127},"8":{"name":"(anonymous_8)","decl":{"start":{"line":143,"column":22},"end":{"line":143,"column":23}},"loc":{"start":{"line":143,"column":42},"end":{"line":151,"column":1}},"line":143},"9":{"name":"(anonymous_9)","decl":{"start":{"line":156,"column":27},"end":{"line":156,"column":28}},"loc":{"start":{"line":156,"column":47},"end":{"line":166,"column":1}},"line":156},"10":{"name":"(anonymous_10)","decl":{"start":{"line":171,"column":27},"end":{"line":171,"column":28}},"loc":{"start":{"line":171,"column":47},"end":{"line":179,"column":1}},"line":171},"11":{"name":"(anonymous_11)","decl":{"start":{"line":184,"column":32},"end":{"line":184,"column":33}},"loc":{"start":{"line":184,"column":52},"end":{"line":191,"column":1}},"line":184},"12":{"name":"(anonymous_12)","decl":{"start":{"line":196,"column":20},"end":{"line":196,"column":21}},"loc":{"start":{"line":196,"column":40},"end":{"line":214,"column":1}},"line":196},"13":{"name":"(anonymous_13)","decl":{"start":{"line":206,"column":34},"end":{"line":206,"column":35}},"loc":{"start":{"line":206,"column":39},"end":{"line":206,"column":44}},"line":206},"14":{"name":"(anonymous_14)","decl":{"start":{"line":219,"column":21},"end":{"line":219,"column":22}},"loc":{"start":{"line":219,"column":41},"end":{"line":232,"column":1}},"line":219},"15":{"name":"(anonymous_15)","decl":{"start":{"line":224,"column":34},"end":{"line":224,"column":35}},"loc":{"start":{"line":224,"column":39},"end":{"line":224,"column":44}},"line":224},"16":{"name":"(anonymous_16)","decl":{"start":{"line":237,"column":24},"end":{"line":237,"column":25}},"loc":{"start":{"line":237,"column":44},"end":{"line":250,"column":1}},"line":237},"17":{"name":"(anonymous_17)","decl":{"start":{"line":242,"column":34},"end":{"line":242,"column":35}},"loc":{"start":{"line":242,"column":39},"end":{"line":242,"column":44}},"line":242},"18":{"name":"(anonymous_18)","decl":{"start":{"line":255,"column":21},"end":{"line":255,"column":22}},"loc":{"start":{"line":255,"column":41},"end":{"line":280,"column":1}},"line":255},"19":{"name":"(anonymous_19)","decl":{"start":{"line":263,"column":34},"end":{"line":263,"column":35}},"loc":{"start":{"line":263,"column":39},"end":{"line":263,"column":44}},"line":263},"20":{"name":"(anonymous_20)","decl":{"start":{"line":285,"column":28},"end":{"line":285,"column":29}},"loc":{"start":{"line":285,"column":48},"end":{"line":293,"column":1}},"line":285},"21":{"name":"(anonymous_21)","decl":{"start":{"line":298,"column":32},"end":{"line":298,"column":33}},"loc":{"start":{"line":298,"column":52},"end":{"line":309,"column":1}},"line":298},"22":{"name":"(anonymous_22)","decl":{"start":{"line":314,"column":29},"end":{"line":314,"column":30}},"loc":{"start":{"line":314,"column":49},"end":{"line":325,"column":1}},"line":314}},"branchMap":{"0":{"loc":{"start":{"line":9,"column":4},"end":{"line":9,"column":70}},"type":"if","locations":[{"start":{"line":9,"column":4},"end":{"line":9,"column":70}},{"start":{},"end":{}}],"line":9},"1":{"loc":{"start":{"line":11,"column":17},"end":{"line":11,"column":46}},"type":"binary-expr","locations":[{"start":{"line":11,"column":17},"end":{"line":11,"column":41}},{"start":{"line":11,"column":45},"end":{"line":11,"column":46}}],"line":11},"2":{"loc":{"start":{"line":12,"column":18},"end":{"line":12,"column":50}},"type":"binary-expr","locations":[{"start":{"line":12,"column":18},"end":{"line":12,"column":43}},{"start":{"line":12,"column":47},"end":{"line":12,"column":50}}],"line":12},"3":{"loc":{"start":{"line":38,"column":4},"end":{"line":40,"column":5}},"type":"if","locations":[{"start":{"line":38,"column":4},"end":{"line":40,"column":5}},{"start":{},"end":{}}],"line":38},"4":{"loc":{"start":{"line":55,"column":4},"end":{"line":57,"column":5}},"type":"if","locations":[{"start":{"line":55,"column":4},"end":{"line":57,"column":5}},{"start":{},"end":{}}],"line":55},"5":{"loc":{"start":{"line":71,"column":4},"end":{"line":73,"column":5}},"type":"if","locations":[{"start":{"line":71,"column":4},"end":{"line":73,"column":5}},{"start":{},"end":{}}],"line":71},"6":{"loc":{"start":{"line":76,"column":4},"end":{"line":78,"column":5}},"type":"if","locations":[{"start":{"line":76,"column":4},"end":{"line":78,"column":5}},{"start":{},"end":{}}],"line":76},"7":{"loc":{"start":{"line":89,"column":4},"end":{"line":91,"column":5}},"type":"if","locations":[{"start":{"line":89,"column":4},"end":{"line":91,"column":5}},{"start":{},"end":{}}],"line":89},"8":{"loc":{"start":{"line":131,"column":4},"end":{"line":131,"column":68}},"type":"if","locations":[{"start":{"line":131,"column":4},"end":{"line":131,"column":68}},{"start":{},"end":{}}],"line":131},"9":{"loc":{"start":{"line":132,"column":4},"end":{"line":132,"column":62}},"type":"if","locations":[{"start":{"line":132,"column":4},"end":{"line":132,"column":62}},{"start":{},"end":{}}],"line":132},"10":{"loc":{"start":{"line":146,"column":4},"end":{"line":146,"column":96}},"type":"if","locations":[{"start":{"line":146,"column":4},"end":{"line":146,"column":96}},{"start":{},"end":{}}],"line":146},"11":{"loc":{"start":{"line":160,"column":4},"end":{"line":160,"column":96}},"type":"if","locations":[{"start":{"line":160,"column":4},"end":{"line":160,"column":96}},{"start":{},"end":{}}],"line":160},"12":{"loc":{"start":{"line":203,"column":4},"end":{"line":203,"column":96}},"type":"if","locations":[{"start":{"line":203,"column":4},"end":{"line":203,"column":96}},{"start":{},"end":{}}],"line":203},"13":{"loc":{"start":{"line":261,"column":4},"end":{"line":261,"column":96}},"type":"if","locations":[{"start":{"line":261,"column":4},"end":{"line":261,"column":96}},{"start":{},"end":{}}],"line":261},"14":{"loc":{"start":{"line":275,"column":20},"end":{"line":275,"column":85}},"type":"cond-expr","locations":[{"start":{"line":275,"column":38},"end":{"line":275,"column":81}},{"start":{"line":275,"column":84},"end":{"line":275,"column":85}}],"line":275}},"s":{"0":7,"1":7,"2":11,"3":11,"4":11,"5":0,"6":11,"7":11,"8":11,"9":11,"10":11,"11":11,"12":0,"13":7,"14":1,"15":1,"16":1,"17":1,"18":0,"19":0,"20":7,"21":11,"22":11,"23":10,"24":1,"25":1,"26":0,"27":7,"28":10,"29":10,"30":9,"31":2,"32":7,"33":1,"34":0,"35":1,"36":7,"37":5,"38":5,"39":4,"40":2,"41":2,"42":1,"43":7,"44":1,"45":1,"46":1,"47":0,"48":7,"49":1,"50":1,"51":1,"52":0,"53":7,"54":1,"55":1,"56":1,"57":1,"58":1,"59":1,"60":1,"61":1,"62":1,"63":0,"64":7,"65":1,"66":1,"67":1,"68":0,"69":1,"70":0,"71":7,"72":1,"73":1,"74":1,"75":1,"76":0,"77":1,"78":1,"79":0,"80":7,"81":1,"82":1,"83":1,"84":1,"85":0,"86":7,"87":1,"88":1,"89":1,"90":0,"91":7,"92":1,"93":1,"94":1,"95":1,"96":1,"97":1,"98":0,"99":1,"100":1,"101":1,"102":1,"103":1,"104":1,"105":0,"106":7,"107":1,"108":1,"109":1,"110":1,"111":1,"112":1,"113":1,"114":1,"115":0,"116":7,"117":1,"118":1,"119":1,"120":1,"121":1,"122":1,"123":1,"124":1,"125":0,"126":7,"127":1,"128":1,"129":1,"130":1,"131":1,"132":1,"133":0,"134":1,"135":1,"136":1,"137":1,"138":1,"139":1,"140":1,"141":0,"142":7,"143":1,"144":1,"145":1,"146":1,"147":0,"148":7,"149":1,"150":1,"151":1,"152":1,"153":0,"154":7,"155":1,"156":1,"157":1,"158":1,"159":0,"160":7},"f":{"0":11,"1":1,"2":11,"3":10,"4":5,"5":1,"6":1,"7":1,"8":1,"9":1,"10":1,"11":1,"12":1,"13":1,"14":1,"15":1,"16":1,"17":1,"18":1,"19":1,"20":1,"21":1,"22":1},"b":{"0":[0,11],"1":[11,11],"2":[11,11],"3":[1,0],"4":[1,0],"5":[2,7],"6":[0,1],"7":[2,2],"8":[1,0],"9":[1,0],"10":[0,1],"11":[0,1],"12":[0,1],"13":[0,1],"14":[1,0]},"_coverageSchema":"1a1c01bbd47fc00a2c39e90264f33305004495a9","hash":"e81cb0f316439eb40a1e5676fefcfbb29dfa505a"}
,"C:\\FeriaApp\\backend\\src\\controllers\\menuController.js": {"path":"C:\\FeriaApp\\backend\\src\\controllers\\menuController.js","statementMap":{"0":{"start":{"line":1,"column":13},"end":{"line":1,"column":38}},"1":{"start":{"line":6,"column":17},"end":{"line":31,"column":1}},"2":{"start":{"line":7,"column":2},"end":{"line":30,"column":3}},"3":{"start":{"line":8,"column":19},"end":{"line":8,"column":21}},"4":{"start":{"line":9,"column":4},"end":{"line":9,"column":59}},"5":{"start":{"line":9,"column":26},"end":{"line":9,"column":59}},"6":{"start":{"line":11,"column":17},"end":{"line":11,"column":46}},"7":{"start":{"line":12,"column":18},"end":{"line":12,"column":50}},"8":{"start":{"line":13,"column":17},"end":{"line":13,"column":35}},"9":{"start":{"line":15,"column":18},"end":{"line":15,"column":51}},"10":{"start":{"line":16,"column":18},"end":{"line":20,"column":24}},"11":{"start":{"line":22,"column":4},"end":{"line":27,"column":7}},"12":{"start":{"line":29,"column":4},"end":{"line":29,"column":74}},"13":{"start":{"line":36,"column":25},"end":{"line":43,"column":1}},"14":{"start":{"line":37,"column":2},"end":{"line":42,"column":3}},"15":{"start":{"line":38,"column":18},"end":{"line":38,"column":100}},"16":{"start":{"line":39,"column":4},"end":{"line":39,"column":20}},"17":{"start":{"line":41,"column":4},"end":{"line":41,"column":74}},"18":{"start":{"line":48,"column":19},"end":{"line":59,"column":1}},"19":{"start":{"line":49,"column":2},"end":{"line":58,"column":3}},"20":{"start":{"line":50,"column":17},"end":{"line":50,"column":44}},"21":{"start":{"line":51,"column":4},"end":{"line":51,"column":31}},"22":{"start":{"line":53,"column":4},"end":{"line":55,"column":5}},"23":{"start":{"line":54,"column":6},"end":{"line":54,"column":86}},"24":{"start":{"line":56,"column":4},"end":{"line":56,"column":57}},"25":{"start":{"line":57,"column":4},"end":{"line":57,"column":73}},"26":{"start":{"line":64,"column":24},"end":{"line":91,"column":1}},"27":{"start":{"line":65,"column":2},"end":{"line":90,"column":3}},"28":{"start":{"line":66,"column":30},"end":{"line":66,"column":38}},"29":{"start":{"line":68,"column":4},"end":{"line":70,"column":5}},"30":{"start":{"line":69,"column":6},"end":{"line":69,"column":93}},"31":{"start":{"line":71,"column":4},"end":{"line":73,"column":5}},"32":{"start":{"line":72,"column":6},"end":{"line":72,"column":109}},"33":{"start":{"line":75,"column":17},"end":{"line":80,"column":7}},"34":{"start":{"line":75,"column":38},"end":{"line":80,"column":5}},"35":{"start":{"line":82,"column":20},"end":{"line":82,"column":66}},"36":{"start":{"line":83,"column":4},"end":{"line":83,"column":34}},"37":{"start":{"line":85,"column":4},"end":{"line":87,"column":5}},"38":{"start":{"line":86,"column":6},"end":{"line":86,"column":86}},"39":{"start":{"line":88,"column":4},"end":{"line":88,"column":66}},"40":{"start":{"line":89,"column":4},"end":{"line":89,"column":73}},"41":{"start":{"line":96,"column":19},"end":{"line":112,"column":1}},"42":{"start":{"line":97,"column":2},"end":{"line":111,"column":3}},"43":{"start":{"line":98,"column":17},"end":{"line":101,"column":6}},"44":{"start":{"line":102,"column":4},"end":{"line":104,"column":5}},"45":{"start":{"line":103,"column":6},"end":{"line":103,"column":92}},"46":{"start":{"line":105,"column":4},"end":{"line":105,"column":19}},"47":{"start":{"line":107,"column":4},"end":{"line":109,"column":5}},"48":{"start":{"line":108,"column":6},"end":{"line":108,"column":86}},"49":{"start":{"line":110,"column":4},"end":{"line":110,"column":74}},"50":{"start":{"line":117,"column":19},"end":{"line":127,"column":1}},"51":{"start":{"line":118,"column":2},"end":{"line":126,"column":3}},"52":{"start":{"line":119,"column":17},"end":{"line":119,"column":60}},"53":{"start":{"line":120,"column":4},"end":{"line":122,"column":5}},"54":{"start":{"line":121,"column":6},"end":{"line":121,"column":92}},"55":{"start":{"line":123,"column":4},"end":{"line":123,"column":60}},"56":{"start":{"line":125,"column":4},"end":{"line":125,"column":74}},"57":{"start":{"line":132,"column":20},"end":{"line":141,"column":1}},"58":{"start":{"line":133,"column":2},"end":{"line":140,"column":3}},"59":{"start":{"line":134,"column":18},"end":{"line":136,"column":58}},"60":{"start":{"line":137,"column":4},"end":{"line":137,"column":20}},"61":{"start":{"line":139,"column":4},"end":{"line":139,"column":74}},"62":{"start":{"line":146,"column":30},"end":{"line":155,"column":1}},"63":{"start":{"line":147,"column":2},"end":{"line":154,"column":3}},"64":{"start":{"line":148,"column":18},"end":{"line":150,"column":25}},"65":{"start":{"line":151,"column":4},"end":{"line":151,"column":20}},"66":{"start":{"line":153,"column":4},"end":{"line":153,"column":74}},"67":{"start":{"line":160,"column":29},"end":{"line":171,"column":1}},"68":{"start":{"line":161,"column":2},"end":{"line":170,"column":3}},"69":{"start":{"line":162,"column":16},"end":{"line":162,"column":46}},"70":{"start":{"line":163,"column":16},"end":{"line":163,"column":49}},"71":{"start":{"line":164,"column":18},"end":{"line":166,"column":59}},"72":{"start":{"line":167,"column":4},"end":{"line":167,"column":20}},"73":{"start":{"line":169,"column":4},"end":{"line":169,"column":74}},"74":{"start":{"line":176,"column":29},"end":{"line":186,"column":1}},"75":{"start":{"line":177,"column":2},"end":{"line":185,"column":3}},"76":{"start":{"line":178,"column":17},"end":{"line":180,"column":26}},"77":{"start":{"line":181,"column":4},"end":{"line":181,"column":96}},"78":{"start":{"line":181,"column":15},"end":{"line":181,"column":96}},"79":{"start":{"line":182,"column":4},"end":{"line":182,"column":19}},"80":{"start":{"line":184,"column":4},"end":{"line":184,"column":74}},"81":{"start":{"line":191,"column":24},"end":{"line":201,"column":1}},"82":{"start":{"line":192,"column":2},"end":{"line":200,"column":3}},"83":{"start":{"line":193,"column":17},"end":{"line":195,"column":25}},"84":{"start":{"line":196,"column":4},"end":{"line":196,"column":96}},"85":{"start":{"line":196,"column":15},"end":{"line":196,"column":96}},"86":{"start":{"line":197,"column":4},"end":{"line":197,"column":19}},"87":{"start":{"line":199,"column":4},"end":{"line":199,"column":74}},"88":{"start":{"line":206,"column":35},"end":{"line":215,"column":1}},"89":{"start":{"line":207,"column":2},"end":{"line":214,"column":3}},"90":{"start":{"line":208,"column":18},"end":{"line":210,"column":58}},"91":{"start":{"line":211,"column":4},"end":{"line":211,"column":20}},"92":{"start":{"line":213,"column":4},"end":{"line":213,"column":74}},"93":{"start":{"line":220,"column":27},"end":{"line":252,"column":1}},"94":{"start":{"line":221,"column":2},"end":{"line":251,"column":3}},"95":{"start":{"line":222,"column":19},"end":{"line":247,"column":6}},"96":{"start":{"line":248,"column":4},"end":{"line":248,"column":21}},"97":{"start":{"line":250,"column":4},"end":{"line":250,"column":74}},"98":{"start":{"line":257,"column":21},"end":{"line":291,"column":1}},"99":{"start":{"line":258,"column":2},"end":{"line":290,"column":3}},"100":{"start":{"line":259,"column":18},"end":{"line":286,"column":6}},"101":{"start":{"line":287,"column":4},"end":{"line":287,"column":20}},"102":{"start":{"line":289,"column":4},"end":{"line":289,"column":74}},"103":{"start":{"line":296,"column":22},"end":{"line":304,"column":1}},"104":{"start":{"line":297,"column":2},"end":{"line":303,"column":3}},"105":{"start":{"line":298,"column":17},"end":{"line":298,"column":70}},"106":{"start":{"line":299,"column":4},"end":{"line":299,"column":96}},"107":{"start":{"line":299,"column":15},"end":{"line":299,"column":96}},"108":{"start":{"line":300,"column":4},"end":{"line":300,"column":26}},"109":{"start":{"line":302,"column":4},"end":{"line":302,"column":74}},"110":{"start":{"line":309,"column":24},"end":{"line":321,"column":1}},"111":{"start":{"line":310,"column":2},"end":{"line":320,"column":3}},"112":{"start":{"line":311,"column":17},"end":{"line":311,"column":51}},"113":{"start":{"line":312,"column":4},"end":{"line":312,"column":96}},"114":{"start":{"line":312,"column":15},"end":{"line":312,"column":96}},"115":{"start":{"line":313,"column":20},"end":{"line":316,"column":59}},"116":{"start":{"line":317,"column":4},"end":{"line":317,"column":22}},"117":{"start":{"line":319,"column":4},"end":{"line":319,"column":74}},"118":{"start":{"line":326,"column":30},"end":{"line":338,"column":1}},"119":{"start":{"line":327,"column":2},"end":{"line":337,"column":3}},"120":{"start":{"line":328,"column":20},"end":{"line":328,"column":48}},"121":{"start":{"line":329,"column":17},"end":{"line":329,"column":51}},"122":{"start":{"line":330,"column":4},"end":{"line":330,"column":96}},"123":{"start":{"line":330,"column":15},"end":{"line":330,"column":96}},"124":{"start":{"line":331,"column":21},"end":{"line":333,"column":33}},"125":{"start":{"line":334,"column":4},"end":{"line":334,"column":23}},"126":{"start":{"line":336,"column":4},"end":{"line":336,"column":74}},"127":{"start":{"line":340,"column":0},"end":{"line":345,"column":2}}},"fnMap":{"0":{"name":"(anonymous_0)","decl":{"start":{"line":6,"column":17},"end":{"line":6,"column":18}},"loc":{"start":{"line":6,"column":37},"end":{"line":31,"column":1}},"line":6},"1":{"name":"(anonymous_1)","decl":{"start":{"line":36,"column":25},"end":{"line":36,"column":26}},"loc":{"start":{"line":36,"column":45},"end":{"line":43,"column":1}},"line":36},"2":{"name":"(anonymous_2)","decl":{"start":{"line":48,"column":19},"end":{"line":48,"column":20}},"loc":{"start":{"line":48,"column":39},"end":{"line":59,"column":1}},"line":48},"3":{"name":"(anonymous_3)","decl":{"start":{"line":64,"column":24},"end":{"line":64,"column":25}},"loc":{"start":{"line":64,"column":44},"end":{"line":91,"column":1}},"line":64},"4":{"name":"(anonymous_4)","decl":{"start":{"line":75,"column":27},"end":{"line":75,"column":28}},"loc":{"start":{"line":75,"column":38},"end":{"line":80,"column":5}},"line":75},"5":{"name":"(anonymous_5)","decl":{"start":{"line":96,"column":19},"end":{"line":96,"column":20}},"loc":{"start":{"line":96,"column":39},"end":{"line":112,"column":1}},"line":96},"6":{"name":"(anonymous_6)","decl":{"start":{"line":117,"column":19},"end":{"line":117,"column":20}},"loc":{"start":{"line":117,"column":39},"end":{"line":127,"column":1}},"line":117},"7":{"name":"(anonymous_7)","decl":{"start":{"line":132,"column":20},"end":{"line":132,"column":21}},"loc":{"start":{"line":132,"column":40},"end":{"line":141,"column":1}},"line":132},"8":{"name":"(anonymous_8)","decl":{"start":{"line":146,"column":30},"end":{"line":146,"column":31}},"loc":{"start":{"line":146,"column":50},"end":{"line":155,"column":1}},"line":146},"9":{"name":"(anonymous_9)","decl":{"start":{"line":160,"column":29},"end":{"line":160,"column":30}},"loc":{"start":{"line":160,"column":49},"end":{"line":171,"column":1}},"line":160},"10":{"name":"(anonymous_10)","decl":{"start":{"line":176,"column":29},"end":{"line":176,"column":30}},"loc":{"start":{"line":176,"column":49},"end":{"line":186,"column":1}},"line":176},"11":{"name":"(anonymous_11)","decl":{"start":{"line":191,"column":24},"end":{"line":191,"column":25}},"loc":{"start":{"line":191,"column":44},"end":{"line":201,"column":1}},"line":191},"12":{"name":"(anonymous_12)","decl":{"start":{"line":206,"column":35},"end":{"line":206,"column":36}},"loc":{"start":{"line":206,"column":55},"end":{"line":215,"column":1}},"line":206},"13":{"name":"(anonymous_13)","decl":{"start":{"line":220,"column":27},"end":{"line":220,"column":28}},"loc":{"start":{"line":220,"column":47},"end":{"line":252,"column":1}},"line":220},"14":{"name":"(anonymous_14)","decl":{"start":{"line":257,"column":21},"end":{"line":257,"column":22}},"loc":{"start":{"line":257,"column":41},"end":{"line":291,"column":1}},"line":257},"15":{"name":"(anonymous_15)","decl":{"start":{"line":296,"column":22},"end":{"line":296,"column":23}},"loc":{"start":{"line":296,"column":42},"end":{"line":304,"column":1}},"line":296},"16":{"name":"(anonymous_16)","decl":{"start":{"line":309,"column":24},"end":{"line":309,"column":25}},"loc":{"start":{"line":309,"column":44},"end":{"line":321,"column":1}},"line":309},"17":{"name":"(anonymous_17)","decl":{"start":{"line":326,"column":30},"end":{"line":326,"column":31}},"loc":{"start":{"line":326,"column":50},"end":{"line":338,"column":1}},"line":326}},"branchMap":{"0":{"loc":{"start":{"line":9,"column":4},"end":{"line":9,"column":59}},"type":"if","locations":[{"start":{"line":9,"column":4},"end":{"line":9,"column":59}},{"start":{},"end":{}}],"line":9},"1":{"loc":{"start":{"line":11,"column":17},"end":{"line":11,"column":46}},"type":"binary-expr","locations":[{"start":{"line":11,"column":17},"end":{"line":11,"column":41}},{"start":{"line":11,"column":45},"end":{"line":11,"column":46}}],"line":11},"2":{"loc":{"start":{"line":12,"column":18},"end":{"line":12,"column":50}},"type":"binary-expr","locations":[{"start":{"line":12,"column":18},"end":{"line":12,"column":43}},{"start":{"line":12,"column":47},"end":{"line":12,"column":50}}],"line":12},"3":{"loc":{"start":{"line":53,"column":4},"end":{"line":55,"column":5}},"type":"if","locations":[{"start":{"line":53,"column":4},"end":{"line":55,"column":5}},{"start":{},"end":{}}],"line":53},"4":{"loc":{"start":{"line":68,"column":4},"end":{"line":70,"column":5}},"type":"if","locations":[{"start":{"line":68,"column":4},"end":{"line":70,"column":5}},{"start":{},"end":{}}],"line":68},"5":{"loc":{"start":{"line":71,"column":4},"end":{"line":73,"column":5}},"type":"if","locations":[{"start":{"line":71,"column":4},"end":{"line":73,"column":5}},{"start":{},"end":{}}],"line":71},"6":{"loc":{"start":{"line":71,"column":8},"end":{"line":71,"column":51}},"type":"binary-expr","locations":[{"start":{"line":71,"column":8},"end":{"line":71,"column":29}},{"start":{"line":71,"column":33},"end":{"line":71,"column":51}}],"line":71},"7":{"loc":{"start":{"line":85,"column":4},"end":{"line":87,"column":5}},"type":"if","locations":[{"start":{"line":85,"column":4},"end":{"line":87,"column":5}},{"start":{},"end":{}}],"line":85},"8":{"loc":{"start":{"line":102,"column":4},"end":{"line":104,"column":5}},"type":"if","locations":[{"start":{"line":102,"column":4},"end":{"line":104,"column":5}},{"start":{},"end":{}}],"line":102},"9":{"loc":{"start":{"line":107,"column":4},"end":{"line":109,"column":5}},"type":"if","locations":[{"start":{"line":107,"column":4},"end":{"line":109,"column":5}},{"start":{},"end":{}}],"line":107},"10":{"loc":{"start":{"line":120,"column":4},"end":{"line":122,"column":5}},"type":"if","locations":[{"start":{"line":120,"column":4},"end":{"line":122,"column":5}},{"start":{},"end":{}}],"line":120},"11":{"loc":{"start":{"line":162,"column":16},"end":{"line":162,"column":46}},"type":"binary-expr","locations":[{"start":{"line":162,"column":16},"end":{"line":162,"column":41}},{"start":{"line":162,"column":45},"end":{"line":162,"column":46}}],"line":162},"12":{"loc":{"start":{"line":163,"column":16},"end":{"line":163,"column":49}},"type":"binary-expr","locations":[{"start":{"line":163,"column":16},"end":{"line":163,"column":41}},{"start":{"line":163,"column":45},"end":{"line":163,"column":49}}],"line":163},"13":{"loc"
[...]
,"C:\\FeriaApp\\backend\\src\\middlewares\\auth.js": {"path":"C:\\FeriaApp\\backend\\src\\middlewares\\auth.js","statementMap":{"0":{"start":{"line":1,"column":12},"end":{"line":1,"column":35}},"1":{"start":{"line":2,"column":13},"end":{"line":2,"column":38}},"2":{"start":{"line":4,"column":16},"end":{"line":24,"column":1}},"3":{"start":{"line":7,"column":2},"end":{"line":19,"column":3}},"4":{"start":{"line":11,"column":4},"end":{"line":18,"column":5}},"5":{"start":{"line":12,"column":6},"end":{"line":12,"column":54}},"6":{"start":{"line":13,"column":22},"end":{"line":13,"column":63}},"7":{"start":{"line":14,"column":6},"end":{"line":14,"column":69}},"8":{"start":{"line":15,"column":6},"end":{"line":15,"column":20}},"9":{"start":{"line":17,"column":6},"end":{"line":17,"column":100}},"10":{"start":{"line":21,"column":2},"end":{"line":23,"column":3}},"11":{"start":{"line":22,"column":4},"end":{"line":22,"column":102}},"12":{"start":{"line":26,"column":18},"end":{"line":39,"column":1}},"13":{"start":{"line":27,"column":2},"end":{"line":38,"column":4}},"14":{"start":{"line":28,"column":4},"end":{"line":30,"column":5}},"15":{"start":{"line":29,"column":6},"end":{"line":29,"column":85}},"16":{"start":{"line":31,"column":4},"end":{"line":36,"column":5}},"17":{"start":{"line":32,"column":6},"end":{"line":35,"column":9}},"18":{"start":{"line":37,"column":4},"end":{"line":37,"column":11}},"19":{"start":{"line":41,"column":0},"end":{"line":41,"column":40}}},"fnMap":{"0":{"name":"(anonymous_0)","decl":{"start":{"line":4,"column":16},"end":{"line":4,"column":17}},"loc":{"start":{"line":4,"column":42},"end":{"line":24,"column":1}},"line":4},"1":{"name":"(anonymous_1)","decl":{"start":{"line":26,"column":18},"end":{"line":26,"column":19}},"loc":{"start":{"line":26,"column":32},"end":{"line":39,"column":1}},"line":26},"2":{"name":"(anonymous_2)","decl":{"start":{"line":27,"column":9},"end":{"line":27,"column":10}},"loc":{"start":{"line":27,"column":29},"end":{"line":38,"column":3}},"line":27}},"branchMap":{"0":{"loc":{"start":{"line":7,"column":2},"end":{"line":19,"column":3}},"type":"if","locations":[{"start":{"line":7,"column":2},"end":{"line":19,"column":3}},{"start":{},"end":{}}],"line":7},"1":{"loc":{"start":{"line":8,"column":4},"end":{"line":9,"column":50}},"type":"binary-expr","locations":[{"start":{"line":8,"column":4},"end":{"line":8,"column":29}},{"start":{"line":9,"column":4},"end":{"line":9,"column":50}}],"line":8},"2":{"loc":{"start":{"line":21,"column":2},"end":{"line":23,"column":3}},"type":"if","locations":[{"start":{"line":21,"column":2},"end":{"line":23,"column":3}},{"start":{},"end":{}}],"line":21},"3":{"loc":{"start":{"line":28,"column":4},"end":{"line":30,"column":5}},"type":"if","locations":[{"start":{"line":28,"column":4},"end":{"line":30,"column":5}},{"start":{},"end":{}}],"line":28},"4":{"loc":{"start":{"line":31,"column":4},"end":{"line":36,"column":5}},"type":"if","locations":[{"start":{"line":31,"column":4},"end":{"line":36,"column":5}},{"start":{},"end":{}}],"line":31}},"s":{"0":7,"1":7,"2":7,"3":180,"4":165,"5":165,"6":165,"7":150,"8":150,"9":15,"10":15,"11":15,"12":7,"13":98,"14":145,"15":0,"16":145,"17":19,"18":126,"19":7},"f":{"0":180,"1":98,"2":145},"b":{"0":[165,15],"1":[180,166],"2":[15,0],"3":[0,145],"4":[19,126]},"_coverageSchema":"1a1c01bbd47fc00a2c39e90264f33305004495a9","hash":"df6c20db9385da326e9ea5ab07da0d5265dab26a"}
,"C:\\FeriaApp\\backend\\src\\middlewares\\validators.js": {"path":"C:\\FeriaApp\\backend\\src\\middlewares\\validators.js","statementMap":{"0":{"start":{"line":1,"column":35},"end":{"line":1,"column":63}},"1":{"start":{"line":4,"column":17},"end":{"line":14,"column":1}},"2":{"start":{"line":5,"column":17},"end":{"line":5,"column":38}},"3":{"start":{"line":6,"column":2},"end":{"line":12,"column":3}},"4":{"start":{"line":7,"column":4},"end":{"line":11,"column":7}},"5":{"start":{"line":10,"column":40},"end":{"line":10,"column":73}},"6":{"start":{"line":13,"column":2},"end":{"line":13,"column":9}},"7":{"start":{"line":17,"column":23},"end":{"line":26,"column":1}},"8":{"start":{"line":29,"column":22},"end":{"line":40,"column":1}},"9":{"start":{"line":43,"column":24},"end":{"line":54,"column":1}},"10":{"start":{"line":57,"column":22},"end":{"line":68,"column":1}},"11":{"start":{"line":71,"column":25},"end":{"line":85,"column":1}},"12":{"start":{"line":88,"column":28},"end":{"line":99,"column":1}},"13":{"start":{"line":102,"column":30},"end":{"line":113,"column":1}},"14":{"start":{"line":116,"column":28},"end":{"line":127,"column":1}},"15":{"start":{"line":130,"column":31},"end":{"line":144,"column":1}},"16":{"start":{"line":146,"column":0},"end":{"line":156,"column":2}}},"fnMap":{"0":{"name":"(anonymous_0)","decl":{"start":{"line":4,"column":17},"end":{"line":4,"column":18}},"loc":{"start":{"line":4,"column":37},"end":{"line":14,"column":1}},"line":4},"1":{"name":"(anonymous_1)","decl":{"start":{"line":10,"column":34},"end":{"line":10,"column":35}},"loc":{"start":{"line":10,"column":40},"end":{"line":10,"column":73}},"line":10}},"branchMap":{"0":{"loc":{"start":{"line":6,"column":2},"end":{"line":12,"column":3}},"type":"if","locations":[{"start":{"line":6,"column":2},"end":{"line":12,"column":3}},{"start":{},"end":{}}],"line":6}},"s":{"0":7,"1":7,"2":135,"3":135,"4":33,"5":59,"6":102,"7":7,"8":7,"9":7,"10":7,"11":7,"12":7,"13":7,"14":7,"15":7,"16":7},"f":{"0":135,"1":59},"b":{"0":[33,102]},"_coverageSchema":"1a1c01bbd47fc00a2c39e90264f33305004495a9","hash":"e2bf12fc5586b75f1fc3d3ee709a65a7c86d36e0"}
,"C:\\FeriaApp\\backend\\src\\models\\Caseta.js": {"path":"C:\\FeriaApp\\backend\\src\\models\\Caseta.js","statementMap":{"0":{"start":{"line":1,"column":17},"end":{"line":1,"column":36}},"1":{"start":{"line":3,"column":21},"end":{"line":35,"column":1}},"2":{"start":{"line":37,"column":0},"end":{"line":37,"column":56}}},"fnMap":{},"branchMap":{},"s":{"0":7,"1":7,"2":7},"f":{},"b":{},"_coverageSchema":"1a1c01bbd47fc00a2c39e90264f33305004495a9","hash":"432af836d1c504d5864d19012e2b32e33c009d30"}
,"C:\\FeriaApp\\backend\\src\\models\\Concert.js": {"path":"C:\\FeriaApp\\backend\\src\\models\\Concert.js","statementMap":{"0":{"start":{"line":1,"column":17},"end":{"line":1,"column":36}},"1":{"start":{"line":3,"column":22},"end":{"line":31,"column":1}},"2":{"start":{"line":33,"column":0},"end":{"line":33,"column":58}}},"fnMap":{},"branchMap":{},"s":{"0":7,"1":7,"2":7},"f":{},"b":{},"_coverageSchema":"1a1c01bbd47fc00a2c39e90264f33305004495a9","hash":"0279ed9cd992276051634d5565e2a16ce284de68"}
,"C:\\FeriaApp\\backend\\src\\models\\Fair.js": {"path":"C:\\FeriaApp\\backend\\src\\models\\Fair.js","statementMap":{"0":{"start":{"line":1,"column":17},"end":{"line":1,"column":36}},"1":{"start":{"line":3,"column":19},"end":{"line":34,"column":1}},"2":{"start":{"line":36,"column":0},"end":{"line":36,"column":52}}},"fnMap":{},"branchMap":{},"s":{"0":7,"1":7,"2":7},"f":{},"b":{},"_coverageSchema":"1a1c01bbd47fc00a2c39e90264f33305004495a9","hash":"720eb7c70ae3c2308b32ebe117b6fa0ca7db5de5"}
,"C:\\FeriaApp\\backend\\src\\models\\Menu.js": {"path":"C:\\FeriaApp\\backend\\src\\models\\Menu.js","statementMap":{"0":{"start":{"line":1,"column":17},"end":{"line":1,"column":36}},"1":{"start":{"line":3,"column":19},"end":{"line":27,"column":1}},"2":{"start":{"line":29,"column":0},"end":{"line":29,"column":52}}},"fnMap":{},"branchMap":{},"s":{"0":7,"1":7,"2":7},"f":{},"b":{},"_coverageSchema":"1a1c01bbd47fc00a2c39e90264f33305004495a9","hash":"55600752bb2c1c1313a504fd238fa2e3de94860a"}
,"C:\\FeriaApp\\backend\\src\\routes\\authRoutes.js": {"path":"C:\\FeriaApp\\backend\\src\\routes\\authRoutes.js","statementMap":{"0":{"start":{"line":1,"column":16},"end":{"line":1,"column":34}},"1":{"start":{"line":2,"column":15},"end":{"line":2,"column":31}},"2":{"start":{"line":3,"column":30},"end":{"line":3,"column":70}},"3":{"start":{"line":4,"column":20},"end":{"line":4,"column":50}},"4":{"start":{"line":5,"column":27},"end":{"line":5,"column":63}},"5":{"start":{"line":30,"column":0},"end":{"line":30,"column":45}},"6":{"start":{"line":46,"column":0},"end":{"line":46,"column":44}},"7":{"start":{"line":48,"column":0},"end":{"line":48,"column":24}}},"fnMap":{},"branchMap":{},"s":{"0":7,"1":7,"2":7,"3":7,"4":7,"5":7,"6":7,"7":7},"f":{},"b":{},"_coverageSchema":"1a1c01bbd47fc00a2c39e90264f33305004495a9","hash":"0343509cf261e12426c329670043dcc903b10bba"}
,"C:\\FeriaApp\\backend\\src\\routes\\casetaRoutes.js": {"path":"C:\\FeriaApp\\backend\\src\\routes\\casetaRoutes.js","statementMap":{"0":{"start":{"line":1,"column":16},"end":{"line":1,"column":34}},"1":{"start":{"line":2,"column":15},"end":{"line":2,"column":31}},"2":{"start":{"line":11,"column":4},"end":{"line":11,"column":46}},"3":{"start":{"line":12,"column":31},"end":{"line":12,"column":61}},"4":{"start":{"line":13,"column":51},"end":{"line":13,"column":87}},"5":{"start":{"line":14,"column":15},"end":{"line":14,"column":47}},"6":{"start":{"line":26,"column":0},"end":{"line":26,"column":28}},"7":{"start":{"line":38,"column":0},"end":{"line":38,"column":49}},"8":{"start":{"line":50,"column":0},"end":{"line":50,"column":53}},"9":{"start":{"line":62,"column":0},"end":{"line":62,"column":54}},"10":{"start":{"line":76,"column":0},"end":{"line":76,"column":48}},"11":{"start":{"line":88,"column":0},"end":{"line":88,"column":59}},"12":{"start":{"line":100,"column":0},"end":{"line":100,"column":48}},"13":{"start":{"line":118,"column":0},"end":{"line":118,"column":43}},"14":{"start":{"line":138,"column":0},"end":{"line":138,"column":30}},"15":{"start":{"line":158,"column":0},"end":{"line":158,"column":39}},"16":{"start":{"line":176,"column":0},"end":{"line":176,"column":41}},"17":{"start":{"line":196,"column":0},"end":{"line":196,"column":57}},"18":{"start":{"line":216,"column":0},"end":{"line":216,"column":67}},"19":{"start":{"line":234,"column":0},"end":{"line":234,"column":67}},"20":{"start":{"line":252,"column":0},"end":{"line":252,"column":52}},"21":{"start":{"line":270,"column":0},"end":{"line":270,"column":47}},"22":{"start":{"line":288,"column":0},"end":{"line":288,"column":64}},"23":{"start":{"line":311,"column":0},"end":{"line":311,"column":67}},"24":{"start":{"line":329,"column":0},"end":{"line":329,"column":69}},"25":{"start":{"line":347,"column":0},"end":{"line":347,"column":58}},"26":{"start":{"line":367,"column":0},"end":{"line":367,"column":41}},"27":{"start":{"line":383,"column":0},"end":{"line":383,"column":101}},"28":{"start":{"line":405,"column":0},"end":{"line":405,"column":109}},"29":{"start":{"line":427,"column":0},"end":{"line":427,"column":65}},"30":{"start":{"line":429,"column":0},"end":{"line":429,"column":24}}},"fnMap":{},"branchMap":{},"s":{"0":7,"1":7,"2":7,"3":7,"4":7,"5":7,"6":7,"7":7,"8":7,"9":7,"10":7,"11":7,"12":7,"13":7,"14":7,"15":7,"16":7,"17":7,"18":7,"19":7,"20":7,"21":7,"22":7,"23":7,"24":7,"25":7,"26":7,"27":7,"28":7,"29":7,"30":7},"f":{},"b":{},"_coverageSchema":"1a1c01bbd47fc00a2c39e90264f33305004495a9","hash":"fd081d1340e074cd5072220dc5088567c59bb670"}
,"C:\\FeriaApp\\backend\\src\\routes\\concertRoutes.js": {"path":"C:\\FeriaApp\\backend\\src\\routes\\concertRoutes.js","statementMap":{"0":{"start":{"line":1,"column":16},"end":{"line":1,"column":34}},"1":{"start":{"line":2,"column":15},"end":{"line":2,"column":31}},"2":{"start":{"line":8,"column":4},"end":{"line":8,"column":47}},"3":{"start":{"line":9,"column":31},"end":{"line":9,"column":61}},"4":{"start":{"line":10,"column":53},"end":{"line":10,"column":89}},"5":{"start":{"line":22,"column":0},"end":{"line":22,"column":29}},"6":{"start":{"line":34,"column":0},"end":{"line":34,"column":50}},"7":{"start":{"line":55,"column":0},"end":{"line":55,"column":56}},"8":{"start":{"line":67,"column":0},"end":{"line":67,"column":52}},"9":{"start":{"line":79,"column":0},"end":{"line":79,"column":55}},"10":{"start":{"line":91,"column":0},"end":{"line":91,"column":44}},"11":{"start":{"line":103,"column":0},"end":{"line":103,"column":53}},"12":{"start":{"line":121,"column":0},"end":{"line":121,"column":55}},"13":{"start":{"line":139,"column":0},"end":{"line":139,"column":46}},"14":{"start":{"line":157,"column":0},"end":{"line":157,"column":53}},"15":{"start":{"line":190,"column":0},"end":{"line":190,"column":79}},"16":{"start":{"line":212,"column":0},"end":{"line":212,"column":87}},"17":{"start":{"line":252,"column":0},"end":{"line":252,"column":44}},"18":{"start":{"line":272,"column":0},"end":{"line":272,"column":47}},"19":{"start":{"line":292,"column":0},"end":{"line":292,"column":51}},"20":{"start":{"line":312,"column":0},"end":{"line":312,"column":55}},"21":{"start":{"line":314,"column":0},"end":{"line":314,"column":66}},"22":{"start":{"line":316,"column":0},"end":{"line":316,"column":24}}},"fnMap":{},"branchMap":{},"s":{"0":7,"1":7,"2":7,"3":7,"4":7,"5":7,"6":7,"7":7,"8":7,"9":7,"10":7,"11":7,"12":7,"13":7,"14":7,"15":7,"16":7,"17":7,"18":7,"19":7,"20":7,"21":7,"22":7},"f":{},"b":{},"_coverageSchema":"1a1c01bbd47fc00a2c39e90264f33305004495a9","hash":"12e486e783151441e3d94039f2345fb6b50d8f4b"}
,"C:\\FeriaApp\\backend\\src\\routes\\fairRoutes.js": {"path":"C:\\FeriaApp\\backend\\src\\routes\\fairRoutes.js","statementMap":{"0":{"start":{"line":1,"column":16},"end":{"line":1,"column":34}},"1":{"start":{"line":2,"column":15},"end":{"line":2,"column":31}},"2":{"start":{"line":9,"column":4},"end":{"line":9,"column":44}},"3":{"start":{"line":10,"column":31},"end":{"line":10,"column":61}},"4":{"start":{"line":11,"column":47},"end":{"line":11,"column":83}},"5":{"start":{"line":23,"column":0},"end":{"line":23,"column":26}},"6":{"start":{"line":35,"column":0},"end":{"line":35,"column":38}},"7":{"start":{"line":49,"column":0},"end":{"line":49,"column":37}},"8":{"start":{"line":70,"column":0},"end":{"line":70,"column":42}},"9":{"start":{"line":82,"column":0},"end":{"line":82,"column":48}},"10":{"start":{"line":94,"column":0},"end":{"line":94,"column":55}},"11":{"start":{"line":112,"column":0},"end":{"line":112,"column":41}},"12":{"start":{"line":132,"column":0},"end":{"line":132,"column":28}},"13":{"start":{"line":152,"column":0},"end":{"line":152,"column":47}},"14":{"start":{"line":170,"column":0},"end":{"line":170,"column":54}},"15":{"start":{"line":188,"column":0},"end":{"line":188,"column":62}},"16":{"start":{"line":211,"column":0},"end":{"line":211,"column":62}},"17":{"start":{"line":229,"column":0},"end":{"line":229,"column":39}},"18":{"start":{"line":247,"column":0},"end":{"line":247,"column":45}},"19":{"start":{"line":267,"column":0},"end":{"line":267,"column":39}},"20":{"start":{"line":287,"column":0},"end":{"line":287,"column":37}},"21":{"start":{"line":320,"column":0},"end":{"line":320,"column":73}},"22":{"start":{"line":342,"column":0},"end":{"line":342,"column":81}},"23":{"start":{"line":364,"column":0},"end":{"line":364,"column":63}},"24":{"start":{"line":366,"column":0},"end":{"line":366,"column":24}}},"fnMap":{},"branchMap":{},"s":{"0":7,"1":7,"2":7,"3":7,"4":7,"5":7,"6":7,"7":7,"8":7,"9":7,"10":7,"11":7,"12":7,"13":7,"14":7,"15":7,"16":7,"17":7,"18":7,"19":7,"20":7,"21":7,"22":7,"23":7,"24":7},"f":{},"b":{},"_coverageSchema":"1a1c01bbd47fc00a2c39e90264f33305004495a9","hash":"cf17de96a059f7c913e6a07ae70f8230347753e3"}
,"C:\\FeriaApp\\backend\\src\\routes\\menuRoutes.js": {"path":"C:\\FeriaApp\\backend\\src\\routes\\menuRoutes.js","statementMap":{"0":{"start":{"line":1,"column":16},"end":{"line":1,"column":34}},"1":{"start":{"line":2,"column":15},"end":{"line":2,"column":31}},"2":{"start":{"line":8,"column":4},"end":{"line":8,"column":44}},"3":{"start":{"line":9,"column":31},"end":{"line":9,"column":61}},"4":{"start":{"line":10,"column":47},"end":{"line":10,"column":83}},"5":{"start":{"line":22,"column":0},"end":{"line":22,"column":26}},"6":{"start":{"line":34,"column":0},"end":{"line":34,"column":51}},"7":{"start":{"line":55,"column":0},"end":{"line":55,"column":50}},"8":{"start":{"line":69,"column":0},"end":{"line":69,"column":58}},"9":{"start":{"line":83,"column":0},"end":{"line":83,"column":48}},"10":{"start":{"line":95,"column":0},"end":{"line":95,"column":64}},"11":{"start":{"line":107,"column":0},"end":{"line":107,"column":41}},"12":{"start":{"line":119,"column":0},"end":{"line":119,"column":50}},"13":{"start":{"line":137,"column":0},"end":{"line":137,"column":41}},"14":{"start":{"line":155,"column":0},"end":{"line":155,"column":50}},"15":{"start":{"line":186,"column":0},"end":{"line":186,"column":73}},"16":{"start":{"line":224,"column":0},"end":{"line":224,"column":67}},"17":{"start":{"line":246,"column":0},"end":{"line":246,"column":81}},"18":{"start":{"line":286,"column":0},"end":{"line":286,"column":41}},"19":{"start":{"line":306,"column":0},"end":{"line":306,"column":44}},"20":{"start":{"line":326,"column":0},"end":{"line":326,"column":58}},"21":{"start":{"line":328,"column":0},"end":{"line":328,"column":63}},"22":{"start":{"line":330,"column":0},"end":{"line":330,"column":24}}},"fnMap":{},"branchMap":{},"s":{"0":7,"1":7,"2":7,"3":7,"4":7,"5":7,"6":7,"7":7,"8":7,"9":7,"10":7,"11":7,"12":7,"13":7,"14":7,"15":7,"16":7,"17":7,"18":7,"19":7,"20":7,"21":7,"22":7},"f":{},"b":{},"_coverageSchema":"1a1c01bbd47fc00a2c39e90264f33305004495a9","hash":"5600904ecff0a3e77ee44e56da1fc5fabc55428a"}
,"C:\\FeriaApp\\backend\\src\\routes\\publishRoutes.js": {"path":"C:\\FeriaApp\\backend\\src\\routes\\publishRoutes.js","statementMap":{"0":{"start":{"line":1,"column":16},"end":{"line":1,"column":34}},"1":{"start":{"line":2,"column":15},"end":{"line":2,"column":31}},"2":{"start":{"line":3,"column":20},"end":{"line":3,"column":63}},"3":{"start":{"line":4,"column":31},"end":{"line":4,"column":61}},"4":{"start":{"line":22,"column":0},"end":{"line":22,"column":55}},"5":{"start":{"line":24,"column":0},"end":{"line":24,"column":24}}},"fnMap":{},"branchMap":{},"s":{"0":7,"1":7,"2":7,"3":7,"4":7,"5":7},"f":{},"b":{},"_coverageSchema":"1a1c01bbd47fc00a2c39e90264f33305004495a9","hash":"a6beb3a21553acf4a1c509a05dbe416993b5afc1"}
,"C:\\FeriaApp\\backend\\src\\routes\\statsRoutes.js": {"path":"C:\\FeriaApp\\backend\\src\\routes\\statsRoutes.js","statementMap":{"0":{"start":{"line":1,"column":16},"end":{"line":1,"column":34}},"1":{"start":{"line":2,"column":15},"end":{"line":2,"column":31}},"2":{"start":{"line":3,"column":21},"end":{"line":3,"column":62}},"3":{"start":{"line":5,"column":0},"end":{"line":5,"column":26}},"4":{"start":{"line":7,"column":0},"end":{"line":7,"column":24}}},"fnMap":{},"branchMap":{},"s":{"0":7,"1":7,"2":7,"3":7,"4":7},"f":{},"b":{},"_coverageSchema":"1a1c01bbd47fc00a2c39e90264f33305004495a9","hash":"8132628f3c8f62c830efc5e6dfe32b8930742826"}
}
