TN:
SF:src\config\db.js
FN:3,(anonymous_0)
FNF:1
FNH:1
FNDA:8,(anonymous_0)
DA:1,8
DA:3,8
DA:4,8
DA:5,8
DA:8,8
DA:9,8
DA:11,0
DA:12,0
DA:13,0
DA:18,8
LF:10
LH:7
BRDA:5,0,0,8
BRDA:5,0,1,0
BRDA:6,1,0,8
BRDA:6,1,1,0
BRDA:12,2,0,0
BRDA:12,2,1,0
BRF:6
BRH:2
end_of_record
TN:
SF:src\controllers\authController.js
FN:5,(anonymous_0)
FN:14,(anonymous_1)
FN:49,(anonymous_2)
FNF:3
FNH:3
FNDA:26,(anonymous_0)
FNDA:31,(anonymous_1)
FNDA:5,(anonymous_2)
DA:1,8
DA:2,8
DA:5,8
DA:6,26
DA:14,8
DA:15,31
DA:16,31
DA:18,31
DA:19,0
DA:22,31
DA:24,31
DA:25,2
DA:28,29
DA:30,28
DA:31,2
DA:34,26
DA:42,1
DA:49,8
DA:50,5
DA:51,5
DA:52,5
DA:54,0
DA:58,8
LF:23
LH:21
BRDA:18,0,0,0
BRDA:18,0,1,31
BRDA:18,1,0,31
BRDA:18,1,1,31
BRDA:24,2,0,2
BRDA:24,2,1,29
BRDA:30,3,0,2
BRDA:30,3,1,26
BRF:8
BRH:7
end_of_record
TN:
SF:src\controllers\casetaController.js
FN:7,(anonymous_0)
FN:42,(anonymous_1)
FN:61,(anonymous_2)
FN:84,(anonymous_3)
FN:113,(anonymous_4)
FN:132,(anonymous_5)
FN:150,(anonymous_6)
FN:168,(anonymous_7)
FN:186,(anonymous_8)
FN:204,(anonymous_9)
FN:223,(anonymous_10)
FN:242,(anonymous_11)
FN:263,(anonymous_12)
FN:302,(anonymous_13)
FN:321,(anonymous_14)
FN:340,(anonymous_15)
FN:360,(anonymous_16)
FN:380,(anonymous_17)
FN:399,(anonymous_18)
FN:416,(anonymous_19)
FN:436,(anonymous_20)
FN:456,(anonymous_21)
FN:475,(anonymous_22)
FN:492,(anonymous_23)
FNF:24
FNH:22
FNDA:17,(anonymous_0)
FNDA:3,(anonymous_1)
FNDA:15,(anonymous_2)
FNDA:10,(anonymous_3)
FNDA:8,(anonymous_4)
FNDA:1,(anonymous_5)
FNDA:1,(anonymous_6)
FNDA:1,(anonymous_7)
FNDA:1,(anonymous_8)
FNDA:1,(anonymous_9)
FNDA:1,(anonymous_10)
FNDA:3,(anonymous_11)
FNDA:1,(anonymous_12)
FNDA:0,(anonymous_13)
FNDA:0,(anonymous_14)
FNDA:2,(anonymous_15)
FNDA:2,(anonymous_16)
FNDA:1,(anonymous_17)
FNDA:1,(anonymous_18)
FNDA:1,(anonymous_19)
FNDA:1,(anonymous_20)
FNDA:1,(anonymous_21)
FNDA:1,(anonymous_22)
FNDA:2,(anonymous_23)
DA:1,8
DA:2,8
DA:7,8
DA:8,17
DA:9,17
DA:10,17
DA:11,17
DA:13,17
DA:14,17
DA:15,17
DA:17,17
DA:18,17
DA:24,17
DA:35,0
DA:42,8
DA:43,3
DA:44,3
DA:45,1
DA:46,1
DA:48,0
DA:54,0
DA:61,8
DA:62,15
DA:63,15
DA:64,15
DA:65,0
DA:67,15
DA:68,15
DA:74,0
DA:75,0
DA:77,0
DA:84,8
DA:85,10
DA:86,10
DA:87,10
DA:88,0
DA:90,10
DA:94,8
DA:95,2
DA:97,6
DA:103,0
DA:104,0
DA:106,0
DA:113,8
DA:114,8
DA:115,8
DA:116,6
DA:117,2
DA:119,4
DA:125,0
DA:132,8
DA:133,1
DA:134,1
DA:137,1
DA:143,0
DA:150,8
DA:151,1
DA:152,1
DA:155,1
DA:161,0
DA:168,8
DA:169,1
DA:170,1
DA:173,1
DA:179,0
DA:186,8
DA:187,1
DA:188,1
DA:191,1
DA:197,0
DA:204,8
DA:205,1
DA:206,1
DA:209,1
DA:210,1
DA:216,0
DA:223,8
DA:224,1
DA:225,1
DA:229,1
DA:235,0
DA:242,8
DA:243,3
DA:244,3
DA:245,3
DA:246,3
DA:247,2
DA:248,1
DA:249,1
DA:250,1
DA:256,0
DA:263,8
DA:264,1
DA:265,1
DA:289,1
DA:295,0
DA:302,8
DA:303,0
DA:304,0
DA:305,0
DA:308,0
DA:314,0
DA:321,8
DA:322,0
DA:323,0
DA:324,0
DA:327,0
DA:333,0
DA:340,8
DA:341,2
DA:342,2
DA:343,2
DA:346,2
DA:347,1
DA:353,0
DA:360,8
DA:361,2
DA:362,2
DA:363,2
DA:366,2
DA:367,1
DA:373,0
DA:380,8
DA:381,1
DA:382,1
DA:383,1
DA:386,1
DA:392,0
DA:399,8
DA:400,1
DA:401,1
DA:402,1
DA:403,1
DA:409,0
DA:416,8
DA:417,1
DA:418,1
DA:419,1
DA:423,1
DA:429,0
DA:436,8
DA:437,1
DA:438,1
DA:439,1
DA:443,1
DA:449,0
DA:456,8
DA:457,1
DA:458,1
DA:459,1
DA:462,1
DA:468,0
DA:475,8
DA:476,1
DA:477,1
DA:478,1
DA:479,1
DA:485,0
DA:492,8
DA:493,2
DA:494,2
DA:495,2
DA:496,2
DA:497,2
DA:498,1
DA:499,1
DA:500,1
DA:504,1
DA:518,0
DA:522,8
LF:170
LH:131
BRDA:10,0,0,0
BRDA:10,0,1,17
BRDA:11,1,0,0
BRDA:11,1,1,17
BRDA:13,2,0,17
BRDA:13,2,1,17
BRDA:14,3,0,17
BRDA:14,3,1,17
BRDA:45,4,0,1
BRDA:45,4,1,0
BRDA:64,5,0,0
BRDA:64,5,1,15
BRDA:74,6,0,0
BRDA:74,6,1,0
BRDA:87,7,0,0
BRDA:87,7,1,10
BRDA:94,8,0,2
BRDA:94,8,1,6
BRDA:103,9,0,0
BRDA:103,9,1,0
BRDA:116,10,0,2
BRDA:116,10,1,4
BRDA:209,11,0,0
BRDA:209,11,1,1
BRDA:247,12,0,1
BRDA:247,12,1,1
BRDA:346,13,0,1
BRDA:346,13,1,1
BRDA:366,14,0,1
BRDA:366,14,1,1
BRDA:497,15,0,1
BRDA:497,15,1,1
BRDA:509,16,0,1
BRDA:509,16,1,0
BRDA:510,17,0,1
BRDA:510,17,1,0
BRDA:511,18,0,1
BRDA:511,18,1,0
BRF:38
BRH:25
end_of_record
TN:
SF:src\controllers\concertController.js
FN:6,(anonymous_0)
FN:40,(anonymous_1)
FN:56,(anonymous_2)
FN:75,(anonymous_3)
FN:100,(anonymous_4)
FN:119,(anonymous_5)
FN:137,(anonymous_6)
FN:155,(anonymous_7)
FN:177,(anonymous_8)
FN:195,(anonymous_9)
FN:213,(anonymous_10)
FN:252,(anonymous_11)
FN:270,(anonymous_12)
FN:314,(anonymous_13)
FN:331,(anonymous_14)
FN:356,(anonymous_15)
FN:378,(anonymous_16)
FNF:17
FNH:16
FNDA:17,(anonymous_0)
FNDA:0,(anonymous_1)
FNDA:11,(anonymous_2)
FNDA:9,(anonymous_3)
FNDA:7,(anonymous_4)
FNDA:1,(anonymous_5)
FNDA:1,(anonymous_6)
FNDA:1,(anonymous_7)
FNDA:1,(anonymous_8)
FNDA:1,(anonymous_9)
FNDA:1,(anonymous_10)
FNDA:1,(anonymous_11)
FNDA:1,(anonymous_12)
FNDA:3,(anonymous_13)
FNDA:2,(anonymous_14)
FNDA:2,(anonymous_15)
FNDA:2,(anonymous_16)
DA:1,8
DA:6,8
DA:7,17
DA:8,17
DA:9,17
DA:11,17
DA:12,17
DA:13,17
DA:15,17
DA:16,17
DA:22,17
DA:33,0
DA:40,8
DA:41,0
DA:42,0
DA:43,0
DA:49,0
DA:56,8
DA:57,11
DA:58,11
DA:59,11
DA:65,0
DA:66,0
DA:68,0
DA:75,8
DA:76,9
DA:77,9
DA:81,7
DA:82,2
DA:84,5
DA:90,0
DA:91,0
DA:93,0
DA:100,8
DA:101,7
DA:102,7
DA:103,5
DA:104,2
DA:106,3
DA:112,0
DA:119,8
DA:120,1
DA:121,1
DA:124,1
DA:130,0
DA:137,8
DA:138,1
DA:139,1
DA:142,1
DA:148,0
DA:155,8
DA:156,1
DA:157,1
DA:158,1
DA:159,1
DA:160,1
DA:161,1
DA:164,1
DA:170,0
DA:177,8
DA:178,1
DA:179,1
DA:182,1
DA:188,0
DA:195,8
DA:196,1
DA:197,1
DA:200,1
DA:206,0
DA:213,8
DA:214,1
DA:215,1
DA:239,1
DA:245,0
DA:252,8
DA:253,1
DA:254,1
DA:257,1
DA:263,0
DA:270,8
DA:271,1
DA:272,1
DA:301,1
DA:307,0
DA:314,8
DA:315,3
DA:316,3
DA:317,2
DA:318,1
DA:324,0
DA:331,8
DA:332,2
DA:333,2
DA:334,2
DA:335,1
DA:336,1
DA:337,1
DA:338,1
DA:339,1
DA:343,1
DA:349,0
DA:356,8
DA:357,2
DA:358,2
DA:359,2
DA:360,1
DA:361,1
DA:365,1
DA:371,0
DA:378,8
DA:379,2
DA:380,2
DA:381,2
DA:382,2
DA:383,1
DA:386,1
DA:392,0
DA:396,8
LF:118
LH:94
BRDA:9,0,0,0
BRDA:9,0,1,17
BRDA:11,1,0,17
BRDA:11,1,1,17
BRDA:12,2,0,17
BRDA:12,2,1,17
BRDA:65,3,0,0
BRDA:65,3,1,0
BRDA:81,4,0,2
BRDA:81,4,1,5
BRDA:90,5,0,0
BRDA:90,5,1,0
BRDA:103,6,0,2
BRDA:103,6,1,3
BRDA:159,7,0,1
BRDA:159,7,1,0
BRDA:160,8,0,1
BRDA:160,8,1,0
BRDA:317,9,0,1
BRDA:317,9,1,1
BRDA:334,10,0,1
BRDA:334,10,1,1
BRDA:359,11,0,1
BRDA:359,11,1,1
BRDA:360,12,0,0
BRDA:360,12,1,1
BRDA:382,13,0,1
BRDA:382,13,1,1
BRF:28
BRH:20
end_of_record
TN:
SF:src\controllers\fairController.js
FN:6,(anonymous_0)
FN:39,(anonymous_1)
FN:58,(anonymous_2)
FN:77,(anonymous_3)
FN:102,(anonymous_4)
FN:121,(anonymous_5)
FN:137,(anonymous_6)
FN:155,(anonymous_7)
FN:175,(anonymous_8)
FN:192,(anonymous_9)
FN:211,(anonymous_10)
FN:228,(anonymous_11)
FN:244,(anonymous_12)
FN:254,(anonymous_13)
FN:271,(anonymous_14)
FN:276,(anonymous_15)
FN:293,(anonymous_16)
FN:298,(anonymous_17)
FN:315,(anonymous_18)
FN:323,(anonymous_19)
FN:349,(anonymous_20)
FN:366,(anonymous_21)
FN:386,(anonymous_22)
FNF:23
FNH:23
FNDA:11,(anonymous_0)
FNDA:3,(anonymous_1)
FNDA:14,(anonymous_2)
FNDA:11,(anonymous_3)
FNDA:6,(anonymous_4)
FNDA:1,(anonymous_5)
FNDA:1,(anonymous_6)
FNDA:1,(anonymous_7)
FNDA:1,(anonymous_8)
FNDA:2,(anonymous_9)
FNDA:1,(anonymous_10)
FNDA:1,(anonymous_11)
FNDA:3,(anonymous_12)
FNDA:1,(anonymous_13)
FNDA:1,(anonymous_14)
FNDA:1,(anonymous_15)
FNDA:1,(anonymous_16)
FNDA:1,(anonymous_17)
FNDA:2,(anonymous_18)
FNDA:1,(anonymous_19)
FNDA:1,(anonymous_20)
FNDA:1,(anonymous_21)
FNDA:1,(anonymous_22)
DA:1,8
DA:6,8
DA:7,11
DA:8,11
DA:9,11
DA:11,11
DA:12,11
DA:13,11
DA:15,11
DA:16,11
DA:21,11
DA:32,0
DA:39,8
DA:40,3
DA:41,3
DA:42,2
DA:43,2
DA:45,0
DA:51,0
DA:58,8
DA:59,14
DA:60,14
DA:61,13
DA:67,1
DA:68,1
DA:70,0
DA:77,8
DA:78,11
DA:79,11
DA:83,9
DA:84,2
DA:86,7
DA:92,0
DA:93,0
DA:95,0
DA:102,8
DA:103,6
DA:104,6
DA:105,4
DA:106,2
DA:108,2
DA:114,0
DA:121,8
DA:122,1
DA:123,1
DA:124,1
DA:130,0
DA:137,8
DA:138,1
DA:139,1
DA:142,1
DA:148,0
DA:155,8
DA:156,1
DA:157,1
DA:158,1
DA:159,1
DA:160,1
DA:161,1
DA:162,1
DA:168,0
DA:175,8
DA:176,1
DA:177,1
DA:178,1
DA:179,1
DA:185,0
DA:192,8
DA:193,2
DA:194,2
DA:195,2
DA:196,2
DA:197,1
DA:198,1
DA:204,0
DA:211,8
DA:212,1
DA:213,1
DA:214,1
DA:215,1
DA:221,0
DA:228,8
DA:229,1
DA:230,1
DA:231,1
DA:237,0
DA:244,8
DA:245,3
DA:246,3
DA:247,3
DA:248,3
DA:250,3
DA:251,2
DA:253,1
DA:254,1
DA:255,1
DA:256,1
DA:258,1
DA:264,0
DA:271,8
DA:272,1
DA:273,1
DA:274,1
DA:275,1
DA:276,1
DA:277,1
DA:280,1
DA:286,0
DA:293,8
DA:294,1
DA:295,1
DA:296,1
DA:297,1
DA:298,1
DA:299,1
DA:302,1
DA:308,0
DA:315,8
DA:316,2
DA:317,2
DA:318,2
DA:319,2
DA:320,2
DA:321,2
DA:322,1
DA:323,1
DA:324,1
DA:325,1
DA:326,1
DA:330,1
DA:342,0
DA:349,8
DA:350,1
DA:351,1
DA:352,1
DA:353,1
DA:359,0
DA:366,8
DA:367,1
DA:368,1
DA:369,1
DA:373,1
DA:379,0
DA:386,8
DA:387,1
DA:388,1
DA:389,1
DA:393,1
DA:399,0
DA:403,8
LF:150
LH:128
BRDA:9,0,0,0
BRDA:9,0,1,11
BRDA:11,1,0,11
BRDA:11,1,1,11
BRDA:12,2,0,11
BRDA:12,2,1,11
BRDA:42,3,0,2
BRDA:42,3,1,0
BRDA:67,4,0,1
BRDA:67,4,1,0
BRDA:83,5,0,2
BRDA:83,5,1,7
BRDA:92,6,0,0
BRDA:92,6,1,0
BRDA:105,7,0,2
BRDA:105,7,1,2
BRDA:159,8,0,1
BRDA:159,8,1,0
BRDA:160,9,0,1
BRDA:160,9,1,0
BRDA:178,10,0,0
BRDA:178,10,1,1
BRDA:196,11,0,1
BRDA:196,11,1,1
BRDA:251,12,0,1
BRDA:251,12,1,1
BRDA:321,13,0,1
BRDA:321,13,1,1
BRDA:335,14,0,1
BRDA:335,14,1,0
BRF:30
BRH:21
end_of_record
TN:
SF:src\controllers\menuController.js
FN:6,(anonymous_0)
FN:40,(anonymous_1)
FN:56,(anonymous_2)
FN:72,(anonymous_3)
FN:83,(anonymous_4)
FN:104,(anonymous_5)
FN:129,(anonymous_6)
FN:148,(anonymous_7)
FN:166,(anonymous_8)
FN:184,(anonymous_9)
FN:204,(anonymous_10)
FN:223,(anonymous_11)
FN:242,(anonymous_12)
FN:260,(anonymous_13)
FN:301,(anonymous_14)
FN:344,(anonymous_15)
FN:361,(anonymous_16)
FN:382,(anonymous_17)
FNF:18
FNH:18
FNDA:11,(anonymous_0)
FNDA:7,(anonymous_1)
FNDA:6,(anonymous_2)
FNDA:6,(anonymous_3)
FNDA:10,(anonymous_4)
FNDA:8,(anonymous_5)
FNDA:11,(anonymous_6)
FNDA:1,(anonymous_7)
FNDA:1,(anonymous_8)
FNDA:1,(anonymous_9)
FNDA:1,(anonymous_10)
FNDA:1,(anonymous_11)
FNDA:1,(anonymous_12)
FNDA:1,(anonymous_13)
FNDA:1,(anonymous_14)
FNDA:3,(anonymous_15)
FNDA:2,(anonymous_16)
FNDA:2,(anonymous_17)
DA:1,8
DA:6,8
DA:7,11
DA:8,11
DA:9,11
DA:11,11
DA:12,11
DA:13,11
DA:15,11
DA:16,11
DA:22,11
DA:33,0
DA:40,8
DA:41,7
DA:42,7
DA:43,5
DA:49,0
DA:56,8
DA:57,6
DA:58,6
DA:59,6
DA:61,0
DA:62,0
DA:64,0
DA:65,0
DA:72,8
DA:73,6
DA:74,6
DA:76,6
DA:77,1
DA:79,5
DA:80,1
DA:83,10
DA:90,4
DA:91,2
DA:93,2
DA:94,2
DA:96,0
DA:97,0
DA:104,8
DA:105,8
DA:106,8
DA:110,6
DA:111,1
DA:113,5
DA:119,0
DA:120,0
DA:122,0
DA:129,8
DA:130,11
DA:131,11
DA:132,9
DA:133,2
DA:135,7
DA:141,0
DA:148,8
DA:149,1
DA:150,1
DA:153,1
DA:159,0
DA:166,8
DA:167,1
DA:168,1
DA:171,1
DA:177,0
DA:184,8
DA:185,1
DA:186,1
DA:187,1
DA:188,1
DA:191,1
DA:197,0
DA:204,8
DA:205,1
DA:206,1
DA:209,1
DA:210,1
DA:216,0
DA:223,8
DA:224,1
DA:225,1
DA:228,1
DA:229,1
DA:235,0
DA:242,8
DA:243,1
DA:244,1
DA:247,1
DA:253,0
DA:260,8
DA:261,1
DA:262,1
DA:288,1
DA:294,0
DA:301,8
DA:302,1
DA:303,1
DA:331,1
DA:337,0
DA:344,8
DA:345,3
DA:346,3
DA:347,2
DA:348,1
DA:354,0
DA:361,8
DA:362,2
DA:363,2
DA:364,2
DA:365,1
DA:369,1
DA:375,0
DA:382,8
DA:383,2
DA:384,2
DA:385,2
DA:386,2
DA:387,1
DA:390,1
DA:396,0
DA:400,8
LF:121
LH:98
BRDA:9,0,0,0
BRDA:9,0,1,11
BRDA:11,1,0,11
BRDA:11,1,1,11
BRDA:12,2,0,11
BRDA:12,2,1,11
BRDA:61,3,0,0
BRDA:61,3,1,0
BRDA:76,4,0,1
BRDA:76,4,1,5
BRDA:79,5,0,1
BRDA:79,5,1,4
BRDA:79,6,0,5
BRDA:79,6,1,5
BRDA:93,7,0,2
BRDA:93,7,1,0
BRDA:110,8,0,1
BRDA:110,8,1,5
BRDA:119,9,0,0
BRDA:119,9,1,0
BRDA:132,10,0,2
BRDA:132,10,1,7
BRDA:186,11,0,1
BRDA:186,11,1,0
BRDA:187,12,0,1
BRDA:187,12,1,0
BRDA:209,13,0,0
BRDA:209,13,1,1
BRDA:228,14,0,0
BRDA:228,14,1,1
BRDA:347,15,0,1
BRDA:347,15,1,1
BRDA:364,16,0,1
BRDA:364,16,1,1
BRDA:386,17,0,1
BRDA:386,17,1,1
BRF:36
BRH:26
end_of_record
TN:
SF:src\middlewares\auth.js
FN:4,(anonymous_0)
FN:26,(anonymous_1)
FN:27,(anonymous_2)
FNF:3
FNH:3
FNDA:196,(anonymous_0)
FNDA:112,(anonymous_1)
FNDA:161,(anonymous_2)
DA:1,8
DA:2,8
DA:4,8
DA:7,196
DA:11,181
DA:12,181
DA:13,181
DA:14,166
DA:15,166
DA:17,15
DA:21,15
DA:22,15
DA:26,8
DA:27,112
DA:28,161
DA:29,0
DA:31,161
DA:32,19
DA:37,142
DA:41,8
LF:20
LH:19
BRDA:7,0,0,181
BRDA:7,0,1,15
BRDA:8,1,0,196
BRDA:8,1,1,182
BRDA:21,2,0,15
BRDA:21,2,1,0
BRDA:28,3,0,0
BRDA:28,3,1,161
BRDA:31,4,0,19
BRDA:31,4,1,142
BRF:10
BRH:8
end_of_record
TN:
SF:src\middlewares\validators.js
FN:4,(anonymous_0)
FN:10,(anonymous_1)
FNF:2
FNH:2
FNDA:148,(anonymous_0)
FNDA:59,(anonymous_1)
DA:1,8
DA:4,8
DA:5,148
DA:6,148
DA:7,33
DA:10,59
DA:13,115
DA:17,8
DA:29,8
DA:43,8
DA:57,8
DA:71,8
DA:88,8
DA:102,8
DA:116,8
DA:130,8
DA:146,8
LF:17
LH:17
BRDA:6,0,0,33
BRDA:6,0,1,115
BRF:2
BRH:2
end_of_record
TN:
SF:src\models\Caseta.js
FNF:0
FNH:0
DA:1,8
DA:3,8
DA:37,8
LF:3
LH:3
BRF:0
BRH:0
end_of_record
TN:
SF:src\models\Concert.js
FNF:0
FNH:0
DA:1,8
DA:3,8
DA:33,8
LF:3
LH:3
BRF:0
BRH:0
end_of_record
TN:
SF:src\models\Fair.js
FNF:0
FNH:0
DA:1,8
DA:3,8
DA:36,8
LF:3
LH:3
BRF:0
BRH:0
end_of_record
TN:
SF:src\models\Menu.js
FNF:0
FNH:0
DA:1,8
DA:3,8
DA:29,8
LF:3
LH:3
BRF:0
BRH:0
end_of_record
TN:
SF:src\routes\authRoutes.js
FNF:0
FNH:0
DA:1,8
DA:2,8
DA:3,8
DA:4,8
DA:5,8
DA:30,8
DA:46,8
DA:48,8
LF:8
LH:8
BRF:0
BRH:0
end_of_record
TN:
SF:src\routes\casetaRoutes.js
FNF:0
FNH:0
DA:1,8
DA:2,8
DA:11,8
DA:12,8
DA:13,8
DA:14,8
DA:26,8
DA:38,8
DA:50,8
DA:62,8
DA:76,8
DA:88,8
DA:100,8
DA:118,8
DA:138,8
DA:158,8
DA:176,8
DA:196,8
DA:216,8
DA:234,8
DA:252,8
DA:270,8
DA:288,8
DA:311,8
DA:329,8
DA:347,8
DA:367,8
DA:383,8
DA:405,8
DA:427,8
DA:429,8
LF:31
LH:31
BRF:0
BRH:0
end_of_record
TN:
SF:src\routes\concertRoutes.js
FNF:0
FNH:0
DA:1,8
DA:2,8
DA:8,8
DA:9,8
DA:10,8
DA:22,8
DA:34,8
DA:55,8
DA:67,8
DA:79,8
DA:91,8
DA:103,8
DA:121,8
DA:139,8
DA:157,8
DA:190,8
DA:212,8
DA:252,8
DA:272,8
DA:292,8
DA:312,8
DA:314,8
DA:316,8
LF:23
LH:23
BRF:0
BRH:0
end_of_record
TN:
SF:src\routes\fairRoutes.js
FNF:0
FNH:0
DA:1,8
DA:2,8
DA:9,8
DA:10,8
DA:11,8
DA:23,8
DA:35,8
DA:49,8
DA:70,8
DA:82,8
DA:94,8
DA:112,8
DA:132,8
DA:152,8
DA:170,8
DA:188,8
DA:211,8
DA:229,8
DA:247,8
DA:267,8
DA:287,8
DA:320,8
DA:342,8
DA:364,8
DA:366,8
LF:25
LH:25
BRF:0
BRH:0
end_of_record
TN:
SF:src\routes\menuRoutes.js
FNF:0
FNH:0
DA:1,8
DA:2,8
DA:8,8
DA:9,8
DA:10,8
DA:22,8
DA:34,8
DA:55,8
DA:69,8
DA:83,8
DA:95,8
DA:107,8
DA:119,8
DA:137,8
DA:155,8
DA:186,8
DA:224,8
DA:246,8
DA:286,8
DA:306,8
DA:326,8
DA:328,8
DA:330,8
LF:23
LH:23
BRF:0
BRH:0
end_of_record
TN:
SF:src\routes\publishRoutes.js
FNF:0
FNH:0
DA:1,8
DA:2,8
DA:3,8
DA:4,8
DA:22,8
DA:24,8
LF:6
LH:6
BRF:0
BRH:0
end_of_record
TN:
SF:src\routes\statsRoutes.js
FNF:0
FNH:0
DA:1,8
DA:2,8
DA:3,8
DA:5,8
DA:7,8
LF:5
LH:5
BRF:0
BRH:0
end_of_record
