TN:
SF:src\config\db.js
FN:3,(anonymous_0)
FNF:1
FNH:1
FNDA:7,(anonymous_0)
DA:1,7
DA:3,7
DA:4,7
DA:5,7
DA:8,7
DA:9,7
DA:11,0
DA:12,0
DA:13,0
DA:18,7
LF:10
LH:7
BRDA:5,0,0,7
BRDA:5,0,1,0
BRDA:6,1,0,7
BRDA:6,1,1,0
BRDA:12,2,0,0
BRDA:12,2,1,0
BRF:6
BRH:2
end_of_record
TN:
SF:src\controllers\authController.js
FN:5,(anonymous_0)
FN:14,(anonymous_1)
FN:49,(anonymous_2)
FNF:3
FNH:3
FNDA:25,(anonymous_0)
FNDA:30,(anonymous_1)
FNDA:5,(anonymous_2)
DA:1,7
DA:2,7
DA:5,7
DA:6,25
DA:14,7
DA:15,30
DA:16,30
DA:18,30
DA:19,0
DA:22,30
DA:24,30
DA:25,2
DA:28,28
DA:30,27
DA:31,2
DA:34,25
DA:42,1
DA:49,7
DA:50,5
DA:51,5
DA:52,5
DA:54,0
DA:58,7
LF:23
LH:21
BRDA:18,0,0,0
BRDA:18,0,1,30
BRDA:18,1,0,30
BRDA:18,1,1,30
BRDA:24,2,0,2
BRDA:24,2,1,28
BRDA:30,3,0,2
BRDA:30,3,1,25
BRF:8
BRH:7
end_of_record
TN:
SF:src\controllers\casetaController.js
FN:7,(anonymous_0)
FN:38,(anonymous_1)
FN:53,(anonymous_2)
FN:72,(anonymous_3)
FN:97,(anonymous_4)
FN:112,(anonymous_5)
FN:126,(anonymous_6)
FN:140,(anonymous_7)
FN:154,(anonymous_8)
FN:168,(anonymous_9)
FN:183,(anonymous_10)
FN:198,(anonymous_11)
FN:215,(anonymous_12)
FN:250,(anonymous_13)
FN:265,(anonymous_14)
FN:280,(anonymous_15)
FN:296,(anonymous_16)
FN:312,(anonymous_17)
FN:327,(anonymous_18)
FN:340,(anonymous_19)
FN:356,(anonymous_20)
FN:372,(anonymous_21)
FN:387,(anonymous_22)
FN:400,(anonymous_23)
FNF:24
FNH:22
FNDA:17,(anonymous_0)
FNDA:1,(anonymous_1)
FNDA:12,(anonymous_2)
FNDA:9,(anonymous_3)
FNDA:7,(anonymous_4)
FNDA:1,(anonymous_5)
FNDA:1,(anonymous_6)
FNDA:1,(anonymous_7)
FNDA:1,(anonymous_8)
FNDA:1,(anonymous_9)
FNDA:1,(anonymous_10)
FNDA:1,(anonymous_11)
FNDA:1,(anonymous_12)
FNDA:0,(anonymous_13)
FNDA:0,(anonymous_14)
FNDA:1,(anonymous_15)
FNDA:1,(anonymous_16)
FNDA:1,(anonymous_17)
FNDA:1,(anonymous_18)
FNDA:1,(anonymous_19)
FNDA:1,(anonymous_20)
FNDA:1,(anonymous_21)
FNDA:1,(anonymous_22)
FNDA:1,(anonymous_23)
DA:1,7
DA:2,7
DA:7,7
DA:8,17
DA:9,17
DA:10,17
DA:11,17
DA:13,17
DA:14,17
DA:15,17
DA:17,17
DA:18,17
DA:24,17
DA:31,0
DA:38,7
DA:39,1
DA:40,1
DA:41,0
DA:42,0
DA:44,0
DA:46,1
DA:53,7
DA:54,12
DA:55,12
DA:56,12
DA:57,0
DA:59,12
DA:60,12
DA:62,0
DA:63,0
DA:65,0
DA:72,7
DA:73,9
DA:74,9
DA:75,9
DA:76,0
DA:78,9
DA:82,8
DA:83,2
DA:85,6
DA:87,1
DA:88,0
DA:90,1
DA:97,7
DA:98,7
DA:99,7
DA:100,6
DA:101,2
DA:103,4
DA:105,1
DA:112,7
DA:113,1
DA:114,1
DA:117,1
DA:119,0
DA:126,7
DA:127,1
DA:128,1
DA:131,1
DA:133,0
DA:140,7
DA:141,1
DA:142,1
DA:145,1
DA:147,0
DA:154,7
DA:155,1
DA:156,1
DA:159,1
DA:161,0
DA:168,7
DA:169,1
DA:170,1
DA:173,1
DA:174,1
DA:176,0
DA:183,7
DA:184,1
DA:185,1
DA:189,1
DA:191,0
DA:198,7
DA:199,1
DA:200,1
DA:201,1
DA:202,1
DA:203,1
DA:204,1
DA:205,1
DA:206,1
DA:208,0
DA:215,7
DA:216,1
DA:217,1
DA:241,1
DA:243,0
DA:250,7
DA:251,0
DA:252,0
DA:253,0
DA:256,0
DA:258,0
DA:265,7
DA:266,0
DA:267,0
DA:268,0
DA:271,0
DA:273,0
DA:280,7
DA:281,1
DA:282,1
DA:283,1
DA:286,1
DA:287,1
DA:289,0
DA:296,7
DA:297,1
DA:298,1
DA:299,1
DA:302,1
DA:303,1
DA:305,0
DA:312,7
DA:313,1
DA:314,1
DA:315,1
DA:318,1
DA:320,0
DA:327,7
DA:328,1
DA:329,1
DA:330,1
DA:331,1
DA:333,0
DA:340,7
DA:341,1
DA:342,1
DA:343,1
DA:347,1
DA:349,0
DA:356,7
DA:357,1
DA:358,1
DA:359,1
DA:363,1
DA:365,0
DA:372,7
DA:373,1
DA:374,1
DA:375,1
DA:378,1
DA:380,0
DA:387,7
DA:388,1
DA:389,1
DA:390,1
DA:391,1
DA:393,0
DA:400,7
DA:401,1
DA:402,1
DA:403,1
DA:404,1
DA:405,1
DA:406,1
DA:407,1
DA:408,1
DA:412,1
DA:422,0
DA:426,7
LF:170
LH:133
BRDA:10,0,0,0
BRDA:10,0,1,17
BRDA:11,1,0,0
BRDA:11,1,1,17
BRDA:13,2,0,17
BRDA:13,2,1,17
BRDA:14,3,0,17
BRDA:14,3,1,17
BRDA:41,4,0,0
BRDA:41,4,1,0
BRDA:56,5,0,0
BRDA:56,5,1,12
BRDA:62,6,0,0
BRDA:62,6,1,0
BRDA:75,7,0,0
BRDA:75,7,1,9
BRDA:82,8,0,2
BRDA:82,8,1,6
BRDA:87,9,0,0
BRDA:87,9,1,1
BRDA:100,10,0,2
BRDA:100,10,1,4
BRDA:173,11,0,0
BRDA:173,11,1,1
BRDA:203,12,0,0
BRDA:203,12,1,1
BRDA:286,13,0,0
BRDA:286,13,1,1
BRDA:302,14,0,0
BRDA:302,14,1,1
BRDA:405,15,0,0
BRDA:405,15,1,1
BRDA:417,16,0,1
BRDA:417,16,1,0
BRDA:418,17,0,1
BRDA:418,17,1,0
BRDA:419,18,0,1
BRDA:419,18,1,0
BRF:38
BRH:21
end_of_record
TN:
SF:src\controllers\concertController.js
FN:6,(anonymous_0)
FN:36,(anonymous_1)
FN:48,(anonymous_2)
FN:63,(anonymous_3)
FN:84,(anonymous_4)
FN:99,(anonymous_5)
FN:113,(anonymous_6)
FN:127,(anonymous_7)
FN:145,(anonymous_8)
FN:159,(anonymous_9)
FN:173,(anonymous_10)
FN:208,(anonymous_11)
FN:222,(anonymous_12)
FN:262,(anonymous_13)
FN:275,(anonymous_14)
FN:296,(anonymous_15)
FN:314,(anonymous_16)
FNF:17
FNH:16
FNDA:17,(anonymous_0)
FNDA:0,(anonymous_1)
FNDA:10,(anonymous_2)
FNDA:8,(anonymous_3)
FNDA:6,(anonymous_4)
FNDA:1,(anonymous_5)
FNDA:1,(anonymous_6)
FNDA:1,(anonymous_7)
FNDA:1,(anonymous_8)
FNDA:1,(anonymous_9)
FNDA:1,(anonymous_10)
FNDA:1,(anonymous_11)
FNDA:1,(anonymous_12)
FNDA:1,(anonymous_13)
FNDA:1,(anonymous_14)
FNDA:1,(anonymous_15)
FNDA:1,(anonymous_16)
DA:1,7
DA:6,7
DA:7,17
DA:8,17
DA:9,17
DA:11,17
DA:12,17
DA:13,17
DA:15,17
DA:16,17
DA:22,17
DA:29,0
DA:36,7
DA:37,0
DA:38,0
DA:39,0
DA:41,0
DA:48,7
DA:49,10
DA:50,10
DA:51,10
DA:53,0
DA:54,0
DA:56,0
DA:63,7
DA:64,8
DA:65,8
DA:69,7
DA:70,2
DA:72,5
DA:74,1
DA:75,0
DA:77,1
DA:84,7
DA:85,6
DA:86,6
DA:87,5
DA:88,2
DA:90,3
DA:92,1
DA:99,7
DA:100,1
DA:101,1
DA:104,1
DA:106,0
DA:113,7
DA:114,1
DA:115,1
DA:118,1
DA:120,0
DA:127,7
DA:128,1
DA:129,1
DA:130,1
DA:131,1
DA:132,1
DA:133,1
DA:136,1
DA:138,0
DA:145,7
DA:146,1
DA:147,1
DA:150,1
DA:152,0
DA:159,7
DA:160,1
DA:161,1
DA:164,1
DA:166,0
DA:173,7
DA:174,1
DA:175,1
DA:199,1
DA:201,0
DA:208,7
DA:209,1
DA:210,1
DA:213,1
DA:215,0
DA:222,7
DA:223,1
DA:224,1
DA:253,1
DA:255,0
DA:262,7
DA:263,1
DA:264,1
DA:265,1
DA:266,1
DA:268,0
DA:275,7
DA:276,1
DA:277,1
DA:278,1
DA:279,1
DA:280,1
DA:281,1
DA:282,1
DA:283,1
DA:287,1
DA:289,0
DA:296,7
DA:297,1
DA:298,1
DA:299,1
DA:300,1
DA:301,1
DA:305,1
DA:307,0
DA:314,7
DA:315,1
DA:316,1
DA:317,1
DA:318,1
DA:319,1
DA:322,1
DA:324,0
DA:328,7
LF:118
LH:97
BRDA:9,0,0,0
BRDA:9,0,1,17
BRDA:11,1,0,17
BRDA:11,1,1,17
BRDA:12,2,0,17
BRDA:12,2,1,17
BRDA:53,3,0,0
BRDA:53,3,1,0
BRDA:69,4,0,2
BRDA:69,4,1,5
BRDA:74,5,0,0
BRDA:74,5,1,1
BRDA:87,6,0,2
BRDA:87,6,1,3
BRDA:131,7,0,1
BRDA:131,7,1,0
BRDA:132,8,0,1
BRDA:132,8,1,0
BRDA:265,9,0,0
BRDA:265,9,1,1
BRDA:278,10,0,0
BRDA:278,10,1,1
BRDA:299,11,0,0
BRDA:299,11,1,1
BRDA:300,12,0,0
BRDA:300,12,1,1
BRDA:318,13,0,0
BRDA:318,13,1,1
BRF:28
BRH:17
end_of_record
TN:
SF:src\controllers\fairController.js
FN:6,(anonymous_0)
FN:35,(anonymous_1)
FN:50,(anonymous_2)
FN:65,(anonymous_3)
FN:86,(anonymous_4)
FN:101,(anonymous_5)
FN:113,(anonymous_6)
FN:127,(anonymous_7)
FN:143,(anonymous_8)
FN:156,(anonymous_9)
FN:171,(anonymous_10)
FN:184,(anonymous_11)
FN:196,(anonymous_12)
FN:206,(anonymous_13)
FN:219,(anonymous_14)
FN:224,(anonymous_15)
FN:237,(anonymous_16)
FN:242,(anonymous_17)
FN:255,(anonymous_18)
FN:263,(anonymous_19)
FN:285,(anonymous_20)
FN:298,(anonymous_21)
FN:314,(anonymous_22)
FNF:23
FNH:23
FNDA:11,(anonymous_0)
FNDA:1,(anonymous_1)
FNDA:11,(anonymous_2)
FNDA:10,(anonymous_3)
FNDA:5,(anonymous_4)
FNDA:1,(anonymous_5)
FNDA:1,(anonymous_6)
FNDA:1,(anonymous_7)
FNDA:1,(anonymous_8)
FNDA:1,(anonymous_9)
FNDA:1,(anonymous_10)
FNDA:1,(anonymous_11)
FNDA:1,(anonymous_12)
FNDA:1,(anonymous_13)
FNDA:1,(anonymous_14)
FNDA:1,(anonymous_15)
FNDA:1,(anonymous_16)
FNDA:1,(anonymous_17)
FNDA:1,(anonymous_18)
FNDA:1,(anonymous_19)
FNDA:1,(anonymous_20)
FNDA:1,(anonymous_21)
FNDA:1,(anonymous_22)
DA:1,7
DA:6,7
DA:7,11
DA:8,11
DA:9,11
DA:11,11
DA:12,11
DA:13,11
DA:15,11
DA:16,11
DA:21,11
DA:28,0
DA:35,7
DA:36,1
DA:37,1
DA:38,1
DA:39,1
DA:41,0
DA:43,0
DA:50,7
DA:51,11
DA:52,11
DA:53,10
DA:55,1
DA:56,1
DA:58,0
DA:65,7
DA:66,10
DA:67,10
DA:71,9
DA:72,2
DA:74,7
DA:76,1
DA:77,0
DA:79,1
DA:86,7
DA:87,5
DA:88,5
DA:89,4
DA:90,2
DA:92,2
DA:94,1
DA:101,7
DA:102,1
DA:103,1
DA:104,1
DA:106,0
DA:113,7
DA:114,1
DA:115,1
DA:118,1
DA:120,0
DA:127,7
DA:128,1
DA:129,1
DA:130,1
DA:131,1
DA:132,1
DA:133,1
DA:134,1
DA:136,0
DA:143,7
DA:144,1
DA:145,1
DA:146,1
DA:147,1
DA:149,0
DA:156,7
DA:157,1
DA:158,1
DA:159,1
DA:160,1
DA:161,1
DA:162,1
DA:164,0
DA:171,7
DA:172,1
DA:173,1
DA:174,1
DA:175,1
DA:177,0
DA:184,7
DA:185,1
DA:186,1
DA:187,1
DA:189,0
DA:196,7
DA:197,1
DA:198,1
DA:199,1
DA:200,1
DA:202,1
DA:203,1
DA:205,1
DA:206,1
DA:207,1
DA:208,1
DA:210,1
DA:212,0
DA:219,7
DA:220,1
DA:221,1
DA:222,1
DA:223,1
DA:224,1
DA:225,1
DA:228,1
DA:230,0
DA:237,7
DA:238,1
DA:239,1
DA:240,1
DA:241,1
DA:242,1
DA:243,1
DA:246,1
DA:248,0
DA:255,7
DA:256,1
DA:257,1
DA:258,1
DA:259,1
DA:260,1
DA:261,1
DA:262,1
DA:263,1
DA:264,1
DA:265,1
DA:266,1
DA:270,1
DA:278,0
DA:285,7
DA:286,1
DA:287,1
DA:288,1
DA:289,1
DA:291,0
DA:298,7
DA:299,1
DA:300,1
DA:301,1
DA:305,1
DA:307,0
DA:314,7
DA:315,1
DA:316,1
DA:317,1
DA:321,1
DA:323,0
DA:327,7
LF:150
LH:131
BRDA:9,0,0,0
BRDA:9,0,1,11
BRDA:11,1,0,11
BRDA:11,1,1,11
BRDA:12,2,0,11
BRDA:12,2,1,11
BRDA:38,3,0,1
BRDA:38,3,1,0
BRDA:55,4,0,1
BRDA:55,4,1,0
BRDA:71,5,0,2
BRDA:71,5,1,7
BRDA:76,6,0,0
BRDA:76,6,1,1
BRDA:89,7,0,2
BRDA:89,7,1,2
BRDA:131,8,0,1
BRDA:131,8,1,0
BRDA:132,9,0,1
BRDA:132,9,1,0
BRDA:146,10,0,0
BRDA:146,10,1,1
BRDA:160,11,0,0
BRDA:160,11,1,1
BRDA:203,12,0,0
BRDA:203,12,1,1
BRDA:261,13,0,0
BRDA:261,13,1,1
BRDA:275,14,0,1
BRDA:275,14,1,0
BRF:30
BRH:19
end_of_record
TN:
SF:src\controllers\menuController.js
FN:6,(anonymous_0)
FN:36,(anonymous_1)
FN:48,(anonymous_2)
FN:64,(anonymous_3)
FN:75,(anonymous_4)
FN:96,(anonymous_5)
FN:117,(anonymous_6)
FN:132,(anonymous_7)
FN:146,(anonymous_8)
FN:160,(anonymous_9)
FN:176,(anonymous_10)
FN:191,(anonymous_11)
FN:206,(anonymous_12)
FN:220,(anonymous_13)
FN:257,(anonymous_14)
FN:296,(anonymous_15)
FN:309,(anonymous_16)
FN:326,(anonymous_17)
FNF:18
FNH:18
FNDA:11,(anonymous_0)
FNDA:6,(anonymous_1)
FNDA:5,(anonymous_2)
FNDA:6,(anonymous_3)
FNDA:10,(anonymous_4)
FNDA:7,(anonymous_5)
FNDA:10,(anonymous_6)
FNDA:1,(anonymous_7)
FNDA:1,(anonymous_8)
FNDA:1,(anonymous_9)
FNDA:1,(anonymous_10)
FNDA:1,(anonymous_11)
FNDA:1,(anonymous_12)
FNDA:1,(anonymous_13)
FNDA:1,(anonymous_14)
FNDA:1,(anonymous_15)
FNDA:1,(anonymous_16)
FNDA:1,(anonymous_17)
DA:1,7
DA:6,7
DA:7,11
DA:8,11
DA:9,11
DA:11,11
DA:12,11
DA:13,11
DA:15,11
DA:16,11
DA:22,11
DA:29,0
DA:36,7
DA:37,6
DA:38,6
DA:39,5
DA:41,1
DA:48,7
DA:49,5
DA:50,5
DA:51,5
DA:53,0
DA:54,0
DA:56,0
DA:57,0
DA:64,7
DA:65,6
DA:66,6
DA:68,6
DA:69,1
DA:71,5
DA:72,1
DA:75,10
DA:82,4
DA:83,2
DA:85,2
DA:86,2
DA:88,0
DA:89,0
DA:96,7
DA:97,7
DA:98,7
DA:102,6
DA:103,1
DA:105,5
DA:107,1
DA:108,0
DA:110,1
DA:117,7
DA:118,10
DA:119,10
DA:120,9
DA:121,2
DA:123,7
DA:125,1
DA:132,7
DA:133,1
DA:134,1
DA:137,1
DA:139,0
DA:146,7
DA:147,1
DA:148,1
DA:151,1
DA:153,0
DA:160,7
DA:161,1
DA:162,1
DA:163,1
DA:164,1
DA:167,1
DA:169,0
DA:176,7
DA:177,1
DA:178,1
DA:181,1
DA:182,1
DA:184,0
DA:191,7
DA:192,1
DA:193,1
DA:196,1
DA:197,1
DA:199,0
DA:206,7
DA:207,1
DA:208,1
DA:211,1
DA:213,0
DA:220,7
DA:221,1
DA:222,1
DA:248,1
DA:250,0
DA:257,7
DA:258,1
DA:259,1
DA:287,1
DA:289,0
DA:296,7
DA:297,1
DA:298,1
DA:299,1
DA:300,1
DA:302,0
DA:309,7
DA:310,1
DA:311,1
DA:312,1
DA:313,1
DA:317,1
DA:319,0
DA:326,7
DA:327,1
DA:328,1
DA:329,1
DA:330,1
DA:331,1
DA:334,1
DA:336,0
DA:340,7
LF:121
LH:102
BRDA:9,0,0,0
BRDA:9,0,1,11
BRDA:11,1,0,11
BRDA:11,1,1,11
BRDA:12,2,0,11
BRDA:12,2,1,11
BRDA:53,3,0,0
BRDA:53,3,1,0
BRDA:68,4,0,1
BRDA:68,4,1,5
BRDA:71,5,0,1
BRDA:71,5,1,4
BRDA:71,6,0,5
BRDA:71,6,1,5
BRDA:85,7,0,2
BRDA:85,7,1,0
BRDA:102,8,0,1
BRDA:102,8,1,5
BRDA:107,9,0,0
BRDA:107,9,1,1
BRDA:120,10,0,2
BRDA:120,10,1,7
BRDA:162,11,0,1
BRDA:162,11,1,0
BRDA:163,12,0,1
BRDA:163,12,1,0
BRDA:181,13,0,0
BRDA:181,13,1,1
BRDA:196,14,0,0
BRDA:196,14,1,1
BRDA:299,15,0,0
BRDA:299,15,1,1
BRDA:312,16,0,0
BRDA:312,16,1,1
BRDA:330,17,0,0
BRDA:330,17,1,1
BRF:36
BRH:24
end_of_record
TN:
SF:src\middlewares\auth.js
FN:4,(anonymous_0)
FN:26,(anonymous_1)
FN:27,(anonymous_2)
FNF:3
FNH:3
FNDA:180,(anonymous_0)
FNDA:98,(anonymous_1)
FNDA:145,(anonymous_2)
DA:1,7
DA:2,7
DA:4,7
DA:7,180
DA:11,165
DA:12,165
DA:13,165
DA:14,150
DA:15,150
DA:17,15
DA:21,15
DA:22,15
DA:26,7
DA:27,98
DA:28,145
DA:29,0
DA:31,145
DA:32,19
DA:37,126
DA:41,7
LF:20
LH:19
BRDA:7,0,0,165
BRDA:7,0,1,15
BRDA:8,1,0,180
BRDA:8,1,1,166
BRDA:21,2,0,15
BRDA:21,2,1,0
BRDA:28,3,0,0
BRDA:28,3,1,145
BRDA:31,4,0,19
BRDA:31,4,1,126
BRF:10
BRH:8
end_of_record
TN:
SF:src\middlewares\validators.js
FN:4,(anonymous_0)
FN:10,(anonymous_1)
FNF:2
FNH:2
FNDA:135,(anonymous_0)
FNDA:59,(anonymous_1)
DA:1,7
DA:4,7
DA:5,135
DA:6,135
DA:7,33
DA:10,59
DA:13,102
DA:17,7
DA:29,7
DA:43,7
DA:57,7
DA:71,7
DA:88,7
DA:102,7
DA:116,7
DA:130,7
DA:146,7
LF:17
LH:17
BRDA:6,0,0,33
BRDA:6,0,1,102
BRF:2
BRH:2
end_of_record
TN:
SF:src\models\Caseta.js
FNF:0
FNH:0
DA:1,7
DA:3,7
DA:37,7
LF:3
LH:3
BRF:0
BRH:0
end_of_record
TN:
SF:src\models\Concert.js
FNF:0
FNH:0
DA:1,7
DA:3,7
DA:33,7
LF:3
LH:3
BRF:0
BRH:0
end_of_record
TN:
SF:src\models\Fair.js
FNF:0
FNH:0
DA:1,7
DA:3,7
DA:36,7
LF:3
LH:3
BRF:0
BRH:0
end_of_record
TN:
SF:src\models\Menu.js
FNF:0
FNH:0
DA:1,7
DA:3,7
DA:29,7
LF:3
LH:3
BRF:0
BRH:0
end_of_record
TN:
SF:src\routes\authRoutes.js
FNF:0
FNH:0
DA:1,7
DA:2,7
DA:3,7
DA:4,7
DA:5,7
DA:30,7
DA:46,7
DA:48,7
LF:8
LH:8
BRF:0
BRH:0
end_of_record
TN:
SF:src\routes\casetaRoutes.js
FNF:0
FNH:0
DA:1,7
DA:2,7
DA:11,7
DA:12,7
DA:13,7
DA:14,7
DA:26,7
DA:38,7
DA:50,7
DA:62,7
DA:76,7
DA:88,7
DA:100,7
DA:118,7
DA:138,7
DA:158,7
DA:176,7
DA:196,7
DA:216,7
DA:234,7
DA:252,7
DA:270,7
DA:288,7
DA:311,7
DA:329,7
DA:347,7
DA:367,7
DA:383,7
DA:405,7
DA:427,7
DA:429,7
LF:31
LH:31
BRF:0
BRH:0
end_of_record
TN:
SF:src\routes\concertRoutes.js
FNF:0
FNH:0
DA:1,7
DA:2,7
DA:8,7
DA:9,7
DA:10,7
DA:22,7
DA:34,7
DA:55,7
DA:67,7
DA:79,7
DA:91,7
DA:103,7
DA:121,7
DA:139,7
DA:157,7
DA:190,7
DA:212,7
DA:252,7
DA:272,7
DA:292,7
DA:312,7
DA:314,7
DA:316,7
LF:23
LH:23
BRF:0
BRH:0
end_of_record
TN:
SF:src\routes\fairRoutes.js
FNF:0
FNH:0
DA:1,7
DA:2,7
DA:9,7
DA:10,7
DA:11,7
DA:23,7
DA:35,7
DA:49,7
DA:70,7
DA:82,7
DA:94,7
DA:112,7
DA:132,7
DA:152,7
DA:170,7
DA:188,7
DA:211,7
DA:229,7
DA:247,7
DA:267,7
DA:287,7
DA:320,7
DA:342,7
DA:364,7
DA:366,7
LF:25
LH:25
BRF:0
BRH:0
end_of_record
TN:
SF:src\routes\menuRoutes.js
FNF:0
FNH:0
DA:1,7
DA:2,7
DA:8,7
DA:9,7
DA:10,7
DA:22,7
DA:34,7
DA:55,7
DA:69,7
DA:83,7
DA:95,7
DA:107,7
DA:119,7
DA:137,7
DA:155,7
DA:186,7
DA:224,7
DA:246,7
DA:286,7
DA:306,7
DA:326,7
DA:328,7
DA:330,7
LF:23
LH:23
BRF:0
BRH:0
end_of_record
TN:
SF:src\routes\publishRoutes.js
FNF:0
FNH:0
DA:1,7
DA:2,7
DA:3,7
DA:4,7
DA:22,7
DA:24,7
LF:6
LH:6
BRF:0
BRH:0
end_of_record
TN:
SF:src\routes\statsRoutes.js
FNF:0
FNH:0
DA:1,7
DA:2,7
DA:3,7
DA:5,7
DA:7,7
LF:5
LH:5
BRF:0
BRH:0
end_of_record
